12.3571 	INFO 	Loaded monitor calibration from ['2025_08_11 19:48']
12.3854 	WARNING 	User requested fullscreen with size [1024  768], but screen is actually [1920, 1080]. Using actual size
12.8850 	INFO 	Using renderer 'AMD Radeon(TM) Graphics' for graphics
12.8850 	INFO 	OpenGL version supported by driver is 4..
12.9758 	EXP 	Created window1 = Window(allowGUI=False, allowStencil=False, autoLog=True, backendConf=UNKNOWN, backgroundFit=<method-wrapper '__getattribute__' of attributeSetter object at 0x00000168D2834400>, backgroundImage=<method-wrapper '__getattribute__' of attributeSetter object at 0x00000168D28343A0>, bitsMode=UNKNOWN, blendMode='avg', bpc=(8, 8, 8), color=array([0, 0, 0]), colorSpace='rgb', depthBits=8, fullscr=True, gamma=None, gammaErrorPolicy='raise', infoMsg=UNKNOWN, lms=UNKNOWN, monitor=<psychopy.monitors.calibTools.Monitor object at 0x00000168D28E9C60>, multiSample=False, name='window1', numSamples=2, pos=[np.float64(0.0), np.float64(0.0)], screen=0, size=array([1920, 1080]), stencilBits=0, stereo=False, title='PsychoPy', units='height', useFBO=True, useRetina=False, viewOri=0.0, viewPos=None, viewScale=None, waitBlanking=True, winType='pyglet')
12.9760 	EXP 	window1: backgroundImage = ''
12.9761 	EXP 	window1: backgroundFit = 'none'
13.8139 	EXP 	window1: Attempting to measure frame rate of screen (0) ...
13.8140 	EXP 	window1: recordFrameIntervals = False
14.0661 	EXP 	window1: recordFrameIntervals = True
14.2502 	EXP 	Screen (0) actual frame rate measured at 59.93Hz
14.2502 	EXP 	window1: recordFrameIntervals = False
14.4549 	INFO 	keyboard.Keyboard is using ptb backend.
14.4552 	INFO 	keyboard.Keyboard is using ptb backend.
14.4552 	EXP 	stroop: status = STARTED
14.5954 	EXP 	Created text_2 = TextStim(__class__=<class 'psychopy.visual.text.TextStim'>, alignHoriz=method-wrapper(...), alignText='center', alignVert=method-wrapper(...), anchorHoriz='center', anchorVert='center', antialias=True, autoDraw=False, autoLog=True, bold=False, color=array([1., 1., 1.]), colorSpace='rgb', contrast=1.0, depth=0.0, draggable=False, flipHoriz=False, flipVert=False, font='Arial', fontFiles=[], height=np.float64(0.05), italic=False, languageStyle='LTR', name='text_2', opacity=1, ori=0.0, pos=array([0., 0.]), rgb=UNKNOWN, text='WELCOME ', units='height', win=Window(...), wrapWidth=1)
14.6065 	EXP 	Created fixation = ShapeStim(__class__=<class 'psychopy.visual.shape.ShapeStim'>, anchor=('center', 'center'), autoDraw=False, autoLog=True, closeShape=True, color=method-wrapper(...), colorSpace='rgb', contrast=None, depth=0.0, draggable=False, fillColor=array([1, 1, 1]), fillColorSpace='rgb', fillRGB=array([1, 1, 1]), interpolate=True, lineColor=array([1., 1., 1.]), lineColorSpace='rgb', lineRGB=array([1, 1, 1]), lineWidth=1.0, name='fixation', opacity=1, ori=0.0, pos=array([0., 0.]), size=array([10., 10.]), units='pix', vertices=ndarray(...), win=Window(...), windingRule=None)
14.6084 	EXP 	Created text = TextStim(__class__=<class 'psychopy.visual.text.TextStim'>, alignHoriz=method-wrapper(...), alignText='center', alignVert=method-wrapper(...), anchorHoriz='center', anchorVert='center', antialias=True, autoDraw=False, autoLog=True, bold=False, color=array([1., 1., 1.]), colorSpace='rgb', contrast=1.0, depth=-1.0, draggable=False, flipHoriz=False, flipVert=False, font='Arial', fontFiles=[], height=0.05, italic=False, languageStyle='LTR', name='text', opacity=1, ori=0.0, pos=array([0., 0.]), rgb=UNKNOWN, text='', units='height', win=Window(...), wrapWidth=1)
14.6294 	EXP 	Created text_3 = TextStim(__class__=<class 'psychopy.visual.text.TextStim'>, alignHoriz=method-wrapper(...), alignText='center', alignVert=method-wrapper(...), anchorHoriz='center', anchorVert='center', antialias=True, autoDraw=False, autoLog=True, bold=False, color=array([1., 1., 1.]), colorSpace='rgb', contrast=1.0, depth=0.0, draggable=False, flipHoriz=False, flipVert=False, font='Arial', fontFiles=[], height=np.float64(0.05), italic=False, languageStyle='LTR', name='text_3', opacity=1, ori=0.0, pos=array([0., 0.]), rgb=UNKNOWN, text='THANK YOU!\n', units='height', win=Window(...), wrapWidth=1)
0.0209 	EXP 	text_2: autoDraw = True
1.0156 	EXP 	Imported conditions.xlsx as conditions, 4 conditions, 4 params
1.0208 	EXP 	New trial (rep=0, index=0): <Trial 0 (0 in rep 0) data={'word': 'RED', 'colour': 'red', 'stim_condition': 'C', 'correct_res': 'r', 'thisN': 0, 'thisTrialN': 0, 'thisRepN': 0}>
1.0406 	EXP 	text_2: autoDraw = False
1.0406 	EXP 	text: foreColor = <psychopy.colors.Color: red, alpha=1.0>
1.0406 	EXP 	text: height = np.float64(0.05)
1.0406 	EXP 	text: height = np.float64(0.05)
1.0406 	EXP 	text: height = np.float64(0.05)
1.0406 	EXP 	text: text = 'RED'
1.0406 	EXP 	fixation: autoDraw = True
1.5035 	INFO 	Keyboard events cleared
1.5033 	EXP 	fixation: autoDraw = False
1.5033 	EXP 	text: autoDraw = True
2.3920 	EXP 	Device response: <KeyPress from None: t=2.2889404000000013, value=r, duration=None>
2.3925 	EXP 	New trial (rep=0, index=1): <Trial 1 (1 in rep 0) data={'word': 'BLUE ', 'colour': 'blue', 'stim_condition': 'C', 'correct_res': 'b', 'thisN': 1, 'thisTrialN': 1, 'thisRepN': 0}>
2.4026 	DATA 	Keypress: r
2.4104 	EXP 	fixation: autoDraw = False
2.4104 	EXP 	text: autoDraw = False
2.4104 	EXP 	text: foreColor = <psychopy.colors.Color: blue, alpha=1.0>
2.4104 	EXP 	text: height = np.float64(0.05)
2.4104 	EXP 	text: height = np.float64(0.05)
2.4104 	EXP 	text: height = np.float64(0.05)
2.4104 	EXP 	text: text = 'BLUE '
2.4104 	EXP 	fixation: autoDraw = True
2.5544 	EXP 	Device response: <KeyPress from None: t=2.2889404000000013, value=r, duration=0.2624298000000067>
2.9029 	INFO 	Keyboard events cleared
2.9028 	EXP 	fixation: autoDraw = False
2.9028 	EXP 	text: autoDraw = True
3.5527 	EXP 	Device response: <KeyPress from None: t=3.5405552000000284, value=b, duration=None>
3.5530 	EXP 	New trial (rep=0, index=2): <Trial 2 (2 in rep 0) data={'word': 'RED', 'colour': 'blue', 'stim_condition': 'I', 'correct_res': 'b', 'thisN': 2, 'thisTrialN': 2, 'thisRepN': 0}>
3.5572 	DATA 	Keypress: b
3.5694 	EXP 	fixation: autoDraw = False
3.5694 	EXP 	text: autoDraw = False
3.5694 	EXP 	text: foreColor = <psychopy.colors.Color: blue, alpha=1.0>
3.5694 	EXP 	text: height = np.float64(0.05)
3.5694 	EXP 	text: height = np.float64(0.05)
3.5694 	EXP 	text: height = np.float64(0.05)
3.5694 	EXP 	text: text = 'RED'
3.5694 	EXP 	fixation: autoDraw = True
3.6865 	EXP 	Device response: <KeyPress from None: t=3.5405552000000284, value=b, duration=0.13023569999995743>
4.0523 	INFO 	Keyboard events cleared
4.0521 	EXP 	fixation: autoDraw = False
4.0521 	EXP 	text: autoDraw = True
4.9208 	EXP 	Device response: <KeyPress from None: t=4.909218899999985, value=b, duration=None>
4.9212 	EXP 	New trial (rep=0, index=3): <Trial 3 (3 in rep 0) data={'word': 'BLUE ', 'colour': 'red', 'stim_condition': 'I', 'correct_res': 'r', 'thisN': 3, 'thisTrialN': 3, 'thisRepN': 0}>
4.9283 	DATA 	Keypress: b
4.9357 	EXP 	fixation: autoDraw = False
4.9357 	EXP 	text: autoDraw = False
4.9357 	EXP 	text: foreColor = <psychopy.colors.Color: red, alpha=1.0>
4.9357 	EXP 	text: height = np.float64(0.05)
4.9357 	EXP 	text: height = np.float64(0.05)
4.9357 	EXP 	text: height = np.float64(0.05)
4.9357 	EXP 	text: text = 'BLUE '
4.9357 	EXP 	fixation: autoDraw = True
5.0352 	EXP 	Device response: <KeyPress from None: t=4.909218899999985, value=b, duration=0.11248470000003863>
5.4350 	INFO 	Keyboard events cleared
5.4349 	EXP 	fixation: autoDraw = False
5.4349 	EXP 	text: autoDraw = True
6.1520 	EXP 	Device response: <KeyPress from None: t=6.148054100000024, value=r, duration=None>
6.1524 	EXP 	New trial (rep=1, index=0): <Trial 4 (0 in rep 1) data={'word': 'RED', 'colour': 'blue', 'stim_condition': 'I', 'correct_res': 'b', 'thisN': 4, 'thisTrialN': 0, 'thisRepN': 1}>
6.1574 	DATA 	Keypress: r
6.1681 	EXP 	fixation: autoDraw = False
6.1681 	EXP 	text: autoDraw = False
6.1681 	EXP 	text: foreColor = <psychopy.colors.Color: blue, alpha=1.0>
6.1681 	EXP 	text: height = np.float64(0.05)
6.1681 	EXP 	text: height = np.float64(0.05)
6.1681 	EXP 	text: height = np.float64(0.05)
6.1681 	EXP 	text: text = 'RED'
6.1681 	EXP 	fixation: autoDraw = True
6.2854 	EXP 	Device response: <KeyPress from None: t=6.148054100000024, value=r, duration=0.13348839999997608>
6.6522 	INFO 	Keyboard events cleared
6.6521 	EXP 	fixation: autoDraw = False
6.6521 	EXP 	text: autoDraw = True
7.2685 	EXP 	Device response: <KeyPress from None: t=7.260227400000019, value=b, duration=None>
7.2689 	EXP 	New trial (rep=1, index=1): <Trial 5 (1 in rep 1) data={'word': 'BLUE ', 'colour': 'red', 'stim_condition': 'I', 'correct_res': 'r', 'thisN': 5, 'thisTrialN': 1, 'thisRepN': 1}>
7.2749 	DATA 	Keypress: b
7.2855 	EXP 	fixation: autoDraw = False
7.2855 	EXP 	text: autoDraw = False
7.2855 	EXP 	text: foreColor = <psychopy.colors.Color: red, alpha=1.0>
7.2855 	EXP 	text: height = np.float64(0.05)
7.2855 	EXP 	text: height = np.float64(0.05)
7.2855 	EXP 	text: height = np.float64(0.05)
7.2855 	EXP 	text: text = 'BLUE '
7.2855 	EXP 	fixation: autoDraw = True
7.3856 	EXP 	Device response: <KeyPress from None: t=7.260227400000019, value=b, duration=0.11492640000000165>
7.7697 	INFO 	Keyboard events cleared
7.7695 	EXP 	fixation: autoDraw = False
7.7695 	EXP 	text: autoDraw = True
8.6032 	EXP 	Device response: <KeyPress from None: t=8.589361300000007, value=r, duration=None>
8.6036 	EXP 	New trial (rep=1, index=2): <Trial 6 (2 in rep 1) data={'word': 'BLUE ', 'colour': 'blue', 'stim_condition': 'C', 'correct_res': 'b', 'thisN': 6, 'thisTrialN': 2, 'thisRepN': 1}>
8.6059 	DATA 	Keypress: r
8.6197 	EXP 	fixation: autoDraw = False
8.6197 	EXP 	text: autoDraw = False
8.6197 	EXP 	text: foreColor = <psychopy.colors.Color: blue, alpha=1.0>
8.6197 	EXP 	text: text = 'BLUE '
8.6197 	EXP 	fixation: autoDraw = True
8.7527 	EXP 	Device response: <KeyPress from None: t=8.589361300000007, value=r, duration=0.15278269999998884>
9.1184 	INFO 	Keyboard events cleared
9.1182 	EXP 	fixation: autoDraw = False
9.1182 	EXP 	text: autoDraw = True
9.7516 	EXP 	Device response: <KeyPress from None: t=9.744034199999987, value=b, duration=None>
9.7519 	EXP 	New trial (rep=1, index=3): <Trial 7 (3 in rep 1) data={'word': 'RED', 'colour': 'red', 'stim_condition': 'C', 'correct_res': 'r', 'thisN': 7, 'thisTrialN': 3, 'thisRepN': 1}>
9.7568 	DATA 	Keypress: b
9.7685 	EXP 	fixation: autoDraw = False
9.7685 	EXP 	text: autoDraw = False
9.7685 	EXP 	text: foreColor = <psychopy.colors.Color: red, alpha=1.0>
9.7685 	EXP 	text: height = np.float64(0.05)
9.7685 	EXP 	text: height = np.float64(0.05)
9.7685 	EXP 	text: height = np.float64(0.05)
9.7685 	EXP 	text: text = 'RED'
9.7685 	EXP 	fixation: autoDraw = True
9.8690 	EXP 	Device response: <KeyPress from None: t=9.744034199999987, value=b, duration=0.11057440000001861>
10.2517 	INFO 	Keyboard events cleared
10.2516 	EXP 	fixation: autoDraw = False
10.2516 	EXP 	text: autoDraw = True
10.7518 	EXP 	Device response: <KeyPress from None: t=10.744213699999989, value=r, duration=None>
10.7522 	EXP 	New trial (rep=2, index=0): <Trial 8 (0 in rep 2) data={'word': 'RED', 'colour': 'red', 'stim_condition': 'C', 'correct_res': 'r', 'thisN': 8, 'thisTrialN': 0, 'thisRepN': 2}>
10.7541 	DATA 	Keypress: r
10.7680 	EXP 	fixation: autoDraw = False
10.7680 	EXP 	text: autoDraw = False
10.7680 	EXP 	text: foreColor = <psychopy.colors.Color: red, alpha=1.0>
10.7680 	EXP 	text: text = 'RED'
10.7680 	EXP 	fixation: autoDraw = True
10.9020 	EXP 	Device response: <KeyPress from None: t=10.744213699999989, value=r, duration=0.1569322000000284>
11.2515 	INFO 	Keyboard events cleared
11.2514 	EXP 	fixation: autoDraw = False
11.2514 	EXP 	text: autoDraw = True
11.8853 	EXP 	Device response: <KeyPress from None: t=11.873109, value=r, duration=None>
11.8856 	EXP 	New trial (rep=2, index=1): <Trial 9 (1 in rep 2) data={'word': 'BLUE ', 'colour': 'blue', 'stim_condition': 'C', 'correct_res': 'b', 'thisN': 9, 'thisTrialN': 1, 'thisRepN': 2}>
11.8909 	DATA 	Keypress: r
11.9017 	EXP 	fixation: autoDraw = False
11.9017 	EXP 	text: autoDraw = False
11.9017 	EXP 	text: foreColor = <psychopy.colors.Color: blue, alpha=1.0>
11.9017 	EXP 	text: height = np.float64(0.05)
11.9017 	EXP 	text: height = np.float64(0.05)
11.9017 	EXP 	text: height = np.float64(0.05)
11.9017 	EXP 	text: text = 'BLUE '
11.9017 	EXP 	fixation: autoDraw = True
12.0364 	EXP 	Device response: <KeyPress from None: t=11.873109, value=r, duration=0.150448200000028>
12.3852 	INFO 	Keyboard events cleared
12.3850 	EXP 	fixation: autoDraw = False
12.3850 	EXP 	text: autoDraw = True
13.0693 	EXP 	Device response: <KeyPress from None: t=13.064040900000009, value=b, duration=None>
13.0697 	EXP 	New trial (rep=2, index=2): <Trial 10 (2 in rep 2) data={'word': 'BLUE ', 'colour': 'red', 'stim_condition': 'I', 'correct_res': 'r', 'thisN': 10, 'thisTrialN': 2, 'thisRepN': 2}>
13.0717 	DATA 	Keypress: b
13.0855 	EXP 	fixation: autoDraw = False
13.0855 	EXP 	text: autoDraw = False
13.0855 	EXP 	text: foreColor = <psychopy.colors.Color: red, alpha=1.0>
13.0855 	EXP 	text: text = 'BLUE '
13.0855 	EXP 	fixation: autoDraw = True
13.2030 	EXP 	Device response: <KeyPress from None: t=13.064040900000009, value=b, duration=0.13649550000002364>
13.5686 	INFO 	Keyboard events cleared
13.5684 	EXP 	fixation: autoDraw = False
13.5684 	EXP 	text: autoDraw = True
14.1698 	DATA 	Keypress: r
14.1856 	EXP 	Device response: <KeyPress from None: t=14.168335100000036, value=r, duration=None>
14.1860 	EXP 	New trial (rep=2, index=3): <Trial 11 (3 in rep 2) data={'word': 'RED', 'colour': 'blue', 'stim_condition': 'I', 'correct_res': 'b', 'thisN': 11, 'thisTrialN': 3, 'thisRepN': 2}>
14.2017 	EXP 	fixation: autoDraw = False
14.2017 	EXP 	text: autoDraw = False
14.2017 	EXP 	text: foreColor = <psychopy.colors.Color: blue, alpha=1.0>
14.2017 	EXP 	text: height = np.float64(0.05)
14.2017 	EXP 	text: height = np.float64(0.05)
14.2017 	EXP 	text: height = np.float64(0.05)
14.2017 	EXP 	text: text = 'RED'
14.2017 	EXP 	fixation: autoDraw = True
14.2690 	EXP 	Device response: <KeyPress from None: t=14.168335100000036, value=r, duration=0.0895736999999599>
14.7020 	INFO 	Keyboard events cleared
14.7019 	EXP 	fixation: autoDraw = False
14.7019 	EXP 	text: autoDraw = True
15.3208 	EXP 	Device response: <KeyPress from None: t=15.310155899999984, value=b, duration=None>
15.3211 	EXP 	New trial (rep=3, index=0): <Trial 12 (0 in rep 3) data={'word': 'RED', 'colour': 'red', 'stim_condition': 'C', 'correct_res': 'r', 'thisN': 12, 'thisTrialN': 0, 'thisRepN': 3}>
15.3229 	DATA 	Keypress: b
15.3364 	EXP 	fixation: autoDraw = False
15.3364 	EXP 	text: autoDraw = False
15.3364 	EXP 	text: foreColor = <psychopy.colors.Color: red, alpha=1.0>
15.3364 	EXP 	text: text = 'RED'
15.3364 	EXP 	fixation: autoDraw = True
15.4375 	EXP 	Device response: <KeyPress from None: t=15.310155899999984, value=b, duration=0.12596520000005285>
15.8200 	INFO 	Keyboard events cleared
15.8198 	EXP 	fixation: autoDraw = False
15.8198 	EXP 	text: autoDraw = True
16.9875 	EXP 	Device response: <KeyPress from None: t=16.982680800000026, value=r, duration=None>
16.9878 	EXP 	New trial (rep=3, index=1): <Trial 13 (1 in rep 3) data={'word': 'BLUE ', 'colour': 'red', 'stim_condition': 'I', 'correct_res': 'r', 'thisN': 13, 'thisTrialN': 1, 'thisRepN': 3}>
16.9923 	DATA 	Keypress: r
17.0033 	EXP 	fixation: autoDraw = False
17.0033 	EXP 	text: autoDraw = False
17.0033 	EXP 	text: foreColor = <psychopy.colors.Color: red, alpha=1.0>
17.0033 	EXP 	text: height = np.float64(0.05)
17.0033 	EXP 	text: height = np.float64(0.05)
17.0033 	EXP 	text: height = np.float64(0.05)
17.0033 	EXP 	text: text = 'BLUE '
17.0033 	EXP 	fixation: autoDraw = True
17.1047 	EXP 	Device response: <KeyPress from None: t=16.982680800000026, value=r, duration=0.11699989999999616>
17.5042 	INFO 	Keyboard events cleared
17.5040 	EXP 	fixation: autoDraw = False
17.5040 	EXP 	text: autoDraw = True
18.4038 	EXP 	Device response: <KeyPress from None: t=18.39341669999999, value=r, duration=None>
18.4042 	EXP 	New trial (rep=3, index=2): <Trial 14 (2 in rep 3) data={'word': 'RED', 'colour': 'blue', 'stim_condition': 'I', 'correct_res': 'b', 'thisN': 14, 'thisTrialN': 2, 'thisRepN': 3}>
18.4081 	DATA 	Keypress: r
18.4204 	EXP 	fixation: autoDraw = False
18.4204 	EXP 	text: autoDraw = False
18.4204 	EXP 	text: foreColor = <psychopy.colors.Color: blue, alpha=1.0>
18.4204 	EXP 	text: height = np.float64(0.05)
18.4204 	EXP 	text: height = np.float64(0.05)
18.4204 	EXP 	text: height = np.float64(0.05)
18.4204 	EXP 	text: text = 'RED'
18.4204 	EXP 	fixation: autoDraw = True
18.5202 	EXP 	Device response: <KeyPress from None: t=18.39341669999999, value=r, duration=0.11886550000002671>
18.9035 	INFO 	Keyboard events cleared
18.9034 	EXP 	fixation: autoDraw = False
18.9034 	EXP 	text: autoDraw = True
19.5370 	EXP 	Device response: <KeyPress from None: t=19.529297900000017, value=b, duration=None>
19.5373 	EXP 	New trial (rep=3, index=3): <Trial 15 (3 in rep 3) data={'word': 'BLUE ', 'colour': 'blue', 'stim_condition': 'C', 'correct_res': 'b', 'thisN': 15, 'thisTrialN': 3, 'thisRepN': 3}>
19.5416 	DATA 	Keypress: b
19.5530 	EXP 	fixation: autoDraw = False
19.5530 	EXP 	text: autoDraw = False
19.5530 	EXP 	text: foreColor = <psychopy.colors.Color: blue, alpha=1.0>
19.5530 	EXP 	text: height = np.float64(0.05)
19.5530 	EXP 	text: height = np.float64(0.05)
19.5530 	EXP 	text: height = np.float64(0.05)
19.5530 	EXP 	text: text = 'BLUE '
19.5530 	EXP 	fixation: autoDraw = True
19.6544 	EXP 	Device response: <KeyPress from None: t=19.529297900000017, value=b, duration=0.12404709999998431>
20.0370 	INFO 	Keyboard events cleared
20.0369 	EXP 	fixation: autoDraw = False
20.0369 	EXP 	text: autoDraw = True
20.5039 	EXP 	Device response: <KeyPress from None: t=20.495650100000034, value=b, duration=None>
20.5043 	EXP 	New trial (rep=4, index=0): <Trial 16 (0 in rep 4) data={'word': 'BLUE ', 'colour': 'blue', 'stim_condition': 'C', 'correct_res': 'b', 'thisN': 16, 'thisTrialN': 0, 'thisRepN': 4}>
20.5060 	DATA 	Keypress: b
20.5197 	EXP 	fixation: autoDraw = False
20.5197 	EXP 	text: autoDraw = False
20.5197 	EXP 	text: foreColor = <psychopy.colors.Color: blue, alpha=1.0>
20.5197 	EXP 	text: text = 'BLUE '
20.5197 	EXP 	fixation: autoDraw = True
20.6368 	EXP 	Device response: <KeyPress from None: t=20.495650100000034, value=b, duration=0.13077949999996008>
21.0034 	INFO 	Keyboard events cleared
21.0032 	EXP 	fixation: autoDraw = False
21.0032 	EXP 	text: autoDraw = True
21.6702 	EXP 	Device response: <KeyPress from None: t=21.663408800000013, value=b, duration=None>
21.6705 	EXP 	New trial (rep=4, index=1): <Trial 17 (1 in rep 4) data={'word': 'RED', 'colour': 'red', 'stim_condition': 'C', 'correct_res': 'r', 'thisN': 17, 'thisTrialN': 1, 'thisRepN': 4}>
21.6745 	DATA 	Keypress: b
21.6867 	EXP 	fixation: autoDraw = False
21.6867 	EXP 	text: autoDraw = False
21.6867 	EXP 	text: foreColor = <psychopy.colors.Color: red, alpha=1.0>
21.6867 	EXP 	text: height = np.float64(0.05)
21.6867 	EXP 	text: height = np.float64(0.05)
21.6867 	EXP 	text: height = np.float64(0.05)
21.6867 	EXP 	text: text = 'RED'
21.6867 	EXP 	fixation: autoDraw = True
21.8210 	EXP 	Device response: <KeyPress from None: t=21.663408800000013, value=b, duration=0.14073009999998476>
22.1710 	INFO 	Keyboard events cleared
22.1708 	EXP 	fixation: autoDraw = False
22.1708 	EXP 	text: autoDraw = True
22.9373 	EXP 	Device response: <KeyPress from None: t=22.925965700000006, value=r, duration=None>
22.9376 	EXP 	New trial (rep=4, index=2): <Trial 18 (2 in rep 4) data={'word': 'RED', 'colour': 'blue', 'stim_condition': 'I', 'correct_res': 'b', 'thisN': 18, 'thisTrialN': 2, 'thisRepN': 4}>
22.9394 	DATA 	Keypress: r
22.9530 	EXP 	fixation: autoDraw = False
22.9530 	EXP 	text: autoDraw = False
22.9530 	EXP 	text: foreColor = <psychopy.colors.Color: blue, alpha=1.0>
22.9530 	EXP 	text: text = 'RED'
22.9530 	EXP 	fixation: autoDraw = True
23.0202 	EXP 	Device response: <KeyPress from None: t=22.925965700000006, value=r, duration=0.07953450000002249>
23.4380 	INFO 	Keyboard events cleared
23.4377 	EXP 	fixation: autoDraw = False
23.4377 	EXP 	text: autoDraw = True
24.2871 	EXP 	Device response: <KeyPress from None: t=24.27658389999999, value=b, duration=None>
24.2874 	EXP 	New trial (rep=4, index=3): <Trial 19 (3 in rep 4) data={'word': 'BLUE ', 'colour': 'red', 'stim_condition': 'I', 'correct_res': 'r', 'thisN': 19, 'thisTrialN': 3, 'thisRepN': 4}>
24.2932 	DATA 	Keypress: b
24.3031 	EXP 	fixation: autoDraw = False
24.3031 	EXP 	text: autoDraw = False
24.3031 	EXP 	text: foreColor = <psychopy.colors.Color: red, alpha=1.0>
24.3031 	EXP 	text: height = np.float64(0.05)
24.3031 	EXP 	text: height = np.float64(0.05)
24.3031 	EXP 	text: height = np.float64(0.05)
24.3031 	EXP 	text: text = 'BLUE '
24.3031 	EXP 	fixation: autoDraw = True
24.3870 	EXP 	Device response: <KeyPress from None: t=24.27658389999999, value=b, duration=0.10688100000004397>
24.7871 	INFO 	Keyboard events cleared
24.7869 	EXP 	fixation: autoDraw = False
24.7869 	EXP 	text: autoDraw = True
25.2876 	EXP 	Device response: <KeyPress from None: t=25.27705609999998, value=r, duration=None>
25.2879 	EXP 	New trial (rep=5, index=0): <Trial 20 (0 in rep 5) data={'word': 'BLUE ', 'colour': 'blue', 'stim_condition': 'C', 'correct_res': 'b', 'thisN': 20, 'thisTrialN': 0, 'thisRepN': 5}>
25.2897 	DATA 	Keypress: r
25.3032 	EXP 	fixation: autoDraw = False
25.3032 	EXP 	text: autoDraw = False
25.3032 	EXP 	text: foreColor = <psychopy.colors.Color: blue, alpha=1.0>
25.3032 	EXP 	text: text = 'BLUE '
25.3032 	EXP 	fixation: autoDraw = True
25.3870 	EXP 	Device response: <KeyPress from None: t=25.27705609999998, value=r, duration=0.10732670000004418>
25.8040 	INFO 	Keyboard events cleared
25.8038 	EXP 	fixation: autoDraw = False
25.8038 	EXP 	text: autoDraw = True
26.4709 	EXP 	Device response: <KeyPress from None: t=26.464635999999985, value=b, duration=None>
26.4713 	EXP 	New trial (rep=5, index=1): <Trial 21 (1 in rep 5) data={'word': 'BLUE ', 'colour': 'red', 'stim_condition': 'I', 'correct_res': 'r', 'thisN': 21, 'thisTrialN': 1, 'thisRepN': 5}>
26.4732 	DATA 	Keypress: b
26.4871 	EXP 	fixation: autoDraw = False
26.4871 	EXP 	text: autoDraw = False
26.4871 	EXP 	text: foreColor = <psychopy.colors.Color: red, alpha=1.0>
26.4871 	EXP 	text: text = 'BLUE '
26.4871 	EXP 	fixation: autoDraw = True
26.6043 	EXP 	Device response: <KeyPress from None: t=26.464635999999985, value=b, duration=0.13882090000004155>
26.9871 	INFO 	Keyboard events cleared
26.9870 	EXP 	fixation: autoDraw = False
26.9870 	EXP 	text: autoDraw = True
27.7041 	EXP 	Device response: <KeyPress from None: t=27.68964360000001, value=r, duration=None>
27.7045 	EXP 	New trial (rep=5, index=2): <Trial 22 (2 in rep 5) data={'word': 'RED', 'colour': 'blue', 'stim_condition': 'I', 'correct_res': 'b', 'thisN': 22, 'thisTrialN': 2, 'thisRepN': 5}>
27.7084 	DATA 	Keypress: r
27.7193 	EXP 	fixation: autoDraw = False
27.7193 	EXP 	text: autoDraw = False
27.7193 	EXP 	text: foreColor = <psychopy.colors.Color: blue, alpha=1.0>
27.7193 	EXP 	text: height = np.float64(0.05)
27.7193 	EXP 	text: height = np.float64(0.05)
27.7193 	EXP 	text: height = np.float64(0.05)
27.7193 	EXP 	text: text = 'RED'
27.7193 	EXP 	fixation: autoDraw = True
27.8712 	EXP 	Device response: <KeyPress from None: t=27.68964360000001, value=r, duration=0.16481809999999086>
28.2036 	INFO 	Keyboard events cleared
28.2034 	EXP 	fixation: autoDraw = False
28.2034 	EXP 	text: autoDraw = True
28.7380 	EXP 	Device response: <KeyPress from None: t=28.735115000000008, value=b, duration=None>
28.7384 	EXP 	New trial (rep=5, index=3): <Trial 23 (3 in rep 5) data={'word': 'RED', 'colour': 'red', 'stim_condition': 'C', 'correct_res': 'r', 'thisN': 23, 'thisTrialN': 3, 'thisRepN': 5}>
28.7401 	DATA 	Keypress: b
28.7532 	EXP 	fixation: autoDraw = False
28.7532 	EXP 	text: autoDraw = False
28.7532 	EXP 	text: foreColor = <psychopy.colors.Color: red, alpha=1.0>
28.7532 	EXP 	text: text = 'RED'
28.7532 	EXP 	fixation: autoDraw = True
28.8706 	EXP 	Device response: <KeyPress from None: t=28.735115000000008, value=b, duration=0.12925940000002356>
29.2536 	INFO 	Keyboard events cleared
29.2535 	EXP 	fixation: autoDraw = False
29.2535 	EXP 	text: autoDraw = True
29.7870 	EXP 	Device response: <KeyPress from None: t=29.783450099999982, value=r, duration=None>
29.7874 	EXP 	New trial (rep=6, index=0): <Trial 24 (0 in rep 6) data={'word': 'RED', 'colour': 'red', 'stim_condition': 'C', 'correct_res': 'r', 'thisN': 24, 'thisTrialN': 0, 'thisRepN': 6}>
29.7892 	DATA 	Keypress: r
29.8036 	EXP 	fixation: autoDraw = False
29.8036 	EXP 	text: autoDraw = False
29.8036 	EXP 	text: foreColor = <psychopy.colors.Color: red, alpha=1.0>
29.8036 	EXP 	text: text = 'RED'
29.8036 	EXP 	fixation: autoDraw = True
29.9206 	EXP 	Device response: <KeyPress from None: t=29.783450099999982, value=r, duration=0.12536610000000792>
30.3038 	INFO 	Keyboard events cleared
30.3037 	EXP 	fixation: autoDraw = False
30.3037 	EXP 	text: autoDraw = True
30.8208 	EXP 	Device response: <KeyPress from None: t=30.819853300000034, value=r, duration=None>
30.8212 	EXP 	New trial (rep=6, index=1): <Trial 25 (1 in rep 6) data={'word': 'BLUE ', 'colour': 'blue', 'stim_condition': 'C', 'correct_res': 'b', 'thisN': 25, 'thisTrialN': 1, 'thisRepN': 6}>
30.8255 	DATA 	Keypress: r
30.8368 	EXP 	fixation: autoDraw = False
30.8368 	EXP 	text: autoDraw = False
30.8368 	EXP 	text: foreColor = <psychopy.colors.Color: blue, alpha=1.0>
30.8368 	EXP 	text: height = np.float64(0.05)
30.8368 	EXP 	text: height = np.float64(0.05)
30.8368 	EXP 	text: height = np.float64(0.05)
30.8368 	EXP 	text: text = 'BLUE '
30.8368 	EXP 	fixation: autoDraw = True
30.9542 	EXP 	Device response: <KeyPress from None: t=30.819853300000034, value=r, duration=0.12470559999997022>
31.3203 	INFO 	Keyboard events cleared
31.3202 	EXP 	fixation: autoDraw = False
31.3202 	EXP 	text: autoDraw = True
31.8537 	EXP 	Device response: <KeyPress from None: t=31.849849199999994, value=b, duration=None>
31.8540 	EXP 	New trial (rep=6, index=2): <Trial 26 (2 in rep 6) data={'word': 'RED', 'colour': 'blue', 'stim_condition': 'I', 'correct_res': 'b', 'thisN': 26, 'thisTrialN': 2, 'thisRepN': 6}>
31.8579 	DATA 	Keypress: b
31.8699 	EXP 	fixation: autoDraw = False
31.8699 	EXP 	text: autoDraw = False
31.8699 	EXP 	text: foreColor = <psychopy.colors.Color: blue, alpha=1.0>
31.8699 	EXP 	text: height = np.float64(0.05)
31.8699 	EXP 	text: height = np.float64(0.05)
31.8699 	EXP 	text: height = np.float64(0.05)
31.8699 	EXP 	text: text = 'RED'
31.8699 	EXP 	fixation: autoDraw = True
31.9705 	EXP 	Device response: <KeyPress from None: t=31.849849199999994, value=b, duration=0.11880339999999023>
32.3536 	INFO 	Keyboard events cleared
32.3535 	EXP 	fixation: autoDraw = False
32.3535 	EXP 	text: autoDraw = True
33.2867 	EXP 	Device response: <KeyPress from None: t=33.2726715, value=b, duration=None>
33.2870 	EXP 	New trial (rep=6, index=3): <Trial 27 (3 in rep 6) data={'word': 'BLUE ', 'colour': 'red', 'stim_condition': 'I', 'correct_res': 'r', 'thisN': 27, 'thisTrialN': 3, 'thisRepN': 6}>
33.2919 	DATA 	Keypress: b
33.3035 	EXP 	fixation: autoDraw = False
33.3035 	EXP 	text: autoDraw = False
33.3035 	EXP 	text: foreColor = <psychopy.colors.Color: red, alpha=1.0>
33.3035 	EXP 	text: height = np.float64(0.05)
33.3035 	EXP 	text: height = np.float64(0.05)
33.3035 	EXP 	text: height = np.float64(0.05)
33.3035 	EXP 	text: text = 'BLUE '
33.3035 	EXP 	fixation: autoDraw = True
33.3706 	EXP 	Device response: <KeyPress from None: t=33.2726715, value=b, duration=0.08857510000001412>
33.7869 	INFO 	Keyboard events cleared
33.7867 	EXP 	fixation: autoDraw = False
33.7867 	EXP 	text: autoDraw = True
35.1215 	EXP 	Device response: <KeyPress from None: t=35.119639800000016, value=r, duration=None>
35.1219 	EXP 	New trial (rep=7, index=0): <Trial 28 (0 in rep 7) data={'word': 'BLUE ', 'colour': 'blue', 'stim_condition': 'C', 'correct_res': 'b', 'thisN': 28, 'thisTrialN': 0, 'thisRepN': 7}>
35.1235 	DATA 	Keypress: r
35.1369 	EXP 	fixation: autoDraw = False
35.1369 	EXP 	text: autoDraw = False
35.1369 	EXP 	text: foreColor = <psychopy.colors.Color: blue, alpha=1.0>
35.1369 	EXP 	text: text = 'BLUE '
35.1369 	EXP 	fixation: autoDraw = True
35.3033 	EXP 	Device response: <KeyPress from None: t=35.119639800000016, value=r, duration=0.16743750000000546>
35.6371 	INFO 	Keyboard events cleared
35.6369 	EXP 	fixation: autoDraw = False
35.6369 	EXP 	text: autoDraw = True
36.1719 	DATA 	Keypress: b
36.1874 	EXP 	Device response: <KeyPress from None: t=36.17036360000003, value=b, duration=None>
36.1877 	EXP 	New trial (rep=7, index=1): <Trial 29 (1 in rep 7) data={'word': 'BLUE ', 'colour': 'red', 'stim_condition': 'I', 'correct_res': 'r', 'thisN': 29, 'thisTrialN': 1, 'thisRepN': 7}>
36.2037 	EXP 	fixation: autoDraw = False
36.2037 	EXP 	text: autoDraw = False
36.2037 	EXP 	text: foreColor = <psychopy.colors.Color: red, alpha=1.0>
36.2037 	EXP 	text: text = 'BLUE '
36.2037 	EXP 	fixation: autoDraw = True
36.3209 	EXP 	Device response: <KeyPress from None: t=36.17036360000003, value=b, duration=0.1440644999999563>
36.6867 	INFO 	Keyboard events cleared
36.6865 	EXP 	fixation: autoDraw = False
36.6865 	EXP 	text: autoDraw = True
37.2886 	EXP 	Device response: <KeyPress from None: t=37.27923659999999, value=r, duration=None>
37.2891 	EXP 	New trial (rep=7, index=2): <Trial 30 (2 in rep 7) data={'word': 'RED', 'colour': 'blue', 'stim_condition': 'I', 'correct_res': 'b', 'thisN': 30, 'thisTrialN': 2, 'thisRepN': 7}>
37.2940 	DATA 	Keypress: r
37.3031 	EXP 	fixation: autoDraw = False
37.3031 	EXP 	text: autoDraw = False
37.3031 	EXP 	text: foreColor = <psychopy.colors.Color: blue, alpha=1.0>
37.3031 	EXP 	text: height = np.float64(0.05)
37.3031 	EXP 	text: height = np.float64(0.05)
37.3031 	EXP 	text: height = np.float64(0.05)
37.3031 	EXP 	text: text = 'RED'
37.3031 	EXP 	fixation: autoDraw = True
37.4042 	EXP 	Device response: <KeyPress from None: t=37.27923659999999, value=r, duration=0.11878510000002507>
37.8037 	INFO 	Keyboard events cleared
37.8035 	EXP 	fixation: autoDraw = False
37.8035 	EXP 	text: autoDraw = True
39.1040 	EXP 	Device response: <KeyPress from None: t=39.09333409999999, value=b, duration=None>
39.1044 	EXP 	New trial (rep=7, index=3): <Trial 31 (3 in rep 7) data={'word': 'RED', 'colour': 'red', 'stim_condition': 'C', 'correct_res': 'r', 'thisN': 31, 'thisTrialN': 3, 'thisRepN': 7}>
39.1061 	DATA 	Keypress: b
39.1200 	EXP 	fixation: autoDraw = False
39.1200 	EXP 	text: autoDraw = False
39.1200 	EXP 	text: foreColor = <psychopy.colors.Color: red, alpha=1.0>
39.1200 	EXP 	text: text = 'RED'
39.1200 	EXP 	fixation: autoDraw = True
39.1874 	EXP 	Device response: <KeyPress from None: t=39.09333409999999, value=b, duration=0.0775536000000443>
39.6037 	INFO 	Keyboard events cleared
39.6035 	EXP 	fixation: autoDraw = False
39.6035 	EXP 	text: autoDraw = True
40.4206 	EXP 	Device response: <KeyPress from None: t=40.41039519999998, value=r, duration=None>
40.4210 	EXP 	New trial (rep=8, index=0): <Trial 32 (0 in rep 8) data={'word': 'RED', 'colour': 'blue', 'stim_condition': 'I', 'correct_res': 'b', 'thisN': 32, 'thisTrialN': 0, 'thisRepN': 8}>
40.4227 	DATA 	Keypress: r
40.4369 	EXP 	fixation: autoDraw = False
40.4369 	EXP 	text: autoDraw = False
40.4369 	EXP 	text: foreColor = <psychopy.colors.Color: blue, alpha=1.0>
40.4369 	EXP 	text: text = 'RED'
40.4369 	EXP 	fixation: autoDraw = True
40.5210 	EXP 	Device response: <KeyPress from None: t=40.41039519999998, value=r, duration=0.11006470000000945>
40.9203 	INFO 	Keyboard events cleared
40.9201 	EXP 	fixation: autoDraw = False
40.9201 	EXP 	text: autoDraw = True
41.4374 	EXP 	Device response: <KeyPress from None: t=41.42209389999999, value=b, duration=None>
41.4377 	EXP 	New trial (rep=8, index=1): <Trial 33 (1 in rep 8) data={'word': 'RED', 'colour': 'red', 'stim_condition': 'C', 'correct_res': 'r', 'thisN': 33, 'thisTrialN': 1, 'thisRepN': 8}>
41.4395 	DATA 	Keypress: b
41.4535 	EXP 	fixation: autoDraw = False
41.4535 	EXP 	text: autoDraw = False
41.4535 	EXP 	text: foreColor = <psychopy.colors.Color: red, alpha=1.0>
41.4535 	EXP 	text: text = 'RED'
41.4535 	EXP 	fixation: autoDraw = True
41.5874 	EXP 	Device response: <KeyPress from None: t=41.42209389999999, value=b, duration=0.16298100000000204>
41.9368 	INFO 	Keyboard events cleared
41.9366 	EXP 	fixation: autoDraw = False
41.9366 	EXP 	text: autoDraw = True
42.9536 	EXP 	Device response: <KeyPress from None: t=42.94982820000001, value=r, duration=None>
42.9540 	EXP 	New trial (rep=8, index=2): <Trial 34 (2 in rep 8) data={'word': 'BLUE ', 'colour': 'red', 'stim_condition': 'I', 'correct_res': 'r', 'thisN': 34, 'thisTrialN': 2, 'thisRepN': 8}>
42.9584 	DATA 	Keypress: r
42.9702 	EXP 	fixation: autoDraw = False
42.9702 	EXP 	text: autoDraw = False
42.9702 	EXP 	text: foreColor = <psychopy.colors.Color: red, alpha=1.0>
42.9702 	EXP 	text: height = np.float64(0.05)
42.9702 	EXP 	text: height = np.float64(0.05)
42.9702 	EXP 	text: height = np.float64(0.05)
42.9702 	EXP 	text: text = 'BLUE '
42.9702 	EXP 	fixation: autoDraw = True
43.0698 	EXP 	Device response: <KeyPress from None: t=42.94982820000001, value=r, duration=0.10380829999996877>
43.4540 	INFO 	Keyboard events cleared
43.4538 	EXP 	fixation: autoDraw = False
43.4538 	EXP 	text: autoDraw = True
44.4707 	EXP 	Device response: <KeyPress from None: t=44.45989860000003, value=r, duration=None>
44.4711 	EXP 	New trial (rep=8, index=3): <Trial 35 (3 in rep 8) data={'word': 'BLUE ', 'colour': 'blue', 'stim_condition': 'C', 'correct_res': 'b', 'thisN': 35, 'thisTrialN': 3, 'thisRepN': 8}>
44.4728 	DATA 	Keypress: r
44.4869 	EXP 	fixation: autoDraw = False
44.4869 	EXP 	text: autoDraw = False
44.4869 	EXP 	text: foreColor = <psychopy.colors.Color: blue, alpha=1.0>
44.4869 	EXP 	text: text = 'BLUE '
44.4869 	EXP 	fixation: autoDraw = True
44.6037 	EXP 	Device response: <KeyPress from None: t=44.45989860000003, value=r, duration=0.13674589999999398>
45.1015 	INFO 	Keyboard events cleared
45.1014 	EXP 	fixation: autoDraw = False
45.1014 	EXP 	text: autoDraw = True
46.0538 	EXP 	Device response: <KeyPress from None: t=46.04846839999999, value=b, duration=None>
46.0542 	EXP 	New trial (rep=9, index=0): <Trial 36 (0 in rep 9) data={'word': 'BLUE ', 'colour': 'red', 'stim_condition': 'I', 'correct_res': 'r', 'thisN': 36, 'thisTrialN': 0, 'thisRepN': 9}>
46.0559 	DATA 	Keypress: b
46.0702 	EXP 	fixation: autoDraw = False
46.0702 	EXP 	text: autoDraw = False
46.0702 	EXP 	text: foreColor = <psychopy.colors.Color: red, alpha=1.0>
46.0702 	EXP 	text: text = 'BLUE '
46.0702 	EXP 	fixation: autoDraw = True
46.2205 	EXP 	Device response: <KeyPress from None: t=46.04846839999999, value=b, duration=0.16204429999999093>
46.5538 	INFO 	Keyboard events cleared
46.5536 	EXP 	fixation: autoDraw = False
46.5536 	EXP 	text: autoDraw = True
47.3376 	EXP 	Device response: <KeyPress from None: t=47.336415999999986, value=r, duration=None>
47.3380 	EXP 	New trial (rep=9, index=1): <Trial 37 (1 in rep 9) data={'word': 'RED', 'colour': 'blue', 'stim_condition': 'I', 'correct_res': 'b', 'thisN': 37, 'thisTrialN': 1, 'thisRepN': 9}>
47.3421 	DATA 	Keypress: r
47.3533 	EXP 	fixation: autoDraw = False
47.3533 	EXP 	text: autoDraw = False
47.3533 	EXP 	text: foreColor = <psychopy.colors.Color: blue, alpha=1.0>
47.3533 	EXP 	text: height = np.float64(0.05)
47.3533 	EXP 	text: height = np.float64(0.05)
47.3533 	EXP 	text: height = np.float64(0.05)
47.3533 	EXP 	text: text = 'RED'
47.3533 	EXP 	fixation: autoDraw = True
47.5039 	EXP 	Device response: <KeyPress from None: t=47.336415999999986, value=r, duration=0.15739890000003243>
47.8375 	INFO 	Keyboard events cleared
47.8373 	EXP 	fixation: autoDraw = False
47.8373 	EXP 	text: autoDraw = True
48.7540 	EXP 	Device response: <KeyPress from None: t=48.7384672, value=b, duration=None>
48.7544 	EXP 	New trial (rep=9, index=2): <Trial 38 (2 in rep 9) data={'word': 'RED', 'colour': 'red', 'stim_condition': 'C', 'correct_res': 'r', 'thisN': 38, 'thisTrialN': 2, 'thisRepN': 9}>
48.7561 	DATA 	Keypress: b
48.7699 	EXP 	fixation: autoDraw = False
48.7699 	EXP 	text: autoDraw = False
48.7699 	EXP 	text: foreColor = <psychopy.colors.Color: red, alpha=1.0>
48.7699 	EXP 	text: text = 'RED'
48.7699 	EXP 	fixation: autoDraw = True
48.8708 	EXP 	Device response: <KeyPress from None: t=48.7384672, value=b, duration=0.1195385999999985>
49.2536 	INFO 	Keyboard events cleared
49.2534 	EXP 	fixation: autoDraw = False
49.2534 	EXP 	text: autoDraw = True
50.1870 	EXP 	Device response: <KeyPress from None: t=50.177223500000025, value=r, duration=None>
50.1874 	EXP 	New trial (rep=9, index=3): <Trial 39 (3 in rep 9) data={'word': 'BLUE ', 'colour': 'blue', 'stim_condition': 'C', 'correct_res': 'b', 'thisN': 39, 'thisTrialN': 3, 'thisRepN': 9}>
50.1920 	DATA 	Keypress: r
50.2035 	EXP 	fixation: autoDraw = False
50.2035 	EXP 	text: autoDraw = False
50.2035 	EXP 	text: foreColor = <psychopy.colors.Color: blue, alpha=1.0>
50.2035 	EXP 	text: height = np.float64(0.05)
50.2035 	EXP 	text: height = np.float64(0.05)
50.2035 	EXP 	text: height = np.float64(0.05)
50.2035 	EXP 	text: text = 'BLUE '
50.2035 	EXP 	fixation: autoDraw = True
50.3032 	EXP 	Device response: <KeyPress from None: t=50.177223500000025, value=r, duration=0.11533029999998234>
50.6867 	INFO 	Keyboard events cleared
50.6866 	EXP 	fixation: autoDraw = False
50.6866 	EXP 	text: autoDraw = True
51.3206 	EXP 	Device response: <KeyPress from None: t=51.32003789999999, value=b, duration=None>
51.3210 	EXP 	New trial (rep=10, index=0): <Trial 40 (0 in rep 10) data={'word': 'RED', 'colour': 'blue', 'stim_condition': 'I', 'correct_res': 'b', 'thisN': 40, 'thisTrialN': 0, 'thisRepN': 10}>
51.3250 	DATA 	Keypress: b
51.3368 	EXP 	fixation: autoDraw = False
51.3368 	EXP 	text: autoDraw = False
51.3368 	EXP 	text: foreColor = <psychopy.colors.Color: blue, alpha=1.0>
51.3368 	EXP 	text: height = np.float64(0.05)
51.3368 	EXP 	text: height = np.float64(0.05)
51.3368 	EXP 	text: height = np.float64(0.05)
51.3368 	EXP 	text: text = 'RED'
51.3368 	EXP 	fixation: autoDraw = True
51.5041 	EXP 	Device response: <KeyPress from None: t=51.32003789999999, value=b, duration=0.18131360000000996>
51.8205 	INFO 	Keyboard events cleared
51.8203 	EXP 	fixation: autoDraw = False
51.8203 	EXP 	text: autoDraw = True
53.2875 	EXP 	Device response: <KeyPress from None: t=53.278243299999986, value=b, duration=None>
53.2879 	EXP 	New trial (rep=10, index=1): <Trial 41 (1 in rep 10) data={'word': 'BLUE ', 'colour': 'red', 'stim_condition': 'I', 'correct_res': 'r', 'thisN': 41, 'thisTrialN': 1, 'thisRepN': 10}>
53.2932 	DATA 	Keypress: b
53.3030 	EXP 	fixation: autoDraw = False
53.3030 	EXP 	text: autoDraw = False
53.3030 	EXP 	text: foreColor = <psychopy.colors.Color: red, alpha=1.0>
53.3030 	EXP 	text: height = np.float64(0.05)
53.3030 	EXP 	text: height = np.float64(0.05)
53.3030 	EXP 	text: height = np.float64(0.05)
53.3030 	EXP 	text: text = 'BLUE '
53.3030 	EXP 	fixation: autoDraw = True
53.4376 	EXP 	Device response: <KeyPress from None: t=53.278243299999986, value=b, duration=0.15873550000003434>
53.7870 	INFO 	Keyboard events cleared
53.7868 	EXP 	fixation: autoDraw = False
53.7868 	EXP 	text: autoDraw = True
54.5216 	EXP 	Device response: <KeyPress from None: t=54.51967280000002, value=r, duration=None>
54.5220 	EXP 	New trial (rep=10, index=2): <Trial 42 (2 in rep 10) data={'word': 'BLUE ', 'colour': 'blue', 'stim_condition': 'C', 'correct_res': 'b', 'thisN': 42, 'thisTrialN': 2, 'thisRepN': 10}>
54.5237 	DATA 	Keypress: r
54.5367 	EXP 	fixation: autoDraw = False
54.5367 	EXP 	text: autoDraw = False
54.5367 	EXP 	text: foreColor = <psychopy.colors.Color: blue, alpha=1.0>
54.5367 	EXP 	text: text = 'BLUE '
54.5367 	EXP 	fixation: autoDraw = True
54.7903 	EXP 	Device response: <KeyPress from None: t=54.51967280000002, value=r, duration=0.2643344999999613>
55.0370 	INFO 	Keyboard events cleared
55.0368 	EXP 	fixation: autoDraw = False
55.0368 	EXP 	text: autoDraw = True
56.2207 	EXP 	Device response: <KeyPress from None: t=56.20763149999999, value=b, duration=None>
56.2211 	EXP 	New trial (rep=10, index=3): <Trial 43 (3 in rep 10) data={'word': 'RED', 'colour': 'red', 'stim_condition': 'C', 'correct_res': 'r', 'thisN': 43, 'thisTrialN': 3, 'thisRepN': 10}>
56.2250 	DATA 	Keypress: b
56.2370 	EXP 	fixation: autoDraw = False
56.2370 	EXP 	text: autoDraw = False
56.2370 	EXP 	text: foreColor = <psychopy.colors.Color: red, alpha=1.0>
56.2370 	EXP 	text: height = np.float64(0.05)
56.2370 	EXP 	text: height = np.float64(0.05)
56.2370 	EXP 	text: height = np.float64(0.05)
56.2370 	EXP 	text: text = 'RED'
56.2370 	EXP 	fixation: autoDraw = True
56.3539 	EXP 	Device response: <KeyPress from None: t=56.20763149999999, value=b, duration=0.14382470000003877>
56.7204 	INFO 	Keyboard events cleared
56.7202 	EXP 	fixation: autoDraw = False
56.7202 	EXP 	text: autoDraw = True
58.0705 	EXP 	Device response: <KeyPress from None: t=58.06675139999999, value=r, duration=None>
58.0709 	EXP 	New trial (rep=11, index=0): <Trial 44 (0 in rep 11) data={'word': 'BLUE ', 'colour': 'blue', 'stim_condition': 'C', 'correct_res': 'b', 'thisN': 44, 'thisTrialN': 0, 'thisRepN': 11}>
58.0752 	DATA 	Keypress: r
58.0871 	EXP 	fixation: autoDraw = False
58.0871 	EXP 	text: autoDraw = False
58.0871 	EXP 	text: foreColor = <psychopy.colors.Color: blue, alpha=1.0>
58.0871 	EXP 	text: height = np.float64(0.05)
58.0871 	EXP 	text: height = np.float64(0.05)
58.0871 	EXP 	text: height = np.float64(0.05)
58.0871 	EXP 	text: text = 'BLUE '
58.0871 	EXP 	fixation: autoDraw = True
58.2043 	EXP 	Device response: <KeyPress from None: t=58.06675139999999, value=r, duration=0.1361487000000352>
58.5703 	INFO 	Keyboard events cleared
58.5701 	EXP 	fixation: autoDraw = False
58.5701 	EXP 	text: autoDraw = True
59.2884 	EXP 	Device response: <KeyPress from None: t=59.279496800000004, value=b, duration=None>
59.2888 	EXP 	New trial (rep=11, index=1): <Trial 45 (1 in rep 11) data={'word': 'BLUE ', 'colour': 'red', 'stim_condition': 'I', 'correct_res': 'r', 'thisN': 45, 'thisTrialN': 1, 'thisRepN': 11}>
59.2908 	DATA 	Keypress: b
59.3035 	EXP 	fixation: autoDraw = False
59.3035 	EXP 	text: autoDraw = False
59.3035 	EXP 	text: foreColor = <psychopy.colors.Color: red, alpha=1.0>
59.3035 	EXP 	text: text = 'BLUE '
59.3035 	EXP 	fixation: autoDraw = True
59.4373 	EXP 	Device response: <KeyPress from None: t=59.279496800000004, value=b, duration=0.1454734000000144>
59.8038 	INFO 	Keyboard events cleared
59.8035 	EXP 	fixation: autoDraw = False
59.8035 	EXP 	text: autoDraw = True
61.0708 	EXP 	Device response: <KeyPress from None: t=61.05966190000004, value=r, duration=None>
61.0712 	EXP 	New trial (rep=11, index=2): <Trial 46 (2 in rep 11) data={'word': 'RED', 'colour': 'red', 'stim_condition': 'C', 'correct_res': 'r', 'thisN': 46, 'thisTrialN': 2, 'thisRepN': 11}>
61.0753 	DATA 	Keypress: r
61.0870 	EXP 	fixation: autoDraw = False
61.0870 	EXP 	text: autoDraw = False
61.0870 	EXP 	text: foreColor = <psychopy.colors.Color: red, alpha=1.0>
61.0870 	EXP 	text: height = np.float64(0.05)
61.0870 	EXP 	text: height = np.float64(0.05)
61.0870 	EXP 	text: height = np.float64(0.05)
61.0870 	EXP 	text: text = 'RED'
61.0870 	EXP 	fixation: autoDraw = True
61.1874 	EXP 	Device response: <KeyPress from None: t=61.05966190000004, value=r, duration=0.12520139999998037>
61.5703 	INFO 	Keyboard events cleared
61.5702 	EXP 	fixation: autoDraw = False
61.5702 	EXP 	text: autoDraw = True
62.1540 	EXP 	Device response: <KeyPress from None: t=62.141083200000025, value=r, duration=None>
62.1543 	EXP 	New trial (rep=11, index=3): <Trial 47 (3 in rep 11) data={'word': 'RED', 'colour': 'blue', 'stim_condition': 'I', 'correct_res': 'b', 'thisN': 47, 'thisTrialN': 3, 'thisRepN': 11}>
62.1561 	DATA 	Keypress: r
62.1702 	EXP 	fixation: autoDraw = False
62.1702 	EXP 	text: autoDraw = False
62.1702 	EXP 	text: foreColor = <psychopy.colors.Color: blue, alpha=1.0>
62.1702 	EXP 	text: text = 'RED'
62.1702 	EXP 	fixation: autoDraw = True
62.2704 	EXP 	Device response: <KeyPress from None: t=62.141083200000025, value=r, duration=0.12613579999998592>
62.6541 	INFO 	Keyboard events cleared
62.6539 	EXP 	fixation: autoDraw = False
62.6539 	EXP 	text: autoDraw = True
63.1878 	EXP 	Device response: <KeyPress from None: t=63.177754300000004, value=b, duration=None>
63.1881 	EXP 	New trial (rep=12, index=0): <Trial 48 (0 in rep 12) data={'word': 'RED', 'colour': 'blue', 'stim_condition': 'I', 'correct_res': 'b', 'thisN': 48, 'thisTrialN': 0, 'thisRepN': 12}>
63.1901 	DATA 	Keypress: b
63.2038 	EXP 	fixation: autoDraw = False
63.2038 	EXP 	text: autoDraw = False
63.2038 	EXP 	text: foreColor = <psychopy.colors.Color: blue, alpha=1.0>
63.2038 	EXP 	text: text = 'RED'
63.2038 	EXP 	fixation: autoDraw = True
63.2713 	EXP 	Device response: <KeyPress from None: t=63.177754300000004, value=b, duration=0.0861409999999978>
63.6870 	INFO 	Keyboard events cleared
63.6868 	EXP 	fixation: autoDraw = False
63.6868 	EXP 	text: autoDraw = True
64.3537 	EXP 	Device response: <KeyPress from None: t=64.35042090000002, value=b, duration=None>
64.3541 	EXP 	New trial (rep=12, index=1): <Trial 49 (1 in rep 12) data={'word': 'BLUE ', 'colour': 'blue', 'stim_condition': 'C', 'correct_res': 'b', 'thisN': 49, 'thisTrialN': 1, 'thisRepN': 12}>
64.3584 	DATA 	Keypress: b
64.3701 	EXP 	fixation: autoDraw = False
64.3701 	EXP 	text: autoDraw = False
64.3701 	EXP 	text: foreColor = <psychopy.colors.Color: blue, alpha=1.0>
64.3701 	EXP 	text: height = np.float64(0.05)
64.3701 	EXP 	text: height = np.float64(0.05)
64.3701 	EXP 	text: height = np.float64(0.05)
64.3701 	EXP 	text: text = 'BLUE '
64.3701 	EXP 	fixation: autoDraw = True
64.4539 	EXP 	Device response: <KeyPress from None: t=64.35042090000002, value=b, duration=0.10169400000000905>
64.8542 	INFO 	Keyboard events cleared
64.8541 	EXP 	fixation: autoDraw = False
64.8541 	EXP 	text: autoDraw = True
65.3043 	EXP 	Device response: <KeyPress from None: t=65.30134650000002, value=b, duration=None>
65.3047 	EXP 	New trial (rep=12, index=2): <Trial 50 (2 in rep 12) data={'word': 'BLUE ', 'colour': 'red', 'stim_condition': 'I', 'correct_res': 'r', 'thisN': 50, 'thisTrialN': 2, 'thisRepN': 12}>
65.3064 	DATA 	Keypress: b
65.3205 	EXP 	fixation: autoDraw = False
65.3205 	EXP 	text: autoDraw = False
65.3205 	EXP 	text: foreColor = <psychopy.colors.Color: red, alpha=1.0>
65.3205 	EXP 	text: text = 'BLUE '
65.3205 	EXP 	fixation: autoDraw = True
65.4543 	EXP 	Device response: <KeyPress from None: t=65.30134650000002, value=b, duration=0.15215999999998076>
65.8036 	INFO 	Keyboard events cleared
65.8034 	EXP 	fixation: autoDraw = False
65.8034 	EXP 	text: autoDraw = True
66.4039 	EXP 	Device response: <KeyPress from None: t=66.3975231, value=b, duration=None>
66.4042 	EXP 	New trial (rep=12, index=3): <Trial 51 (3 in rep 12) data={'word': 'RED', 'colour': 'red', 'stim_condition': 'C', 'correct_res': 'r', 'thisN': 51, 'thisTrialN': 3, 'thisRepN': 12}>
66.4098 	DATA 	Keypress: b
66.4200 	EXP 	fixation: autoDraw = False
66.4200 	EXP 	text: autoDraw = False
66.4200 	EXP 	text: foreColor = <psychopy.colors.Color: red, alpha=1.0>
66.4200 	EXP 	text: height = np.float64(0.05)
66.4200 	EXP 	text: height = np.float64(0.05)
66.4200 	EXP 	text: height = np.float64(0.05)
66.4200 	EXP 	text: text = 'RED'
66.4200 	EXP 	fixation: autoDraw = True
66.5375 	EXP 	Device response: <KeyPress from None: t=66.3975231, value=b, duration=0.12619669999997996>
66.9039 	INFO 	Keyboard events cleared
66.9037 	EXP 	fixation: autoDraw = False
66.9037 	EXP 	text: autoDraw = True
67.6538 	EXP 	Device response: <KeyPress from None: t=67.65061300000002, value=r, duration=None>
67.6541 	EXP 	New trial (rep=13, index=0): <Trial 52 (0 in rep 13) data={'word': 'BLUE ', 'colour': 'red', 'stim_condition': 'I', 'correct_res': 'r', 'thisN': 52, 'thisTrialN': 0, 'thisRepN': 13}>
67.6583 	DATA 	Keypress: r
67.6702 	EXP 	fixation: autoDraw = False
67.6702 	EXP 	text: autoDraw = False
67.6702 	EXP 	text: foreColor = <psychopy.colors.Color: red, alpha=1.0>
67.6702 	EXP 	text: height = np.float64(0.05)
67.6702 	EXP 	text: height = np.float64(0.05)
67.6702 	EXP 	text: height = np.float64(0.05)
67.6702 	EXP 	text: text = 'BLUE '
67.6702 	EXP 	fixation: autoDraw = True
67.7869 	EXP 	Device response: <KeyPress from None: t=67.65061300000002, value=r, duration=0.1288347999999928>
68.1538 	INFO 	Keyboard events cleared
68.1537 	EXP 	fixation: autoDraw = False
68.1537 	EXP 	text: autoDraw = True
68.8375 	EXP 	Device response: <KeyPress from None: t=68.8312755, value=r, duration=None>
68.8379 	EXP 	New trial (rep=13, index=1): <Trial 53 (1 in rep 13) data={'word': 'BLUE ', 'colour': 'blue', 'stim_condition': 'C', 'correct_res': 'b', 'thisN': 53, 'thisTrialN': 1, 'thisRepN': 13}>
68.8396 	DATA 	Keypress: r
68.8533 	EXP 	fixation: autoDraw = False
68.8533 	EXP 	text: autoDraw = False
68.8533 	EXP 	text: foreColor = <psychopy.colors.Color: blue, alpha=1.0>
68.8533 	EXP 	text: text = 'BLUE '
68.8533 	EXP 	fixation: autoDraw = True
68.9710 	EXP 	Device response: <KeyPress from None: t=68.8312755, value=r, duration=0.13769000000002052>
69.3369 	INFO 	Keyboard events cleared
69.3367 	EXP 	fixation: autoDraw = False
69.3367 	EXP 	text: autoDraw = True
69.8709 	EXP 	Device response: <KeyPress from None: t=69.86457310000003, value=b, duration=None>
69.8713 	EXP 	New trial (rep=13, index=2): <Trial 54 (2 in rep 13) data={'word': 'RED', 'colour': 'red', 'stim_condition': 'C', 'correct_res': 'r', 'thisN': 54, 'thisTrialN': 2, 'thisRepN': 13}>
69.8755 	DATA 	Keypress: b
69.8869 	EXP 	fixation: autoDraw = False
69.8869 	EXP 	text: autoDraw = False
69.8869 	EXP 	text: foreColor = <psychopy.colors.Color: red, alpha=1.0>
69.8869 	EXP 	text: height = np.float64(0.05)
69.8869 	EXP 	text: height = np.float64(0.05)
69.8869 	EXP 	text: height = np.float64(0.05)
69.8869 	EXP 	text: text = 'RED'
69.8869 	EXP 	fixation: autoDraw = True
70.0037 	EXP 	Device response: <KeyPress from None: t=69.86457310000003, value=b, duration=0.1286060999999563>
70.3870 	INFO 	Keyboard events cleared
70.3869 	EXP 	fixation: autoDraw = False
70.3869 	EXP 	text: autoDraw = True
71.2040 	EXP 	Device response: <KeyPress from None: t=71.20354780000002, value=r, duration=None>
71.2044 	EXP 	New trial (rep=13, index=3): <Trial 55 (3 in rep 13) data={'word': 'RED', 'colour': 'blue', 'stim_condition': 'I', 'correct_res': 'b', 'thisN': 55, 'thisTrialN': 3, 'thisRepN': 13}>
71.2060 	DATA 	Keypress: r
71.2205 	EXP 	fixation: autoDraw = False
71.2205 	EXP 	text: autoDraw = False
71.2205 	EXP 	text: foreColor = <psychopy.colors.Color: blue, alpha=1.0>
71.2205 	EXP 	text: text = 'RED'
71.2205 	EXP 	fixation: autoDraw = True
71.3366 	EXP 	Device response: <KeyPress from None: t=71.20354780000002, value=r, duration=0.11813109999997096>
71.7033 	INFO 	Keyboard events cleared
71.7031 	EXP 	fixation: autoDraw = False
71.7031 	EXP 	text: autoDraw = True
72.3038 	EXP 	Device response: <KeyPress from None: t=72.30114380000003, value=b, duration=None>
72.3042 	EXP 	New trial (rep=14, index=0): <Trial 56 (0 in rep 14) data={'word': 'BLUE ', 'colour': 'blue', 'stim_condition': 'C', 'correct_res': 'b', 'thisN': 56, 'thisTrialN': 0, 'thisRepN': 14}>
72.3094 	DATA 	Keypress: b
72.3202 	EXP 	fixation: autoDraw = False
72.3202 	EXP 	text: autoDraw = False
72.3202 	EXP 	text: foreColor = <psychopy.colors.Color: blue, alpha=1.0>
72.3202 	EXP 	text: height = np.float64(0.05)
72.3202 	EXP 	text: height = np.float64(0.05)
72.3202 	EXP 	text: height = np.float64(0.05)
72.3202 	EXP 	text: text = 'BLUE '
72.3202 	EXP 	fixation: autoDraw = True
72.4042 	EXP 	Device response: <KeyPress from None: t=72.30114380000003, value=b, duration=0.10204269999996995>
72.8037 	INFO 	Keyboard events cleared
72.8035 	EXP 	fixation: autoDraw = False
72.8035 	EXP 	text: autoDraw = True
73.2879 	EXP 	Device response: <KeyPress from None: t=73.27662140000001, value=b, duration=None>
73.2883 	EXP 	New trial (rep=14, index=1): <Trial 57 (1 in rep 14) data={'word': 'BLUE ', 'colour': 'red', 'stim_condition': 'I', 'correct_res': 'r', 'thisN': 57, 'thisTrialN': 1, 'thisRepN': 14}>
73.2903 	DATA 	Keypress: b
73.3035 	EXP 	fixation: autoDraw = False
73.3035 	EXP 	text: autoDraw = False
73.3035 	EXP 	text: foreColor = <psychopy.colors.Color: red, alpha=1.0>
73.3035 	EXP 	text: text = 'BLUE '
73.3035 	EXP 	fixation: autoDraw = True
73.4206 	EXP 	Device response: <KeyPress from None: t=73.27662140000001, value=b, duration=0.13186269999999922>
73.8037 	INFO 	Keyboard events cleared
73.8035 	EXP 	fixation: autoDraw = False
73.8035 	EXP 	text: autoDraw = True
74.3873 	EXP 	Device response: <KeyPress from None: t=74.37291520000002, value=r, duration=None>
74.3876 	EXP 	New trial (rep=14, index=2): <Trial 58 (2 in rep 14) data={'word': 'RED', 'colour': 'blue', 'stim_condition': 'I', 'correct_res': 'b', 'thisN': 58, 'thisTrialN': 2, 'thisRepN': 14}>
74.3919 	DATA 	Keypress: r
74.4037 	EXP 	fixation: autoDraw = False
74.4037 	EXP 	text: autoDraw = False
74.4037 	EXP 	text: foreColor = <psychopy.colors.Color: blue, alpha=1.0>
74.4037 	EXP 	text: height = np.float64(0.05)
74.4037 	EXP 	text: height = np.float64(0.05)
74.4037 	EXP 	text: height = np.float64(0.05)
74.4037 	EXP 	text: text = 'RED'
74.4037 	EXP 	fixation: autoDraw = True
74.4873 	EXP 	Device response: <KeyPress from None: t=74.37291520000002, value=r, duration=0.10337629999997944>
74.8870 	INFO 	Keyboard events cleared
74.8869 	EXP 	fixation: autoDraw = False
74.8869 	EXP 	text: autoDraw = True
75.4384 	DATA 	Keypress: b
75.4541 	EXP 	Device response: <KeyPress from None: t=75.43786060000002, value=b, duration=None>
75.4545 	EXP 	New trial (rep=14, index=3): <Trial 59 (3 in rep 14) data={'word': 'RED', 'colour': 'red', 'stim_condition': 'C', 'correct_res': 'r', 'thisN': 59, 'thisTrialN': 3, 'thisRepN': 14}>
75.4704 	EXP 	fixation: autoDraw = False
75.4704 	EXP 	text: autoDraw = False
75.4704 	EXP 	text: foreColor = <psychopy.colors.Color: red, alpha=1.0>
75.4704 	EXP 	text: text = 'RED'
75.4704 	EXP 	fixation: autoDraw = True
75.5375 	EXP 	Device response: <KeyPress from None: t=75.43786060000002, value=b, duration=0.09147919999998066>
75.9705 	INFO 	Keyboard events cleared
75.9703 	EXP 	fixation: autoDraw = False
75.9703 	EXP 	text: autoDraw = True
76.5211 	EXP 	Device response: <KeyPress from None: t=76.51913619999999, value=r, duration=None>
76.5215 	EXP 	New trial (rep=15, index=0): <Trial 60 (0 in rep 15) data={'word': 'BLUE ', 'colour': 'blue', 'stim_condition': 'C', 'correct_res': 'b', 'thisN': 60, 'thisTrialN': 0, 'thisRepN': 15}>
76.5257 	DATA 	Keypress: r
76.5369 	EXP 	fixation: autoDraw = False
76.5369 	EXP 	text: autoDraw = False
76.5369 	EXP 	text: foreColor = <psychopy.colors.Color: blue, alpha=1.0>
76.5369 	EXP 	text: height = np.float64(0.05)
76.5369 	EXP 	text: height = np.float64(0.05)
76.5369 	EXP 	text: height = np.float64(0.05)
76.5369 	EXP 	text: text = 'BLUE '
76.5369 	EXP 	fixation: autoDraw = True
76.6374 	EXP 	Device response: <KeyPress from None: t=76.51913619999999, value=r, duration=0.11206170000002658>
77.0370 	INFO 	Keyboard events cleared
77.0369 	EXP 	fixation: autoDraw = False
77.0369 	EXP 	text: autoDraw = True
77.4885 	DATA 	Keypress: b
77.5038 	EXP 	Device response: <KeyPress from None: t=77.48728699999998, value=b, duration=None>
77.5041 	EXP 	New trial (rep=15, index=1): <Trial 61 (1 in rep 15) data={'word': 'RED', 'colour': 'red', 'stim_condition': 'C', 'correct_res': 'r', 'thisN': 61, 'thisTrialN': 1, 'thisRepN': 15}>
77.5195 	EXP 	fixation: autoDraw = False
77.5195 	EXP 	text: autoDraw = False
77.5195 	EXP 	text: foreColor = <psychopy.colors.Color: red, alpha=1.0>
77.5195 	EXP 	text: height = np.float64(0.05)
77.5195 	EXP 	text: height = np.float64(0.05)
77.5195 	EXP 	text: height = np.float64(0.05)
77.5195 	EXP 	text: text = 'RED'
77.5195 	EXP 	fixation: autoDraw = True
77.6541 	EXP 	Device response: <KeyPress from None: t=77.48728699999998, value=b, duration=0.1567070000000399>
78.0039 	INFO 	Keyboard events cleared
78.0038 	EXP 	fixation: autoDraw = False
78.0038 	EXP 	text: autoDraw = True
78.6045 	EXP 	Device response: <KeyPress from None: t=78.59934420000002, value=r, duration=None>
78.6048 	EXP 	New trial (rep=15, index=2): <Trial 62 (2 in rep 15) data={'word': 'BLUE ', 'colour': 'red', 'stim_condition': 'I', 'correct_res': 'r', 'thisN': 62, 'thisTrialN': 2, 'thisRepN': 15}>
78.6094 	DATA 	Keypress: r
78.6202 	EXP 	fixation: autoDraw = False
78.6202 	EXP 	text: autoDraw = False
78.6202 	EXP 	text: foreColor = <psychopy.colors.Color: red, alpha=1.0>
78.6202 	EXP 	text: height = np.float64(0.05)
78.6202 	EXP 	text: height = np.float64(0.05)
78.6202 	EXP 	text: height = np.float64(0.05)
78.6202 	EXP 	text: text = 'BLUE '
78.6202 	EXP 	fixation: autoDraw = True
78.7375 	EXP 	Device response: <KeyPress from None: t=78.59934420000002, value=r, duration=0.12213550000001305>
79.1210 	INFO 	Keyboard events cleared
79.1208 	EXP 	fixation: autoDraw = False
79.1208 	EXP 	text: autoDraw = True
79.8045 	EXP 	Device response: <KeyPress from None: t=79.79466510000003, value=r, duration=None>
79.8048 	EXP 	New trial (rep=15, index=3): <Trial 63 (3 in rep 15) data={'word': 'RED', 'colour': 'blue', 'stim_condition': 'I', 'correct_res': 'b', 'thisN': 63, 'thisTrialN': 3, 'thisRepN': 15}>
79.8089 	DATA 	Keypress: r
79.8203 	EXP 	fixation: autoDraw = False
79.8203 	EXP 	text: autoDraw = False
79.8203 	EXP 	text: foreColor = <psychopy.colors.Color: blue, alpha=1.0>
79.8203 	EXP 	text: height = np.float64(0.05)
79.8203 	EXP 	text: height = np.float64(0.05)
79.8203 	EXP 	text: height = np.float64(0.05)
79.8203 	EXP 	text: text = 'RED'
79.8203 	EXP 	fixation: autoDraw = True
79.9206 	EXP 	Device response: <KeyPress from None: t=79.79466510000003, value=r, duration=0.11461599999995542>
80.3039 	INFO 	Keyboard events cleared
80.3038 	EXP 	fixation: autoDraw = False
80.3038 	EXP 	text: autoDraw = True
80.9709 	EXP 	Device response: <KeyPress from None: t=80.95663610000003, value=b, duration=None>
80.9713 	EXP 	New trial (rep=16, index=0): <Trial 64 (0 in rep 16) data={'word': 'BLUE ', 'colour': 'blue', 'stim_condition': 'C', 'correct_res': 'b', 'thisN': 64, 'thisTrialN': 0, 'thisRepN': 16}>
80.9755 	DATA 	Keypress: b
80.9871 	EXP 	fixation: autoDraw = False
80.9871 	EXP 	text: autoDraw = False
80.9871 	EXP 	text: foreColor = <psychopy.colors.Color: blue, alpha=1.0>
80.9871 	EXP 	text: height = np.float64(0.05)
80.9871 	EXP 	text: height = np.float64(0.05)
80.9871 	EXP 	text: height = np.float64(0.05)
80.9871 	EXP 	text: text = 'BLUE '
80.9871 	EXP 	fixation: autoDraw = True
81.1208 	EXP 	Device response: <KeyPress from None: t=80.95663610000003, value=b, duration=0.15196179999998094>
81.4706 	INFO 	Keyboard events cleared
81.4704 	EXP 	fixation: autoDraw = False
81.4704 	EXP 	text: autoDraw = True
81.9206 	EXP 	Device response: <KeyPress from None: t=81.91335450000003, value=b, duration=None>
81.9209 	EXP 	New trial (rep=16, index=1): <Trial 65 (1 in rep 16) data={'word': 'RED', 'colour': 'red', 'stim_condition': 'C', 'correct_res': 'r', 'thisN': 65, 'thisTrialN': 1, 'thisRepN': 16}>
81.9249 	DATA 	Keypress: b
81.9368 	EXP 	fixation: autoDraw = False
81.9368 	EXP 	text: autoDraw = False
81.9368 	EXP 	text: foreColor = <psychopy.colors.Color: red, alpha=1.0>
81.9368 	EXP 	text: height = np.float64(0.05)
81.9368 	EXP 	text: height = np.float64(0.05)
81.9368 	EXP 	text: height = np.float64(0.05)
81.9368 	EXP 	text: text = 'RED'
81.9368 	EXP 	fixation: autoDraw = True
82.0872 	EXP 	Device response: <KeyPress from None: t=81.91335450000003, value=b, duration=0.16561909999995805>
82.4204 	INFO 	Keyboard events cleared
82.4202 	EXP 	fixation: autoDraw = False
82.4202 	EXP 	text: autoDraw = True
83.0538 	EXP 	Device response: <KeyPress from None: t=83.05060100000003, value=r, duration=None>
83.0541 	EXP 	New trial (rep=16, index=2): <Trial 66 (2 in rep 16) data={'word': 'BLUE ', 'colour': 'red', 'stim_condition': 'I', 'correct_res': 'r', 'thisN': 66, 'thisTrialN': 2, 'thisRepN': 16}>
83.0582 	DATA 	Keypress: r
83.0702 	EXP 	fixation: autoDraw = False
83.0702 	EXP 	text: autoDraw = False
83.0702 	EXP 	text: foreColor = <psychopy.colors.Color: red, alpha=1.0>
83.0702 	EXP 	text: height = np.float64(0.05)
83.0702 	EXP 	text: height = np.float64(0.05)
83.0702 	EXP 	text: height = np.float64(0.05)
83.0702 	EXP 	text: text = 'BLUE '
83.0702 	EXP 	fixation: autoDraw = True
83.1874 	EXP 	Device response: <KeyPress from None: t=83.05060100000003, value=r, duration=0.12500380000000177>
83.5539 	INFO 	Keyboard events cleared
83.5537 	EXP 	fixation: autoDraw = False
83.5537 	EXP 	text: autoDraw = True
84.0212 	EXP 	Device response: <KeyPress from None: t=84.010424, value=b, duration=None>
84.0215 	EXP 	New trial (rep=16, index=3): <Trial 67 (3 in rep 16) data={'word': 'RED', 'colour': 'blue', 'stim_condition': 'I', 'correct_res': 'b', 'thisN': 67, 'thisTrialN': 3, 'thisRepN': 16}>
84.0255 	DATA 	Keypress: b
84.0371 	EXP 	fixation: autoDraw = False
84.0371 	EXP 	text: autoDraw = False
84.0371 	EXP 	text: foreColor = <psychopy.colors.Color: blue, alpha=1.0>
84.0371 	EXP 	text: height = np.float64(0.05)
84.0371 	EXP 	text: height = np.float64(0.05)
84.0371 	EXP 	text: height = np.float64(0.05)
84.0371 	EXP 	text: text = 'RED'
84.0371 	EXP 	fixation: autoDraw = True
84.2041 	EXP 	Device response: <KeyPress from None: t=84.010424, value=b, duration=0.18451590000000806>
84.5372 	INFO 	Keyboard events cleared
84.5370 	EXP 	fixation: autoDraw = False
84.5370 	EXP 	text: autoDraw = True
86.2539 	EXP 	Device response: <KeyPress from None: t=86.24522430000002, value=r, duration=None>
86.2542 	EXP 	New trial (rep=17, index=0): <Trial 68 (0 in rep 17) data={'word': 'BLUE ', 'colour': 'blue', 'stim_condition': 'C', 'correct_res': 'b', 'thisN': 68, 'thisTrialN': 0, 'thisRepN': 17}>
86.2585 	DATA 	Keypress: r
86.2704 	EXP 	fixation: autoDraw = False
86.2704 	EXP 	text: autoDraw = False
86.2704 	EXP 	text: foreColor = <psychopy.colors.Color: blue, alpha=1.0>
86.2704 	EXP 	text: height = np.float64(0.05)
86.2704 	EXP 	text: height = np.float64(0.05)
86.2704 	EXP 	text: height = np.float64(0.05)
86.2704 	EXP 	text: text = 'BLUE '
86.2704 	EXP 	fixation: autoDraw = True
86.4375 	EXP 	Device response: <KeyPress from None: t=86.24522430000002, value=r, duration=0.17880930000001172>
86.7538 	INFO 	Keyboard events cleared
86.7536 	EXP 	fixation: autoDraw = False
86.7536 	EXP 	text: autoDraw = True
87.1383 	EXP 	Device response: <KeyPress from None: t=87.1311943, value=b, duration=None>
87.1386 	EXP 	New trial (rep=17, index=1): <Trial 69 (1 in rep 17) data={'word': 'RED', 'colour': 'red', 'stim_condition': 'C', 'correct_res': 'r', 'thisN': 69, 'thisTrialN': 1, 'thisRepN': 17}>
87.1426 	DATA 	Keypress: b
87.1536 	EXP 	fixation: autoDraw = False
87.1536 	EXP 	text: autoDraw = False
87.1536 	EXP 	text: foreColor = <psychopy.colors.Color: red, alpha=1.0>
87.1536 	EXP 	text: height = np.float64(0.05)
87.1536 	EXP 	text: height = np.float64(0.05)
87.1536 	EXP 	text: height = np.float64(0.05)
87.1536 	EXP 	text: text = 'RED'
87.1536 	EXP 	fixation: autoDraw = True
87.2543 	EXP 	Device response: <KeyPress from None: t=87.1311943, value=b, duration=0.12235490000000482>
87.6541 	INFO 	Keyboard events cleared
87.6540 	EXP 	fixation: autoDraw = False
87.6540 	EXP 	text: autoDraw = True
88.2889 	EXP 	Device response: <KeyPress from None: t=88.2778975, value=r, duration=None>
88.2893 	EXP 	New trial (rep=17, index=2): <Trial 70 (2 in rep 17) data={'word': 'RED', 'colour': 'blue', 'stim_condition': 'I', 'correct_res': 'b', 'thisN': 70, 'thisTrialN': 2, 'thisRepN': 17}>
88.2915 	DATA 	Keypress: r
88.3039 	EXP 	fixation: autoDraw = False
88.3039 	EXP 	text: autoDraw = False
88.3039 	EXP 	text: foreColor = <psychopy.colors.Color: blue, alpha=1.0>
88.3039 	EXP 	text: text = 'RED'
88.3039 	EXP 	fixation: autoDraw = True
88.4045 	EXP 	Device response: <KeyPress from None: t=88.2778975, value=r, duration=0.12286290000002964>
88.8031 	INFO 	Keyboard events cleared
88.8029 	EXP 	fixation: autoDraw = False
88.8029 	EXP 	text: autoDraw = True
89.6039 	EXP 	Device response: <KeyPress from None: t=89.589767, value=b, duration=None>
89.6043 	EXP 	New trial (rep=17, index=3): <Trial 71 (3 in rep 17) data={'word': 'BLUE ', 'colour': 'red', 'stim_condition': 'I', 'correct_res': 'r', 'thisN': 71, 'thisTrialN': 3, 'thisRepN': 17}>
89.6087 	DATA 	Keypress: b
89.6197 	EXP 	fixation: autoDraw = False
89.6197 	EXP 	text: autoDraw = False
89.6197 	EXP 	text: foreColor = <psychopy.colors.Color: red, alpha=1.0>
89.6197 	EXP 	text: height = np.float64(0.05)
89.6197 	EXP 	text: height = np.float64(0.05)
89.6197 	EXP 	text: height = np.float64(0.05)
89.6197 	EXP 	text: text = 'BLUE '
89.6197 	EXP 	fixation: autoDraw = True
89.7535 	EXP 	Device response: <KeyPress from None: t=89.589767, value=b, duration=0.16066950000004>
90.1196 	INFO 	Keyboard events cleared
90.1195 	EXP 	fixation: autoDraw = False
90.1195 	EXP 	text: autoDraw = True
90.8702 	EXP 	Device response: <KeyPress from None: t=90.85800240000003, value=r, duration=None>
90.8706 	EXP 	New trial (rep=18, index=0): <Trial 72 (0 in rep 18) data={'word': 'RED', 'colour': 'blue', 'stim_condition': 'I', 'correct_res': 'b', 'thisN': 72, 'thisTrialN': 0, 'thisRepN': 18}>
90.8753 	DATA 	Keypress: r
90.8862 	EXP 	fixation: autoDraw = False
90.8862 	EXP 	text: autoDraw = False
90.8862 	EXP 	text: foreColor = <psychopy.colors.Color: blue, alpha=1.0>
90.8862 	EXP 	text: height = np.float64(0.05)
90.8862 	EXP 	text: height = np.float64(0.05)
90.8862 	EXP 	text: height = np.float64(0.05)
90.8862 	EXP 	text: text = 'RED'
90.8862 	EXP 	fixation: autoDraw = True
91.0205 	EXP 	Device response: <KeyPress from None: t=90.85800240000003, value=r, duration=0.14594319999997651>
91.3698 	INFO 	Keyboard events cleared
91.3696 	EXP 	fixation: autoDraw = False
91.3696 	EXP 	text: autoDraw = True
92.2208 	EXP 	Device response: <KeyPress from None: t=92.20507570000001, value=b, duration=None>
92.2212 	EXP 	New trial (rep=18, index=1): <Trial 73 (1 in rep 18) data={'word': 'BLUE ', 'colour': 'red', 'stim_condition': 'I', 'correct_res': 'r', 'thisN': 73, 'thisTrialN': 1, 'thisRepN': 18}>
92.2256 	DATA 	Keypress: b
92.2362 	EXP 	fixation: autoDraw = False
92.2362 	EXP 	text: autoDraw = False
92.2362 	EXP 	text: foreColor = <psychopy.colors.Color: red, alpha=1.0>
92.2362 	EXP 	text: height = np.float64(0.05)
92.2362 	EXP 	text: height = np.float64(0.05)
92.2362 	EXP 	text: height = np.float64(0.05)
92.2362 	EXP 	text: text = 'BLUE '
92.2362 	EXP 	fixation: autoDraw = True
92.3375 	EXP 	Device response: <KeyPress from None: t=92.20507570000001, value=b, duration=0.12497780000001057>
92.7196 	INFO 	Keyboard events cleared
92.7194 	EXP 	fixation: autoDraw = False
92.7194 	EXP 	text: autoDraw = True
93.2699 	EXP 	Device response: <KeyPress from None: t=93.2603451, value=r, duration=None>
93.2702 	EXP 	New trial (rep=18, index=2): <Trial 74 (2 in rep 18) data={'word': 'BLUE ', 'colour': 'blue', 'stim_condition': 'C', 'correct_res': 'b', 'thisN': 74, 'thisTrialN': 2, 'thisRepN': 18}>
93.2718 	DATA 	Keypress: r
93.2866 	EXP 	fixation: autoDraw = False
93.2866 	EXP 	text: autoDraw = False
93.2866 	EXP 	text: foreColor = <psychopy.colors.Color: blue, alpha=1.0>
93.2866 	EXP 	text: text = 'BLUE '
93.2866 	EXP 	fixation: autoDraw = True
93.3869 	EXP 	Device response: <KeyPress from None: t=93.2603451, value=r, duration=0.12363590000001068>
93.7697 	INFO 	Keyboard events cleared
93.7695 	EXP 	fixation: autoDraw = False
93.7695 	EXP 	text: autoDraw = True
94.3037 	EXP 	Device response: <KeyPress from None: t=94.2921857, value=b, duration=None>
94.3040 	EXP 	New trial (rep=18, index=3): <Trial 75 (3 in rep 18) data={'word': 'RED', 'colour': 'red', 'stim_condition': 'C', 'correct_res': 'r', 'thisN': 75, 'thisTrialN': 3, 'thisRepN': 18}>
94.3080 	DATA 	Keypress: b
94.3199 	EXP 	fixation: autoDraw = False
94.3199 	EXP 	text: autoDraw = False
94.3199 	EXP 	text: foreColor = <psychopy.colors.Color: red, alpha=1.0>
94.3199 	EXP 	text: height = np.float64(0.05)
94.3199 	EXP 	text: height = np.float64(0.05)
94.3199 	EXP 	text: height = np.float64(0.05)
94.3199 	EXP 	text: text = 'RED'
94.3199 	EXP 	fixation: autoDraw = True
94.4367 	EXP 	Device response: <KeyPress from None: t=94.2921857, value=b, duration=0.1299060000000054>
94.8034 	INFO 	Keyboard events cleared
94.8032 	EXP 	fixation: autoDraw = False
94.8032 	EXP 	text: autoDraw = True
95.5372 	EXP 	Device response: <KeyPress from None: t=95.5229708, value=r, duration=None>
95.5376 	EXP 	New trial (rep=19, index=0): <Trial 76 (0 in rep 19) data={'word': 'BLUE ', 'colour': 'red', 'stim_condition': 'I', 'correct_res': 'r', 'thisN': 76, 'thisTrialN': 0, 'thisRepN': 19}>
95.5425 	DATA 	Keypress: r
95.5531 	EXP 	fixation: autoDraw = False
95.5531 	EXP 	text: autoDraw = False
95.5531 	EXP 	text: foreColor = <psychopy.colors.Color: red, alpha=1.0>
95.5531 	EXP 	text: height = np.float64(0.05)
95.5531 	EXP 	text: height = np.float64(0.05)
95.5531 	EXP 	text: height = np.float64(0.05)
95.5531 	EXP 	text: text = 'BLUE '
95.5531 	EXP 	fixation: autoDraw = True
95.6709 	EXP 	Device response: <KeyPress from None: t=95.5229708, value=r, duration=0.13855970000003026>
96.0371 	INFO 	Keyboard events cleared
96.0369 	EXP 	fixation: autoDraw = False
96.0369 	EXP 	text: autoDraw = True
96.6709 	DATA 	Keypress: b
96.6867 	EXP 	Device response: <KeyPress from None: t=96.6701984, value=b, duration=None>
96.6871 	EXP 	New trial (rep=19, index=1): <Trial 77 (1 in rep 19) data={'word': 'BLUE ', 'colour': 'blue', 'stim_condition': 'C', 'correct_res': 'b', 'thisN': 77, 'thisTrialN': 1, 'thisRepN': 19}>
96.7028 	EXP 	fixation: autoDraw = False
96.7028 	EXP 	text: autoDraw = False
96.7028 	EXP 	text: foreColor = <psychopy.colors.Color: blue, alpha=1.0>
96.7028 	EXP 	text: text = 'BLUE '
96.7028 	EXP 	fixation: autoDraw = True
96.7868 	EXP 	Device response: <KeyPress from None: t=96.6701984, value=b, duration=0.11390369999998029>
97.1880 	INFO 	Keyboard events cleared
97.1878 	EXP 	fixation: autoDraw = False
97.1878 	EXP 	text: autoDraw = True
97.9033 	EXP 	Device response: <KeyPress from None: t=97.88889460000001, value=b, duration=None>
97.9036 	EXP 	New trial (rep=19, index=2): <Trial 78 (2 in rep 19) data={'word': 'RED', 'colour': 'blue', 'stim_condition': 'I', 'correct_res': 'b', 'thisN': 78, 'thisTrialN': 2, 'thisRepN': 19}>
97.9078 	DATA 	Keypress: b
97.9207 	EXP 	fixation: autoDraw = False
97.9207 	EXP 	text: autoDraw = False
97.9207 	EXP 	text: foreColor = <psychopy.colors.Color: blue, alpha=1.0>
97.9207 	EXP 	text: height = np.float64(0.05)
97.9207 	EXP 	text: height = np.float64(0.05)
97.9207 	EXP 	text: height = np.float64(0.05)
97.9207 	EXP 	text: text = 'RED'
97.9207 	EXP 	fixation: autoDraw = True
98.0705 	EXP 	Device response: <KeyPress from None: t=97.88889460000001, value=b, duration=0.17462679999999864>
98.4034 	INFO 	Keyboard events cleared
98.4032 	EXP 	fixation: autoDraw = False
98.4032 	EXP 	text: autoDraw = True
99.6548 	DATA 	Keypress: b
99.6702 	EXP 	Device response: <KeyPress from None: t=99.65416550000003, value=b, duration=None>
99.6705 	EXP 	New trial (rep=19, index=3): <Trial 79 (3 in rep 19) data={'word': 'RED', 'colour': 'red', 'stim_condition': 'C', 'correct_res': 'r', 'thisN': 79, 'thisTrialN': 3, 'thisRepN': 19}>
99.6864 	EXP 	fixation: autoDraw = False
99.6864 	EXP 	text: autoDraw = False
99.6864 	EXP 	text: foreColor = <psychopy.colors.Color: red, alpha=1.0>
99.6864 	EXP 	text: text = 'RED'
99.6864 	EXP 	fixation: autoDraw = True
99.8036 	EXP 	Device response: <KeyPress from None: t=99.65416550000003, value=b, duration=0.13893569999999045>
100.1697 	INFO 	Keyboard events cleared
100.1695 	EXP 	fixation: autoDraw = False
100.1695 	EXP 	text: autoDraw = True
101.1876 	EXP 	Device response: <KeyPress from None: t=101.17567550000001, value=r, duration=None>
101.1879 	EXP 	New trial (rep=20, index=0): <Trial 80 (0 in rep 20) data={'word': 'RED', 'colour': 'blue', 'stim_condition': 'I', 'correct_res': 'b', 'thisN': 80, 'thisTrialN': 0, 'thisRepN': 20}>
101.1898 	DATA 	Keypress: r
101.2041 	EXP 	fixation: autoDraw = False
101.2041 	EXP 	text: autoDraw = False
101.2041 	EXP 	text: foreColor = <psychopy.colors.Color: blue, alpha=1.0>
101.2041 	EXP 	text: text = 'RED'
101.2041 	EXP 	fixation: autoDraw = True
101.3212 	EXP 	Device response: <KeyPress from None: t=101.17567550000001, value=r, duration=0.14399500000001808>
101.6880 	INFO 	Keyboard events cleared
101.6878 	EXP 	fixation: autoDraw = False
101.6878 	EXP 	text: autoDraw = True
102.4384 	EXP 	Device response: <KeyPress from None: t=102.43145279999999, value=b, duration=None>
102.4387 	EXP 	New trial (rep=20, index=1): <Trial 81 (1 in rep 20) data={'word': 'RED', 'colour': 'red', 'stim_condition': 'C', 'correct_res': 'r', 'thisN': 81, 'thisTrialN': 1, 'thisRepN': 20}>
102.4404 	DATA 	Keypress: b
102.4528 	EXP 	fixation: autoDraw = False
102.4528 	EXP 	text: autoDraw = False
102.4528 	EXP 	text: foreColor = <psychopy.colors.Color: red, alpha=1.0>
102.4528 	EXP 	text: text = 'RED'
102.4528 	EXP 	fixation: autoDraw = True
102.5699 	EXP 	Device response: <KeyPress from None: t=102.43145279999999, value=b, duration=0.12899280000004865>
102.9538 	INFO 	Keyboard events cleared
102.9536 	EXP 	fixation: autoDraw = False
102.9536 	EXP 	text: autoDraw = True
104.1543 	EXP 	Device response: <KeyPress from None: t=104.14488290000003, value=r, duration=None>
104.1546 	EXP 	New trial (rep=20, index=2): <Trial 82 (2 in rep 20) data={'word': 'BLUE ', 'colour': 'red', 'stim_condition': 'I', 'correct_res': 'r', 'thisN': 82, 'thisTrialN': 2, 'thisRepN': 20}>
104.1597 	DATA 	Keypress: r
104.1695 	EXP 	fixation: autoDraw = False
104.1695 	EXP 	text: autoDraw = False
104.1695 	EXP 	text: foreColor = <psychopy.colors.Color: red, alpha=1.0>
104.1695 	EXP 	text: height = np.float64(0.05)
104.1695 	EXP 	text: height = np.float64(0.05)
104.1695 	EXP 	text: height = np.float64(0.05)
104.1695 	EXP 	text: text = 'BLUE '
104.1695 	EXP 	fixation: autoDraw = True
104.2704 	EXP 	Device response: <KeyPress from None: t=104.14488290000003, value=r, duration=0.11107920000000604>
104.6538 	INFO 	Keyboard events cleared
104.6536 	EXP 	fixation: autoDraw = False
104.6536 	EXP 	text: autoDraw = True
105.5376 	EXP 	Device response: <KeyPress from None: t=105.5296257, value=r, duration=None>
105.5380 	EXP 	New trial (rep=20, index=3): <Trial 83 (3 in rep 20) data={'word': 'BLUE ', 'colour': 'blue', 'stim_condition': 'C', 'correct_res': 'b', 'thisN': 83, 'thisTrialN': 3, 'thisRepN': 20}>
105.5397 	DATA 	Keypress: r
105.5536 	EXP 	fixation: autoDraw = False
105.5536 	EXP 	text: autoDraw = False
105.5536 	EXP 	text: foreColor = <psychopy.colors.Color: blue, alpha=1.0>
105.5536 	EXP 	text: text = 'BLUE '
105.5536 	EXP 	fixation: autoDraw = True
105.6533 	EXP 	Device response: <KeyPress from None: t=105.5296257, value=r, duration=0.10854810000000725>
106.0541 	INFO 	Keyboard events cleared
106.0540 	EXP 	fixation: autoDraw = False
106.0540 	EXP 	text: autoDraw = True
106.8213 	EXP 	Device response: <KeyPress from None: t=106.81641619999999, value=b, duration=None>
106.8218 	EXP 	New trial (rep=21, index=0): <Trial 84 (0 in rep 21) data={'word': 'RED', 'colour': 'blue', 'stim_condition': 'I', 'correct_res': 'b', 'thisN': 84, 'thisTrialN': 0, 'thisRepN': 21}>
106.8264 	DATA 	Keypress: b
106.8362 	EXP 	fixation: autoDraw = False
106.8362 	EXP 	text: autoDraw = False
106.8362 	EXP 	text: foreColor = <psychopy.colors.Color: blue, alpha=1.0>
106.8362 	EXP 	text: height = np.float64(0.05)
106.8362 	EXP 	text: height = np.float64(0.05)
106.8362 	EXP 	text: height = np.float64(0.05)
106.8362 	EXP 	text: text = 'RED'
106.8362 	EXP 	fixation: autoDraw = True
106.9878 	EXP 	Device response: <KeyPress from None: t=106.81641619999999, value=b, duration=0.15654480000000603>
107.3367 	INFO 	Keyboard events cleared
107.3364 	EXP 	fixation: autoDraw = False
107.3364 	EXP 	text: autoDraw = True
108.4206 	EXP 	Device response: <KeyPress from None: t=108.40921550000002, value=b, duration=None>
108.4210 	EXP 	New trial (rep=21, index=1): <Trial 85 (1 in rep 21) data={'word': 'BLUE ', 'colour': 'blue', 'stim_condition': 'C', 'correct_res': 'b', 'thisN': 85, 'thisTrialN': 1, 'thisRepN': 21}>
108.4259 	DATA 	Keypress: b
108.4365 	EXP 	fixation: autoDraw = False
108.4365 	EXP 	text: autoDraw = False
108.4365 	EXP 	text: foreColor = <psychopy.colors.Color: blue, alpha=1.0>
108.4365 	EXP 	text: height = np.float64(0.05)
108.4365 	EXP 	text: height = np.float64(0.05)
108.4365 	EXP 	text: height = np.float64(0.05)
108.4365 	EXP 	text: text = 'BLUE '
108.4365 	EXP 	fixation: autoDraw = True
108.5715 	EXP 	Device response: <KeyPress from None: t=108.40921550000002, value=b, duration=0.14665009999998802>
108.9205 	INFO 	Keyboard events cleared
108.9203 	EXP 	fixation: autoDraw = False
108.9203 	EXP 	text: autoDraw = True
109.4537 	EXP 	Device response: <KeyPress from None: t=109.45028400000001, value=b, duration=None>
109.4541 	EXP 	New trial (rep=21, index=2): <Trial 86 (2 in rep 21) data={'word': 'RED', 'colour': 'red', 'stim_condition': 'C', 'correct_res': 'r', 'thisN': 86, 'thisTrialN': 2, 'thisRepN': 21}>
109.4584 	DATA 	Keypress: b
109.4696 	EXP 	fixation: autoDraw = False
109.4696 	EXP 	text: autoDraw = False
109.4696 	EXP 	text: foreColor = <psychopy.colors.Color: red, alpha=1.0>
109.4696 	EXP 	text: height = np.float64(0.05)
109.4696 	EXP 	text: height = np.float64(0.05)
109.4696 	EXP 	text: height = np.float64(0.05)
109.4696 	EXP 	text: text = 'RED'
109.4696 	EXP 	fixation: autoDraw = True
109.5878 	EXP 	Device response: <KeyPress from None: t=109.45028400000001, value=b, duration=0.1289992999999754>
109.9535 	INFO 	Keyboard events cleared
109.9533 	EXP 	fixation: autoDraw = False
109.9533 	EXP 	text: autoDraw = True
110.9717 	EXP 	Device response: <KeyPress from None: t=110.96675040000002, value=r, duration=None>
110.9720 	EXP 	New trial (rep=21, index=3): <Trial 87 (3 in rep 21) data={'word': 'BLUE ', 'colour': 'red', 'stim_condition': 'I', 'correct_res': 'r', 'thisN': 87, 'thisTrialN': 3, 'thisRepN': 21}>
110.9764 	DATA 	Keypress: r
110.9871 	EXP 	fixation: autoDraw = False
110.9871 	EXP 	text: autoDraw = False
110.9871 	EXP 	text: foreColor = <psychopy.colors.Color: red, alpha=1.0>
110.9871 	EXP 	text: height = np.float64(0.05)
110.9871 	EXP 	text: height = np.float64(0.05)
110.9871 	EXP 	text: height = np.float64(0.05)
110.9871 	EXP 	text: text = 'BLUE '
110.9871 	EXP 	fixation: autoDraw = True
111.0870 	EXP 	Device response: <KeyPress from None: t=110.96675040000002, value=r, duration=0.11685719999996991>
111.4710 	INFO 	Keyboard events cleared
111.4708 	EXP 	fixation: autoDraw = False
111.4708 	EXP 	text: autoDraw = True
111.8702 	EXP 	Device response: <KeyPress from None: t=111.85537499999998, value=r, duration=None>
111.8706 	EXP 	New trial (rep=22, index=0): <Trial 88 (0 in rep 22) data={'word': 'RED', 'colour': 'red', 'stim_condition': 'C', 'correct_res': 'r', 'thisN': 88, 'thisTrialN': 0, 'thisRepN': 22}>
111.8750 	DATA 	Keypress: r
111.8871 	EXP 	fixation: autoDraw = False
111.8871 	EXP 	text: autoDraw = False
111.8871 	EXP 	text: foreColor = <psychopy.colors.Color: red, alpha=1.0>
111.8871 	EXP 	text: height = np.float64(0.05)
111.8871 	EXP 	text: height = np.float64(0.05)
111.8871 	EXP 	text: height = np.float64(0.05)
111.8871 	EXP 	text: text = 'RED'
111.8871 	EXP 	fixation: autoDraw = True
111.9878 	EXP 	Device response: <KeyPress from None: t=111.85537499999998, value=r, duration=0.12096110000004501>
112.3704 	INFO 	Keyboard events cleared
112.3702 	EXP 	fixation: autoDraw = False
112.3702 	EXP 	text: autoDraw = True
112.8220 	DATA 	Keypress: r
112.8367 	EXP 	Device response: <KeyPress from None: t=112.82059900000002, value=r, duration=None>
112.8371 	EXP 	New trial (rep=22, index=1): <Trial 89 (1 in rep 22) data={'word': 'BLUE ', 'colour': 'red', 'stim_condition': 'I', 'correct_res': 'r', 'thisN': 89, 'thisTrialN': 1, 'thisRepN': 22}>
112.8531 	EXP 	fixation: autoDraw = False
112.8531 	EXP 	text: autoDraw = False
112.8531 	EXP 	text: foreColor = <psychopy.colors.Color: red, alpha=1.0>
112.8531 	EXP 	text: height = np.float64(0.05)
112.8531 	EXP 	text: height = np.float64(0.05)
112.8531 	EXP 	text: height = np.float64(0.05)
112.8531 	EXP 	text: text = 'BLUE '
112.8531 	EXP 	fixation: autoDraw = True
112.9537 	EXP 	Device response: <KeyPress from None: t=112.82059900000002, value=r, duration=0.13107239999999365>
113.3370 	INFO 	Keyboard events cleared
113.3368 	EXP 	fixation: autoDraw = False
113.3368 	EXP 	text: autoDraw = True
113.9874 	EXP 	Device response: <KeyPress from None: t=113.98466210000004, value=r, duration=None>
113.9877 	EXP 	New trial (rep=22, index=2): <Trial 90 (2 in rep 22) data={'word': 'RED', 'colour': 'blue', 'stim_condition': 'I', 'correct_res': 'b', 'thisN': 90, 'thisTrialN': 2, 'thisRepN': 22}>
113.9917 	DATA 	Keypress: r
114.0040 	EXP 	fixation: autoDraw = False
114.0040 	EXP 	text: autoDraw = False
114.0040 	EXP 	text: foreColor = <psychopy.colors.Color: blue, alpha=1.0>
114.0040 	EXP 	text: height = np.float64(0.05)
114.0040 	EXP 	text: height = np.float64(0.05)
114.0040 	EXP 	text: height = np.float64(0.05)
114.0040 	EXP 	text: text = 'RED'
114.0040 	EXP 	fixation: autoDraw = True
114.1039 	EXP 	Device response: <KeyPress from None: t=113.98466210000004, value=r, duration=0.1165877999999907>
114.4872 	INFO 	Keyboard events cleared
114.4870 	EXP 	fixation: autoDraw = False
114.4870 	EXP 	text: autoDraw = True
115.1543 	EXP 	Device response: <KeyPress from None: t=115.15235280000002, value=b, duration=None>
115.1546 	EXP 	New trial (rep=22, index=3): <Trial 91 (3 in rep 22) data={'word': 'BLUE ', 'colour': 'blue', 'stim_condition': 'C', 'correct_res': 'b', 'thisN': 91, 'thisTrialN': 3, 'thisRepN': 22}>
115.1591 	DATA 	Keypress: b
115.1704 	EXP 	fixation: autoDraw = False
115.1704 	EXP 	text: autoDraw = False
115.1704 	EXP 	text: foreColor = <psychopy.colors.Color: blue, alpha=1.0>
115.1704 	EXP 	text: height = np.float64(0.05)
115.1704 	EXP 	text: height = np.float64(0.05)
115.1704 	EXP 	text: height = np.float64(0.05)
115.1704 	EXP 	text: text = 'BLUE '
115.1704 	EXP 	fixation: autoDraw = True
115.3047 	EXP 	Device response: <KeyPress from None: t=115.15235280000002, value=b, duration=0.14688430000001063>
115.6545 	INFO 	Keyboard events cleared
115.6543 	EXP 	fixation: autoDraw = False
115.6543 	EXP 	text: autoDraw = True
116.0202 	EXP 	Device response: <KeyPress from None: t=116.00572520000003, value=b, duration=None>
116.0206 	EXP 	New trial (rep=23, index=0): <Trial 92 (0 in rep 23) data={'word': 'RED', 'colour': 'blue', 'stim_condition': 'I', 'correct_res': 'b', 'thisN': 92, 'thisTrialN': 0, 'thisRepN': 23}>
116.0249 	DATA 	Keypress: b
116.0373 	EXP 	fixation: autoDraw = False
116.0373 	EXP 	text: autoDraw = False
116.0373 	EXP 	text: foreColor = <psychopy.colors.Color: blue, alpha=1.0>
116.0373 	EXP 	text: height = np.float64(0.05)
116.0373 	EXP 	text: height = np.float64(0.05)
116.0373 	EXP 	text: height = np.float64(0.05)
116.0373 	EXP 	text: text = 'RED'
116.0373 	EXP 	fixation: autoDraw = True
116.1383 	EXP 	Device response: <KeyPress from None: t=116.00572520000003, value=b, duration=0.13019620000000032>
116.5213 	INFO 	Keyboard events cleared
116.5211 	EXP 	fixation: autoDraw = False
116.5211 	EXP 	text: autoDraw = True
116.8868 	EXP 	Device response: <KeyPress from None: t=116.87267580000002, value=b, duration=None>
116.8871 	EXP 	New trial (rep=23, index=1): <Trial 93 (1 in rep 23) data={'word': 'BLUE ', 'colour': 'red', 'stim_condition': 'I', 'correct_res': 'r', 'thisN': 93, 'thisTrialN': 1, 'thisRepN': 23}>
116.8916 	DATA 	Keypress: b
116.9048 	EXP 	fixation: autoDraw = False
116.9048 	EXP 	text: autoDraw = False
116.9048 	EXP 	text: foreColor = <psychopy.colors.Color: red, alpha=1.0>
116.9048 	EXP 	text: height = np.float64(0.05)
116.9048 	EXP 	text: height = np.float64(0.05)
116.9048 	EXP 	text: height = np.float64(0.05)
116.9048 	EXP 	text: text = 'BLUE '
116.9048 	EXP 	fixation: autoDraw = True
116.9884 	EXP 	Device response: <KeyPress from None: t=116.87267580000002, value=b, duration=0.10345719999997982>
117.3882 	INFO 	Keyboard events cleared
117.3880 	EXP 	fixation: autoDraw = False
117.3880 	EXP 	text: autoDraw = True
117.9877 	EXP 	Device response: <KeyPress from None: t=117.97627169999998, value=r, duration=None>
117.9880 	EXP 	New trial (rep=23, index=2): <Trial 94 (2 in rep 23) data={'word': 'RED', 'colour': 'red', 'stim_condition': 'C', 'correct_res': 'r', 'thisN': 94, 'thisTrialN': 2, 'thisRepN': 23}>
117.9925 	DATA 	Keypress: r
118.0028 	EXP 	fixation: autoDraw = False
118.0028 	EXP 	text: autoDraw = False
118.0028 	EXP 	text: foreColor = <psychopy.colors.Color: red, alpha=1.0>
118.0028 	EXP 	text: height = np.float64(0.05)
118.0028 	EXP 	text: height = np.float64(0.05)
118.0028 	EXP 	text: height = np.float64(0.05)
118.0028 	EXP 	text: text = 'RED'
118.0028 	EXP 	fixation: autoDraw = True
118.0872 	EXP 	Device response: <KeyPress from None: t=117.97627169999998, value=r, duration=0.10765589999999747>
118.4875 	INFO 	Keyboard events cleared
118.4874 	EXP 	fixation: autoDraw = False
118.4874 	EXP 	text: autoDraw = True
119.0204 	EXP 	Device response: <KeyPress from None: t=119.00947410000003, value=b, duration=None>
119.0207 	EXP 	New trial (rep=23, index=3): <Trial 95 (3 in rep 23) data={'word': 'BLUE ', 'colour': 'blue', 'stim_condition': 'C', 'correct_res': 'b', 'thisN': 95, 'thisTrialN': 3, 'thisRepN': 23}>
119.0255 	DATA 	Keypress: b
119.0364 	EXP 	fixation: autoDraw = False
119.0364 	EXP 	text: autoDraw = False
119.0364 	EXP 	text: foreColor = <psychopy.colors.Color: blue, alpha=1.0>
119.0364 	EXP 	text: height = np.float64(0.05)
119.0364 	EXP 	text: height = np.float64(0.05)
119.0364 	EXP 	text: height = np.float64(0.05)
119.0364 	EXP 	text: text = 'BLUE '
119.0364 	EXP 	fixation: autoDraw = True
119.1882 	EXP 	Device response: <KeyPress from None: t=119.00947410000003, value=b, duration=0.17777079999996204>
119.5204 	INFO 	Keyboard events cleared
119.5203 	EXP 	fixation: autoDraw = False
119.5203 	EXP 	text: autoDraw = True
120.5056 	DATA 	Keypress: b
120.5203 	EXP 	Device response: <KeyPress from None: t=120.5040444, value=b, duration=None>
120.5206 	EXP 	New trial (rep=24, index=0): <Trial 96 (0 in rep 24) data={'word': 'RED', 'colour': 'red', 'stim_condition': 'C', 'correct_res': 'r', 'thisN': 96, 'thisTrialN': 0, 'thisRepN': 24}>
120.5367 	EXP 	fixation: autoDraw = False
120.5367 	EXP 	text: autoDraw = False
120.5367 	EXP 	text: foreColor = <psychopy.colors.Color: red, alpha=1.0>
120.5367 	EXP 	text: height = np.float64(0.05)
120.5367 	EXP 	text: height = np.float64(0.05)
120.5367 	EXP 	text: height = np.float64(0.05)
120.5367 	EXP 	text: text = 'RED'
120.5367 	EXP 	fixation: autoDraw = True
120.6201 	EXP 	Device response: <KeyPress from None: t=120.5040444, value=b, duration=0.10863520000003746>
121.0209 	INFO 	Keyboard events cleared
121.0208 	EXP 	fixation: autoDraw = False
121.0208 	EXP 	text: autoDraw = True
122.1056 	DATA 	Keypress: r
122.1201 	EXP 	Device response: <KeyPress from None: t=122.1051655, value=r, duration=None>
122.1205 	EXP 	New trial (rep=24, index=1): <Trial 97 (1 in rep 24) data={'word': 'BLUE ', 'colour': 'red', 'stim_condition': 'I', 'correct_res': 'r', 'thisN': 97, 'thisTrialN': 1, 'thisRepN': 24}>
122.1369 	EXP 	fixation: autoDraw = False
122.1369 	EXP 	text: autoDraw = False
122.1369 	EXP 	text: foreColor = <psychopy.colors.Color: red, alpha=1.0>
122.1369 	EXP 	text: height = np.float64(0.05)
122.1369 	EXP 	text: height = np.float64(0.05)
122.1369 	EXP 	text: height = np.float64(0.05)
122.1369 	EXP 	text: text = 'BLUE '
122.1369 	EXP 	fixation: autoDraw = True
122.2378 	EXP 	Device response: <KeyPress from None: t=122.1051655, value=r, duration=0.12606379999999717>
122.6197 	INFO 	Keyboard events cleared
122.6196 	EXP 	fixation: autoDraw = False
122.6196 	EXP 	text: autoDraw = True
123.4052 	EXP 	Device response: <KeyPress from None: t=123.39805910000001, value=r, duration=None>
123.4056 	EXP 	New trial (rep=24, index=2): <Trial 98 (2 in rep 24) data={'word': 'BLUE ', 'colour': 'blue', 'stim_condition': 'C', 'correct_res': 'b', 'thisN': 98, 'thisTrialN': 2, 'thisRepN': 24}>
123.4072 	DATA 	Keypress: r
123.4203 	EXP 	fixation: autoDraw = False
123.4203 	EXP 	text: autoDraw = False
123.4203 	EXP 	text: foreColor = <psychopy.colors.Color: blue, alpha=1.0>
123.4203 	EXP 	text: text = 'BLUE '
123.4203 	EXP 	fixation: autoDraw = True
123.5368 	EXP 	Device response: <KeyPress from None: t=123.39805910000001, value=r, duration=0.12811770000001843>
123.9215 	INFO 	Keyboard events cleared
123.9213 	EXP 	fixation: autoDraw = False
123.9213 	EXP 	text: autoDraw = True
124.4876 	EXP 	Device response: <KeyPress from None: t=124.47530620000003, value=b, duration=None>
124.4880 	EXP 	New trial (rep=24, index=3): <Trial 99 (3 in rep 24) data={'word': 'RED', 'colour': 'blue', 'stim_condition': 'I', 'correct_res': 'b', 'thisN': 99, 'thisTrialN': 3, 'thisRepN': 24}>
124.4922 	DATA 	Keypress: b
124.5037 	EXP 	fixation: autoDraw = False
124.5037 	EXP 	text: autoDraw = False
124.5037 	EXP 	text: foreColor = <psychopy.colors.Color: blue, alpha=1.0>
124.5037 	EXP 	text: height = np.float64(0.05)
124.5037 	EXP 	text: height = np.float64(0.05)
124.5037 	EXP 	text: height = np.float64(0.05)
124.5037 	EXP 	text: text = 'RED'
124.5037 	EXP 	fixation: autoDraw = True
124.6376 	EXP 	Device response: <KeyPress from None: t=124.47530620000003, value=b, duration=0.15991959999996652>
124.9873 	INFO 	Keyboard events cleared
124.9871 	EXP 	fixation: autoDraw = False
124.9871 	EXP 	text: autoDraw = True
126.1548 	EXP 	Device response: <KeyPress from None: t=126.14797579999998, value=b, duration=None>
126.1574 	DATA 	Keypress: b
126.1707 	EXP 	fixation: autoDraw = False
126.1707 	EXP 	text: autoDraw = False
126.1707 	EXP 	text_3: autoDraw = True
126.3040 	EXP 	Device response: <KeyPress from None: t=126.14797579999998, value=b, duration=0.15223890000004303>
127.1704 	EXP 	text_3: autoDraw = False
127.1704 	EXP 	text_3: autoDraw = False
127.1706 	EXP 	stroop: status = STOPPED
127.2102 	INFO 	saved data to 'C:\\Users\\DELL\\Desktop\\PSYCHOPY\\STROOP\\data\\0022_stroop_2025-08-22_17h22.45.543.csv'
127.2145 	INFO 	saved data to C:\Users\DELL\Desktop\PSYCHOPY\STROOP\data\0022_stroop_2025-08-22_17h22.45.543.psydat
127.6306 	WARNING 	Stopping key buffers but this could be dangerous ifother keyboards rely on the same.
127.7113 	WARNING 	Stopping key buffers but this could be dangerous ifother keyboards rely on the same.
