31.1881 	INFO 	Loaded monitor calibration from ['2025_08_11 19:48']
31.2130 	WARNING 	User requested fullscreen with size [1024  768], but screen is actually [1920, 1080]. Using actual size
31.5547 	INFO 	Using renderer 'AMD Radeon(TM) Graphics' for graphics
31.5548 	INFO 	OpenGL version supported by driver is 4..
31.6271 	EXP 	Created window1 = Window(allowGUI=False, allowStencil=False, autoLog=True, backendConf=UNKNOWN, backgroundFit=<method-wrapper '__getattribute__' of attributeSetter object at 0x0000022B24894400>, backgroundImage=<method-wrapper '__getattribute__' of attributeSetter object at 0x0000022B248943A0>, bitsMode=UNKNOWN, blendMode='avg', bpc=(8, 8, 8), color=array([0, 0, 0]), colorSpace='rgb', depthBits=8, fullscr=True, gamma=None, gammaErrorPolicy='raise', infoMsg=UNKNOWN, lms=UNKNOWN, monitor=<psychopy.monitors.calibTools.Monitor object at 0x0000022B24949C60>, multiSample=False, name='window1', numSamples=2, pos=[np.float64(0.0), np.float64(0.0)], screen=0, size=array([1920, 1080]), stencilBits=0, stereo=False, title='PsychoPy', units='height', useFBO=True, useRetina=False, viewOri=0.0, viewPos=None, viewScale=None, waitBlanking=True, winType='pyglet')
31.6272 	EXP 	window1: backgroundImage = ''
31.6272 	EXP 	window1: backgroundFit = 'none'
32.4908 	EXP 	window1: Attempting to measure frame rate of screen (0) ...
32.4910 	EXP 	window1: recordFrameIntervals = False
32.7703 	EXP 	window1: recordFrameIntervals = True
32.9690 	EXP 	Screen (0) actual frame rate measured at 60.85Hz
32.9690 	EXP 	window1: recordFrameIntervals = False
33.0575 	INFO 	keyboard.Keyboard is using ptb backend.
33.0578 	INFO 	keyboard.Keyboard is using ptb backend.
33.0579 	EXP 	stroop: status = STARTED
33.1563 	EXP 	Created text_2 = TextStim(__class__=<class 'psychopy.visual.text.TextStim'>, alignHoriz=method-wrapper(...), alignText='center', alignVert=method-wrapper(...), anchorHoriz='center', anchorVert='center', antialias=True, autoDraw=False, autoLog=True, bold=False, color=array([1., 1., 1.]), colorSpace='rgb', contrast=1.0, depth=0.0, draggable=False, flipHoriz=False, flipVert=False, font='Arial', fontFiles=[], height=np.float64(0.05), italic=False, languageStyle='LTR', name='text_2', opacity=1, ori=0.0, pos=array([0., 0.]), rgb=UNKNOWN, text='WELCOME ', units='height', win=Window(...), wrapWidth=1)
33.1656 	EXP 	Created fixation = ShapeStim(__class__=<class 'psychopy.visual.shape.ShapeStim'>, anchor=('center', 'center'), autoDraw=False, autoLog=True, closeShape=True, color=method-wrapper(...), colorSpace='rgb', contrast=None, depth=0.0, draggable=False, fillColor=array([1, 1, 1]), fillColorSpace='rgb', fillRGB=array([1, 1, 1]), interpolate=True, lineColor=array([1., 1., 1.]), lineColorSpace='rgb', lineRGB=array([1, 1, 1]), lineWidth=1.0, name='fixation', opacity=1, ori=0.0, pos=array([0., 0.]), size=array([10., 10.]), units='pix', vertices=ndarray(...), win=Window(...), windingRule=None)
33.1673 	EXP 	Created text = TextStim(__class__=<class 'psychopy.visual.text.TextStim'>, alignHoriz=method-wrapper(...), alignText='center', alignVert=method-wrapper(...), anchorHoriz='center', anchorVert='center', antialias=True, autoDraw=False, autoLog=True, bold=False, color=array([1., 1., 1.]), colorSpace='rgb', contrast=1.0, depth=-1.0, draggable=False, flipHoriz=False, flipVert=False, font='Arial', fontFiles=[], height=0.05, italic=False, languageStyle='LTR', name='text', opacity=1, ori=0.0, pos=array([0., 0.]), rgb=UNKNOWN, text='', units='height', win=Window(...), wrapWidth=1)
33.1822 	EXP 	Created text_3 = TextStim(__class__=<class 'psychopy.visual.text.TextStim'>, alignHoriz=method-wrapper(...), alignText='center', alignVert=method-wrapper(...), anchorHoriz='center', anchorVert='center', antialias=True, autoDraw=False, autoLog=True, bold=False, color=array([1., 1., 1.]), colorSpace='rgb', contrast=1.0, depth=0.0, draggable=False, flipHoriz=False, flipVert=False, font='Arial', fontFiles=[], height=np.float64(0.05), italic=False, languageStyle='LTR', name='text_3', opacity=1, ori=0.0, pos=array([0., 0.]), rgb=UNKNOWN, text='THANK YOU!\n', units='height', win=Window(...), wrapWidth=1)
0.0195 	EXP 	text_2: autoDraw = True
1.0151 	EXP 	Imported conditions.xlsx as conditions, 4 conditions, 4 params
1.0208 	EXP 	New trial (rep=0, index=0): <Trial 0 (0 in rep 0) data={'word': 'RED', 'colour': 'red', 'stim_condition': 'C', 'correct_res': 'r', 'thisN': 0, 'thisTrialN': 0, 'thisRepN': 0}>
1.0377 	EXP 	text_2: autoDraw = False
1.0377 	EXP 	text: foreColor = <psychopy.colors.Color: red, alpha=1.0>
1.0377 	EXP 	text: height = np.float64(0.05)
1.0377 	EXP 	text: height = np.float64(0.05)
1.0377 	EXP 	text: height = np.float64(0.05)
1.0377 	EXP 	text: text = 'RED'
1.0377 	EXP 	fixation: autoDraw = True
1.5029 	INFO 	Keyboard events cleared
1.5027 	EXP 	fixation: autoDraw = False
1.5027 	EXP 	text: autoDraw = True
2.3107 	EXP 	Device response: <KeyPress from None: t=2.2999971999997797, value=r, duration=None>
2.3110 	EXP 	New trial (rep=0, index=1): <Trial 1 (1 in rep 0) data={'word': 'BLUE ', 'colour': 'blue', 'stim_condition': 'C', 'correct_res': 'b', 'thisN': 1, 'thisTrialN': 1, 'thisRepN': 0}>
2.3196 	DATA 	Keypress: r
2.3278 	EXP 	fixation: autoDraw = False
2.3278 	EXP 	text: autoDraw = False
2.3278 	EXP 	text: foreColor = <psychopy.colors.Color: blue, alpha=1.0>
2.3278 	EXP 	text: height = np.float64(0.05)
2.3278 	EXP 	text: height = np.float64(0.05)
2.3278 	EXP 	text: height = np.float64(0.05)
2.3278 	EXP 	text: text = 'BLUE '
2.3278 	EXP 	fixation: autoDraw = True
2.4201 	EXP 	Device response: <KeyPress from None: t=2.2999971999997797, value=r, duration=0.11964739999984886>
2.8197 	INFO 	Keyboard events cleared
2.8196 	EXP 	fixation: autoDraw = False
2.8196 	EXP 	text: autoDraw = True
3.6369 	EXP 	Device response: <KeyPress from None: t=3.625490599999466, value=b, duration=None>
3.6373 	EXP 	New trial (rep=0, index=2): <Trial 2 (2 in rep 0) data={'word': 'BLUE ', 'colour': 'red', 'stim_condition': 'I', 'correct_res': 'r', 'thisN': 2, 'thisTrialN': 2, 'thisRepN': 0}>
3.6390 	DATA 	Keypress: b
3.6528 	EXP 	fixation: autoDraw = False
3.6528 	EXP 	text: autoDraw = False
3.6528 	EXP 	text: foreColor = <psychopy.colors.Color: red, alpha=1.0>
3.6528 	EXP 	text: text = 'BLUE '
3.6528 	EXP 	fixation: autoDraw = True
3.7363 	EXP 	Device response: <KeyPress from None: t=3.625490599999466, value=b, duration=0.10397509999984322>
4.1531 	INFO 	Keyboard events cleared
4.1530 	EXP 	fixation: autoDraw = False
4.1530 	EXP 	text: autoDraw = True
5.0551 	DATA 	Keypress: r
5.0699 	EXP 	Device response: <KeyPress from None: t=5.05345269999998, value=r, duration=None>
5.0702 	EXP 	New trial (rep=0, index=3): <Trial 3 (3 in rep 0) data={'word': 'RED', 'colour': 'blue', 'stim_condition': 'I', 'correct_res': 'b', 'thisN': 3, 'thisTrialN': 3, 'thisRepN': 0}>
5.0852 	EXP 	fixation: autoDraw = False
5.0852 	EXP 	text: autoDraw = False
5.0852 	EXP 	text: foreColor = <psychopy.colors.Color: blue, alpha=1.0>
5.0852 	EXP 	text: height = np.float64(0.05)
5.0852 	EXP 	text: height = np.float64(0.05)
5.0852 	EXP 	text: height = np.float64(0.05)
5.0852 	EXP 	text: text = 'RED'
5.0852 	EXP 	fixation: autoDraw = True
5.1701 	EXP 	Device response: <KeyPress from None: t=5.05345269999998, value=r, duration=0.10560799999984738>
5.5699 	INFO 	Keyboard events cleared
5.5697 	EXP 	fixation: autoDraw = False
5.5697 	EXP 	text: autoDraw = True
6.8047 	EXP 	Device response: <KeyPress from None: t=6.802865499999825, value=b, duration=None>
6.8051 	EXP 	New trial (rep=1, index=0): <Trial 4 (0 in rep 1) data={'word': 'BLUE ', 'colour': 'blue', 'stim_condition': 'C', 'correct_res': 'b', 'thisN': 4, 'thisTrialN': 0, 'thisRepN': 1}>
6.8094 	DATA 	Keypress: b
6.8194 	EXP 	fixation: autoDraw = False
6.8194 	EXP 	text: autoDraw = False
6.8194 	EXP 	text: foreColor = <psychopy.colors.Color: blue, alpha=1.0>
6.8194 	EXP 	text: height = np.float64(0.05)
6.8194 	EXP 	text: height = np.float64(0.05)
6.8194 	EXP 	text: height = np.float64(0.05)
6.8194 	EXP 	text: text = 'BLUE '
6.8194 	EXP 	fixation: autoDraw = True
6.9368 	EXP 	Device response: <KeyPress from None: t=6.802865499999825, value=b, duration=0.1275564999996277>
7.3199 	INFO 	Keyboard events cleared
7.3197 	EXP 	fixation: autoDraw = False
7.3197 	EXP 	text: autoDraw = True
7.8877 	DATA 	Keypress: b
7.9028 	EXP 	Device response: <KeyPress from None: t=7.887221899999531, value=b, duration=None>
7.9031 	EXP 	New trial (rep=1, index=1): <Trial 5 (1 in rep 1) data={'word': 'RED', 'colour': 'blue', 'stim_condition': 'I', 'correct_res': 'b', 'thisN': 5, 'thisTrialN': 1, 'thisRepN': 1}>
7.9191 	EXP 	fixation: autoDraw = False
7.9191 	EXP 	text: autoDraw = False
7.9191 	EXP 	text: foreColor = <psychopy.colors.Color: blue, alpha=1.0>
7.9191 	EXP 	text: height = np.float64(0.05)
7.9191 	EXP 	text: height = np.float64(0.05)
7.9191 	EXP 	text: height = np.float64(0.05)
7.9191 	EXP 	text: text = 'RED'
7.9191 	EXP 	fixation: autoDraw = True
8.0196 	EXP 	Device response: <KeyPress from None: t=7.887221899999531, value=b, duration=0.1296132999996189>
8.4035 	INFO 	Keyboard events cleared
8.4033 	EXP 	fixation: autoDraw = False
8.4033 	EXP 	text: autoDraw = True
9.4536 	EXP 	Device response: <KeyPress from None: t=9.43831769999997, value=b, duration=None>
9.4540 	EXP 	New trial (rep=1, index=2): <Trial 6 (2 in rep 1) data={'word': 'RED', 'colour': 'red', 'stim_condition': 'C', 'correct_res': 'r', 'thisN': 6, 'thisTrialN': 2, 'thisRepN': 1}>
9.4558 	DATA 	Keypress: b
9.4695 	EXP 	fixation: autoDraw = False
9.4695 	EXP 	text: autoDraw = False
9.4695 	EXP 	text: foreColor = <psychopy.colors.Color: red, alpha=1.0>
9.4695 	EXP 	text: text = 'RED'
9.4695 	EXP 	fixation: autoDraw = True
9.6200 	EXP 	Device response: <KeyPress from None: t=9.43831769999997, value=b, duration=0.16749519999939366>
9.9529 	INFO 	Keyboard events cleared
9.9528 	EXP 	fixation: autoDraw = False
9.9528 	EXP 	text: autoDraw = True
10.7547 	DATA 	Keypress: r
10.7701 	EXP 	Device response: <KeyPress from None: t=10.753703200000018, value=r, duration=None>
10.7704 	EXP 	New trial (rep=1, index=3): <Trial 7 (3 in rep 1) data={'word': 'BLUE ', 'colour': 'red', 'stim_condition': 'I', 'correct_res': 'r', 'thisN': 7, 'thisTrialN': 3, 'thisRepN': 1}>
10.7859 	EXP 	fixation: autoDraw = False
10.7859 	EXP 	text: autoDraw = False
10.7859 	EXP 	text: foreColor = <psychopy.colors.Color: red, alpha=1.0>
10.7859 	EXP 	text: height = np.float64(0.05)
10.7859 	EXP 	text: height = np.float64(0.05)
10.7859 	EXP 	text: height = np.float64(0.05)
10.7859 	EXP 	text: text = 'BLUE '
10.7859 	EXP 	fixation: autoDraw = True
10.9196 	EXP 	Device response: <KeyPress from None: t=10.753703200000018, value=r, duration=0.1503354999995281>
11.2706 	INFO 	Keyboard events cleared
11.2704 	EXP 	fixation: autoDraw = False
11.2704 	EXP 	text: autoDraw = True
11.8369 	EXP 	Device response: <KeyPress from None: t=11.82639189999918, value=b, duration=None>
11.8374 	EXP 	New trial (rep=2, index=0): <Trial 8 (0 in rep 2) data={'word': 'BLUE ', 'colour': 'blue', 'stim_condition': 'C', 'correct_res': 'b', 'thisN': 8, 'thisTrialN': 0, 'thisRepN': 2}>
11.8390 	DATA 	Keypress: b
11.8529 	EXP 	fixation: autoDraw = False
11.8529 	EXP 	text: autoDraw = False
11.8529 	EXP 	text: foreColor = <psychopy.colors.Color: blue, alpha=1.0>
11.8529 	EXP 	text: text = 'BLUE '
11.8529 	EXP 	fixation: autoDraw = True
11.9868 	EXP 	Device response: <KeyPress from None: t=11.82639189999918, value=b, duration=0.15770610000072338>
12.3366 	INFO 	Keyboard events cleared
12.3364 	EXP 	fixation: autoDraw = False
12.3364 	EXP 	text: autoDraw = True
13.3367 	EXP 	Device response: <KeyPress from None: t=13.334071699999186, value=b, duration=None>
13.3371 	EXP 	New trial (rep=2, index=1): <Trial 9 (1 in rep 2) data={'word': 'RED', 'colour': 'red', 'stim_condition': 'C', 'correct_res': 'r', 'thisN': 9, 'thisTrialN': 1, 'thisRepN': 2}>
13.3411 	DATA 	Keypress: b
13.3532 	EXP 	fixation: autoDraw = False
13.3532 	EXP 	text: autoDraw = False
13.3532 	EXP 	text: foreColor = <psychopy.colors.Color: red, alpha=1.0>
13.3532 	EXP 	text: height = np.float64(0.05)
13.3532 	EXP 	text: height = np.float64(0.05)
13.3532 	EXP 	text: height = np.float64(0.05)
13.3532 	EXP 	text: text = 'RED'
13.3532 	EXP 	fixation: autoDraw = True
13.4862 	EXP 	Device response: <KeyPress from None: t=13.334071699999186, value=b, duration=0.1463394000002154>
13.8365 	INFO 	Keyboard events cleared
13.8363 	EXP 	fixation: autoDraw = False
13.8363 	EXP 	text: autoDraw = True
14.5704 	EXP 	Device response: <KeyPress from None: t=14.554645899999741, value=r, duration=None>
14.5708 	EXP 	New trial (rep=2, index=2): <Trial 10 (2 in rep 2) data={'word': 'BLUE ', 'colour': 'red', 'stim_condition': 'I', 'correct_res': 'r', 'thisN': 10, 'thisTrialN': 2, 'thisRepN': 2}>
14.5752 	DATA 	Keypress: r
14.5852 	EXP 	fixation: autoDraw = False
14.5852 	EXP 	text: autoDraw = False
14.5852 	EXP 	text: foreColor = <psychopy.colors.Color: red, alpha=1.0>
14.5852 	EXP 	text: height = np.float64(0.05)
14.5852 	EXP 	text: height = np.float64(0.05)
14.5852 	EXP 	text: height = np.float64(0.05)
14.5852 	EXP 	text: text = 'BLUE '
14.5852 	EXP 	fixation: autoDraw = True
14.7036 	EXP 	Device response: <KeyPress from None: t=14.554645899999741, value=r, duration=0.14819799999986571>
15.0863 	INFO 	Keyboard events cleared
15.0861 	EXP 	fixation: autoDraw = False
15.0861 	EXP 	text: autoDraw = True
15.9202 	EXP 	Device response: <KeyPress from None: t=15.91810489999989, value=r, duration=None>
15.9206 	EXP 	New trial (rep=2, index=3): <Trial 11 (3 in rep 2) data={'word': 'RED', 'colour': 'blue', 'stim_condition': 'I', 'correct_res': 'b', 'thisN': 11, 'thisTrialN': 3, 'thisRepN': 2}>
15.9249 	DATA 	Keypress: r
15.9365 	EXP 	fixation: autoDraw = False
15.9365 	EXP 	text: autoDraw = False
15.9365 	EXP 	text: foreColor = <psychopy.colors.Color: blue, alpha=1.0>
15.9365 	EXP 	text: height = np.float64(0.05)
15.9365 	EXP 	text: height = np.float64(0.05)
15.9365 	EXP 	text: height = np.float64(0.05)
15.9365 	EXP 	text: text = 'RED'
15.9365 	EXP 	fixation: autoDraw = True
16.0869 	EXP 	Device response: <KeyPress from None: t=15.91810489999989, value=r, duration=0.16310410000005504>
16.4365 	INFO 	Keyboard events cleared
16.4364 	EXP 	fixation: autoDraw = False
16.4364 	EXP 	text: autoDraw = True
17.2197 	EXP 	Device response: <KeyPress from None: t=17.20708519999971, value=b, duration=None>
17.2200 	EXP 	New trial (rep=3, index=0): <Trial 12 (0 in rep 3) data={'word': 'RED', 'colour': 'red', 'stim_condition': 'C', 'correct_res': 'r', 'thisN': 12, 'thisTrialN': 0, 'thisRepN': 3}>
17.2217 	DATA 	Keypress: b
17.2352 	EXP 	fixation: autoDraw = False
17.2352 	EXP 	text: autoDraw = False
17.2352 	EXP 	text: foreColor = <psychopy.colors.Color: red, alpha=1.0>
17.2352 	EXP 	text: text = 'RED'
17.2352 	EXP 	fixation: autoDraw = True
17.3530 	EXP 	Device response: <KeyPress from None: t=17.20708519999971, value=b, duration=0.1453044999998383>
17.7197 	INFO 	Keyboard events cleared
17.7196 	EXP 	fixation: autoDraw = False
17.7196 	EXP 	text: autoDraw = True
18.7366 	EXP 	Device response: <KeyPress from None: t=18.726568599999155, value=r, duration=None>
18.7370 	EXP 	New trial (rep=3, index=1): <Trial 13 (1 in rep 3) data={'word': 'BLUE ', 'colour': 'blue', 'stim_condition': 'C', 'correct_res': 'b', 'thisN': 13, 'thisTrialN': 1, 'thisRepN': 3}>
18.7420 	DATA 	Keypress: r
18.7529 	EXP 	fixation: autoDraw = False
18.7529 	EXP 	text: autoDraw = False
18.7529 	EXP 	text: foreColor = <psychopy.colors.Color: blue, alpha=1.0>
18.7529 	EXP 	text: height = np.float64(0.05)
18.7529 	EXP 	text: height = np.float64(0.05)
18.7529 	EXP 	text: height = np.float64(0.05)
18.7529 	EXP 	text: text = 'BLUE '
18.7529 	EXP 	fixation: autoDraw = True
18.8708 	EXP 	Device response: <KeyPress from None: t=18.726568599999155, value=r, duration=0.1284244000007675>
19.2360 	INFO 	Keyboard events cleared
19.2359 	EXP 	fixation: autoDraw = False
19.2359 	EXP 	text: autoDraw = True
19.9701 	EXP 	Device response: <KeyPress from None: t=19.965373, value=b, duration=None>
19.9704 	EXP 	New trial (rep=3, index=2): <Trial 14 (2 in rep 3) data={'word': 'BLUE ', 'colour': 'red', 'stim_condition': 'I', 'correct_res': 'r', 'thisN': 14, 'thisTrialN': 2, 'thisRepN': 3}>
19.9722 	DATA 	Keypress: b
19.9863 	EXP 	fixation: autoDraw = False
19.9863 	EXP 	text: autoDraw = False
19.9863 	EXP 	text: foreColor = <psychopy.colors.Color: red, alpha=1.0>
19.9863 	EXP 	text: text = 'BLUE '
19.9863 	EXP 	fixation: autoDraw = True
20.1530 	EXP 	Device response: <KeyPress from None: t=19.965373, value=b, duration=0.1801636000000144>
20.4694 	INFO 	Keyboard events cleared
20.4693 	EXP 	fixation: autoDraw = False
20.4693 	EXP 	text: autoDraw = True
21.3885 	DATA 	Keypress: r
21.4037 	EXP 	Device response: <KeyPress from None: t=21.387475799999265, value=r, duration=None>
21.4041 	EXP 	New trial (rep=3, index=3): <Trial 15 (3 in rep 3) data={'word': 'RED', 'colour': 'blue', 'stim_condition': 'I', 'correct_res': 'b', 'thisN': 15, 'thisTrialN': 3, 'thisRepN': 3}>
21.4192 	EXP 	fixation: autoDraw = False
21.4192 	EXP 	text: autoDraw = False
21.4192 	EXP 	text: foreColor = <psychopy.colors.Color: blue, alpha=1.0>
21.4192 	EXP 	text: height = np.float64(0.05)
21.4192 	EXP 	text: height = np.float64(0.05)
21.4192 	EXP 	text: height = np.float64(0.05)
21.4192 	EXP 	text: text = 'RED'
21.4192 	EXP 	fixation: autoDraw = True
21.5701 	EXP 	Device response: <KeyPress from None: t=21.387475799999265, value=r, duration=0.16585329999998066>
21.9198 	INFO 	Keyboard events cleared
21.9197 	EXP 	fixation: autoDraw = False
21.9197 	EXP 	text: autoDraw = True
23.3865 	EXP 	Device response: <KeyPress from None: t=23.379194399999506, value=b, duration=None>
23.3868 	EXP 	New trial (rep=4, index=0): <Trial 16 (0 in rep 4) data={'word': 'BLUE ', 'colour': 'red', 'stim_condition': 'I', 'correct_res': 'r', 'thisN': 16, 'thisTrialN': 0, 'thisRepN': 4}>
23.3910 	DATA 	Keypress: b
23.4028 	EXP 	fixation: autoDraw = False
23.4028 	EXP 	text: autoDraw = False
23.4028 	EXP 	text: foreColor = <psychopy.colors.Color: red, alpha=1.0>
23.4028 	EXP 	text: height = np.float64(0.05)
23.4028 	EXP 	text: height = np.float64(0.05)
23.4028 	EXP 	text: height = np.float64(0.05)
23.4028 	EXP 	text: text = 'BLUE '
23.4028 	EXP 	fixation: autoDraw = True
23.5530 	EXP 	Device response: <KeyPress from None: t=23.379194399999506, value=b, duration=0.1609742999999071>
23.8864 	INFO 	Keyboard events cleared
23.8862 	EXP 	fixation: autoDraw = False
23.8862 	EXP 	text: autoDraw = True
25.2032 	EXP 	Device response: <KeyPress from None: t=25.196657399999822, value=b, duration=None>
25.2035 	EXP 	New trial (rep=4, index=1): <Trial 17 (1 in rep 4) data={'word': 'RED', 'colour': 'red', 'stim_condition': 'C', 'correct_res': 'r', 'thisN': 17, 'thisTrialN': 1, 'thisRepN': 4}>
25.2082 	DATA 	Keypress: b
25.2195 	EXP 	fixation: autoDraw = False
25.2195 	EXP 	text: autoDraw = False
25.2195 	EXP 	text: foreColor = <psychopy.colors.Color: red, alpha=1.0>
25.2195 	EXP 	text: height = np.float64(0.05)
25.2195 	EXP 	text: height = np.float64(0.05)
25.2195 	EXP 	text: height = np.float64(0.05)
25.2195 	EXP 	text: text = 'RED'
25.2195 	EXP 	fixation: autoDraw = True
25.3866 	EXP 	Device response: <KeyPress from None: t=25.196657399999822, value=b, duration=0.1874072000000524>
25.7031 	INFO 	Keyboard events cleared
25.7029 	EXP 	fixation: autoDraw = False
25.7029 	EXP 	text: autoDraw = True
26.7715 	DATA 	Keypress: r
26.7870 	EXP 	Device response: <KeyPress from None: t=26.770323099999587, value=r, duration=None>
26.7874 	EXP 	New trial (rep=4, index=2): <Trial 18 (2 in rep 4) data={'word': 'RED', 'colour': 'blue', 'stim_condition': 'I', 'correct_res': 'b', 'thisN': 18, 'thisTrialN': 2, 'thisRepN': 4}>
26.8027 	EXP 	fixation: autoDraw = False
26.8027 	EXP 	text: autoDraw = False
26.8027 	EXP 	text: foreColor = <psychopy.colors.Color: blue, alpha=1.0>
26.8027 	EXP 	text: text = 'RED'
26.8027 	EXP 	fixation: autoDraw = True
26.9206 	EXP 	Device response: <KeyPress from None: t=26.770323099999587, value=r, duration=0.14893690000008064>
27.3030 	INFO 	Keyboard events cleared
27.3029 	EXP 	fixation: autoDraw = False
27.3029 	EXP 	text: autoDraw = True
28.3031 	EXP 	Device response: <KeyPress from None: t=28.299381599999833, value=b, duration=None>
28.3035 	EXP 	New trial (rep=4, index=3): <Trial 19 (3 in rep 4) data={'word': 'BLUE ', 'colour': 'blue', 'stim_condition': 'C', 'correct_res': 'b', 'thisN': 19, 'thisTrialN': 3, 'thisRepN': 4}>
28.3083 	DATA 	Keypress: b
28.3194 	EXP 	fixation: autoDraw = False
28.3194 	EXP 	text: autoDraw = False
28.3194 	EXP 	text: foreColor = <psychopy.colors.Color: blue, alpha=1.0>
28.3194 	EXP 	text: height = np.float64(0.05)
28.3194 	EXP 	text: height = np.float64(0.05)
28.3194 	EXP 	text: height = np.float64(0.05)
28.3194 	EXP 	text: text = 'BLUE '
28.3194 	EXP 	fixation: autoDraw = True
28.4368 	EXP 	Device response: <KeyPress from None: t=28.299381599999833, value=b, duration=0.12314629999946192>
28.8031 	INFO 	Keyboard events cleared
28.8029 	EXP 	fixation: autoDraw = False
28.8029 	EXP 	text: autoDraw = True
29.2699 	EXP 	Device response: <KeyPress from None: t=29.263305199999195, value=b, duration=None>
29.2703 	EXP 	New trial (rep=5, index=0): <Trial 20 (0 in rep 5) data={'word': 'BLUE ', 'colour': 'blue', 'stim_condition': 'C', 'correct_res': 'b', 'thisN': 20, 'thisTrialN': 0, 'thisRepN': 5}>
29.2720 	DATA 	Keypress: b
29.2854 	EXP 	fixation: autoDraw = False
29.2854 	EXP 	text: autoDraw = False
29.2854 	EXP 	text: foreColor = <psychopy.colors.Color: blue, alpha=1.0>
29.2854 	EXP 	text: text = 'BLUE '
29.2854 	EXP 	fixation: autoDraw = True
29.3702 	EXP 	Device response: <KeyPress from None: t=29.263305199999195, value=b, duration=0.10220030000073166>
29.7698 	INFO 	Keyboard events cleared
29.7696 	EXP 	fixation: autoDraw = False
29.7696 	EXP 	text: autoDraw = True
30.6036 	EXP 	Device response: <KeyPress from None: t=30.58882249999988, value=b, duration=None>
30.6041 	EXP 	New trial (rep=5, index=1): <Trial 21 (1 in rep 5) data={'word': 'RED', 'colour': 'blue', 'stim_condition': 'I', 'correct_res': 'b', 'thisN': 21, 'thisTrialN': 1, 'thisRepN': 5}>
30.6082 	DATA 	Keypress: b
30.6196 	EXP 	fixation: autoDraw = False
30.6196 	EXP 	text: autoDraw = False
30.6196 	EXP 	text: foreColor = <psychopy.colors.Color: blue, alpha=1.0>
30.6196 	EXP 	text: height = np.float64(0.05)
30.6196 	EXP 	text: height = np.float64(0.05)
30.6196 	EXP 	text: height = np.float64(0.05)
30.6196 	EXP 	text: text = 'RED'
30.6196 	EXP 	fixation: autoDraw = True
30.7529 	EXP 	Device response: <KeyPress from None: t=30.58882249999988, value=b, duration=0.14868659999956435>
31.1206 	INFO 	Keyboard events cleared
31.1204 	EXP 	fixation: autoDraw = False
31.1204 	EXP 	text: autoDraw = True
32.0036 	EXP 	Device response: <KeyPress from None: t=32.00181479999992, value=r, duration=None>
32.0039 	EXP 	New trial (rep=5, index=2): <Trial 22 (2 in rep 5) data={'word': 'BLUE ', 'colour': 'red', 'stim_condition': 'I', 'correct_res': 'r', 'thisN': 22, 'thisTrialN': 2, 'thisRepN': 5}>
32.0087 	DATA 	Keypress: r
32.0196 	EXP 	fixation: autoDraw = False
32.0196 	EXP 	text: autoDraw = False
32.0196 	EXP 	text: foreColor = <psychopy.colors.Color: red, alpha=1.0>
32.0196 	EXP 	text: height = np.float64(0.05)
32.0196 	EXP 	text: height = np.float64(0.05)
32.0196 	EXP 	text: height = np.float64(0.05)
32.0196 	EXP 	text: text = 'BLUE '
32.0196 	EXP 	fixation: autoDraw = True
32.1364 	EXP 	Device response: <KeyPress from None: t=32.00181479999992, value=r, duration=0.11856369999986782>
32.5029 	INFO 	Keyboard events cleared
32.5027 	EXP 	fixation: autoDraw = False
32.5027 	EXP 	text: autoDraw = True
33.1530 	EXP 	Device response: <KeyPress from None: t=33.14565459999994, value=b, duration=None>
33.1533 	EXP 	New trial (rep=5, index=3): <Trial 23 (3 in rep 5) data={'word': 'RED', 'colour': 'red', 'stim_condition': 'C', 'correct_res': 'r', 'thisN': 23, 'thisTrialN': 3, 'thisRepN': 5}>
33.1572 	DATA 	Keypress: b
33.1697 	EXP 	fixation: autoDraw = False
33.1697 	EXP 	text: autoDraw = False
33.1697 	EXP 	text: foreColor = <psychopy.colors.Color: red, alpha=1.0>
33.1697 	EXP 	text: height = np.float64(0.05)
33.1697 	EXP 	text: height = np.float64(0.05)
33.1697 	EXP 	text: height = np.float64(0.05)
33.1697 	EXP 	text: text = 'RED'
33.1697 	EXP 	fixation: autoDraw = True
33.3038 	EXP 	Device response: <KeyPress from None: t=33.14565459999994, value=b, duration=0.1518209999994724>
33.6534 	INFO 	Keyboard events cleared
33.6532 	EXP 	fixation: autoDraw = False
33.6532 	EXP 	text: autoDraw = True
34.3534 	EXP 	Device response: <KeyPress from None: t=34.35023439999986, value=r, duration=None>
34.3538 	EXP 	New trial (rep=6, index=0): <Trial 24 (0 in rep 6) data={'word': 'BLUE ', 'colour': 'blue', 'stim_condition': 'C', 'correct_res': 'b', 'thisN': 24, 'thisTrialN': 0, 'thisRepN': 6}>
34.3581 	DATA 	Keypress: r
34.3694 	EXP 	fixation: autoDraw = False
34.3694 	EXP 	text: autoDraw = False
34.3694 	EXP 	text: foreColor = <psychopy.colors.Color: blue, alpha=1.0>
34.3694 	EXP 	text: height = np.float64(0.05)
34.3694 	EXP 	text: height = np.float64(0.05)
34.3694 	EXP 	text: height = np.float64(0.05)
34.3694 	EXP 	text: text = 'BLUE '
34.3694 	EXP 	fixation: autoDraw = True
34.5025 	EXP 	Device response: <KeyPress from None: t=34.35023439999986, value=r, duration=0.13679950000005192>
34.8534 	INFO 	Keyboard events cleared
34.8532 	EXP 	fixation: autoDraw = False
34.8532 	EXP 	text: autoDraw = True
35.5214 	EXP 	Device response: <KeyPress from None: t=35.51047479999943, value=b, duration=None>
35.5217 	EXP 	New trial (rep=6, index=1): <Trial 25 (1 in rep 6) data={'word': 'RED', 'colour': 'blue', 'stim_condition': 'I', 'correct_res': 'b', 'thisN': 25, 'thisTrialN': 1, 'thisRepN': 6}>
35.5258 	DATA 	Keypress: b
35.5364 	EXP 	fixation: autoDraw = False
35.5364 	EXP 	text: autoDraw = False
35.5364 	EXP 	text: foreColor = <psychopy.colors.Color: blue, alpha=1.0>
35.5364 	EXP 	text: height = np.float64(0.05)
35.5364 	EXP 	text: height = np.float64(0.05)
35.5364 	EXP 	text: height = np.float64(0.05)
35.5364 	EXP 	text: text = 'RED'
35.5364 	EXP 	fixation: autoDraw = True
35.6858 	EXP 	Device response: <KeyPress from None: t=35.51047479999943, value=b, duration=0.1630592000001343>
36.0369 	INFO 	Keyboard events cleared
36.0367 	EXP 	fixation: autoDraw = False
36.0367 	EXP 	text: autoDraw = True
37.0033 	EXP 	Device response: <KeyPress from None: t=36.994988499999636, value=b, duration=None>
37.0036 	EXP 	New trial (rep=6, index=2): <Trial 26 (2 in rep 6) data={'word': 'BLUE ', 'colour': 'red', 'stim_condition': 'I', 'correct_res': 'r', 'thisN': 26, 'thisTrialN': 2, 'thisRepN': 6}>
37.0092 	DATA 	Keypress: b
37.0198 	EXP 	fixation: autoDraw = False
37.0198 	EXP 	text: autoDraw = False
37.0198 	EXP 	text: foreColor = <psychopy.colors.Color: red, alpha=1.0>
37.0198 	EXP 	text: height = np.float64(0.05)
37.0198 	EXP 	text: height = np.float64(0.05)
37.0198 	EXP 	text: height = np.float64(0.05)
37.0198 	EXP 	text: text = 'BLUE '
37.0198 	EXP 	fixation: autoDraw = True
37.1862 	EXP 	Device response: <KeyPress from None: t=36.994988499999636, value=b, duration=0.1895126999997956>
37.5031 	INFO 	Keyboard events cleared
37.5030 	EXP 	fixation: autoDraw = False
37.5030 	EXP 	text: autoDraw = True
38.1034 	EXP 	Device response: <KeyPress from None: t=38.091733499999464, value=r, duration=None>
38.1038 	EXP 	New trial (rep=6, index=3): <Trial 27 (3 in rep 6) data={'word': 'RED', 'colour': 'red', 'stim_condition': 'C', 'correct_res': 'r', 'thisN': 27, 'thisTrialN': 3, 'thisRepN': 6}>
38.1081 	DATA 	Keypress: r
38.1196 	EXP 	fixation: autoDraw = False
38.1196 	EXP 	text: autoDraw = False
38.1196 	EXP 	text: foreColor = <psychopy.colors.Color: red, alpha=1.0>
38.1196 	EXP 	text: height = np.float64(0.05)
38.1196 	EXP 	text: height = np.float64(0.05)
38.1196 	EXP 	text: height = np.float64(0.05)
38.1196 	EXP 	text: text = 'RED'
38.1196 	EXP 	fixation: autoDraw = True
38.2362 	EXP 	Device response: <KeyPress from None: t=38.091733499999464, value=r, duration=0.12946530000044731>
38.6031 	INFO 	Keyboard events cleared
38.6029 	EXP 	fixation: autoDraw = False
38.6029 	EXP 	text: autoDraw = True
39.0700 	EXP 	Device response: <KeyPress from None: t=39.06734849999975, value=r, duration=None>
39.0703 	EXP 	New trial (rep=7, index=0): <Trial 28 (0 in rep 7) data={'word': 'BLUE ', 'colour': 'red', 'stim_condition': 'I', 'correct_res': 'r', 'thisN': 28, 'thisTrialN': 0, 'thisRepN': 7}>
39.0746 	DATA 	Keypress: r
39.0864 	EXP 	fixation: autoDraw = False
39.0864 	EXP 	text: autoDraw = False
39.0864 	EXP 	text: foreColor = <psychopy.colors.Color: red, alpha=1.0>
39.0864 	EXP 	text: height = np.float64(0.05)
39.0864 	EXP 	text: height = np.float64(0.05)
39.0864 	EXP 	text: height = np.float64(0.05)
39.0864 	EXP 	text: text = 'BLUE '
39.0864 	EXP 	fixation: autoDraw = True
39.2037 	EXP 	Device response: <KeyPress from None: t=39.06734849999975, value=r, duration=0.1354390999995303>
39.5698 	INFO 	Keyboard events cleared
39.5696 	EXP 	fixation: autoDraw = False
39.5696 	EXP 	text: autoDraw = True
40.4367 	EXP 	Device response: <KeyPress from None: t=40.42244849999952, value=r, duration=None>
40.4370 	EXP 	New trial (rep=7, index=1): <Trial 29 (1 in rep 7) data={'word': 'BLUE ', 'colour': 'blue', 'stim_condition': 'C', 'correct_res': 'b', 'thisN': 29, 'thisTrialN': 1, 'thisRepN': 7}>
40.4387 	DATA 	Keypress: r
40.4531 	EXP 	fixation: autoDraw = False
40.4531 	EXP 	text: autoDraw = False
40.4531 	EXP 	text: foreColor = <psychopy.colors.Color: blue, alpha=1.0>
40.4531 	EXP 	text: text = 'BLUE '
40.4531 	EXP 	fixation: autoDraw = True
40.5866 	EXP 	Device response: <KeyPress from None: t=40.42244849999952, value=r, duration=0.1602850999997827>
40.9363 	INFO 	Keyboard events cleared
40.9361 	EXP 	fixation: autoDraw = False
40.9361 	EXP 	text: autoDraw = True
41.5533 	EXP 	Device response: <KeyPress from None: t=41.549758799999836, value=b, duration=None>
41.5537 	EXP 	New trial (rep=7, index=2): <Trial 30 (2 in rep 7) data={'word': 'RED', 'colour': 'blue', 'stim_condition': 'I', 'correct_res': 'b', 'thisN': 30, 'thisTrialN': 2, 'thisRepN': 7}>
41.5579 	DATA 	Keypress: b
41.5698 	EXP 	fixation: autoDraw = False
41.5698 	EXP 	text: autoDraw = False
41.5698 	EXP 	text: foreColor = <psychopy.colors.Color: blue, alpha=1.0>
41.5698 	EXP 	text: height = np.float64(0.05)
41.5698 	EXP 	text: height = np.float64(0.05)
41.5698 	EXP 	text: height = np.float64(0.05)
41.5698 	EXP 	text: text = 'RED'
41.5698 	EXP 	fixation: autoDraw = True
41.7533 	EXP 	Device response: <KeyPress from None: t=41.549758799999836, value=b, duration=0.20010920000004262>
42.0534 	INFO 	Keyboard events cleared
42.0532 	EXP 	fixation: autoDraw = False
42.0532 	EXP 	text: autoDraw = True
43.1867 	EXP 	Device response: <KeyPress from None: t=43.18084759999965, value=b, duration=None>
43.1872 	EXP 	New trial (rep=7, index=3): <Trial 31 (3 in rep 7) data={'word': 'RED', 'colour': 'red', 'stim_condition': 'C', 'correct_res': 'r', 'thisN': 31, 'thisTrialN': 3, 'thisRepN': 7}>
43.1889 	DATA 	Keypress: b
43.2025 	EXP 	fixation: autoDraw = False
43.2025 	EXP 	text: autoDraw = False
43.2025 	EXP 	text: foreColor = <psychopy.colors.Color: red, alpha=1.0>
43.2025 	EXP 	text: text = 'RED'
43.2025 	EXP 	fixation: autoDraw = True
43.3544 	EXP 	Device response: <KeyPress from None: t=43.18084759999965, value=b, duration=0.16816110000036133>
43.6866 	INFO 	Keyboard events cleared
43.6864 	EXP 	fixation: autoDraw = False
43.6864 	EXP 	text: autoDraw = True
44.8865 	EXP 	Device response: <KeyPress from None: t=44.88303779999933, value=r, duration=None>
44.8868 	EXP 	New trial (rep=8, index=0): <Trial 32 (0 in rep 8) data={'word': 'RED', 'colour': 'red', 'stim_condition': 'C', 'correct_res': 'r', 'thisN': 32, 'thisTrialN': 0, 'thisRepN': 8}>
44.8884 	DATA 	Keypress: r
44.9024 	EXP 	fixation: autoDraw = False
44.9024 	EXP 	text: autoDraw = False
44.9024 	EXP 	text: foreColor = <psychopy.colors.Color: red, alpha=1.0>
44.9024 	EXP 	text: text = 'RED'
44.9024 	EXP 	fixation: autoDraw = True
45.0035 	EXP 	Device response: <KeyPress from None: t=44.88303779999933, value=r, duration=0.10868900000059512>
45.3864 	INFO 	Keyboard events cleared
45.3862 	EXP 	fixation: autoDraw = False
45.3862 	EXP 	text: autoDraw = True
45.8200 	EXP 	Device response: <KeyPress from None: t=45.81144089999998, value=r, duration=None>
45.8204 	EXP 	New trial (rep=8, index=1): <Trial 33 (1 in rep 8) data={'word': 'BLUE ', 'colour': 'red', 'stim_condition': 'I', 'correct_res': 'r', 'thisN': 33, 'thisTrialN': 1, 'thisRepN': 8}>
45.8259 	DATA 	Keypress: r
45.8359 	EXP 	fixation: autoDraw = False
45.8359 	EXP 	text: autoDraw = False
45.8359 	EXP 	text: foreColor = <psychopy.colors.Color: red, alpha=1.0>
45.8359 	EXP 	text: height = np.float64(0.05)
45.8359 	EXP 	text: height = np.float64(0.05)
45.8359 	EXP 	text: height = np.float64(0.05)
45.8359 	EXP 	text: text = 'BLUE '
45.8359 	EXP 	fixation: autoDraw = True
45.8871 	EXP 	Device response: <KeyPress from None: t=45.81144089999998, value=r, duration=0.07410509999954229>
46.4510 	INFO 	Keyboard events cleared
46.4508 	EXP 	fixation: autoDraw = False
46.4508 	EXP 	text: autoDraw = True
47.1720 	DATA 	Keypress: r
47.1867 	EXP 	Device response: <KeyPress from None: t=47.170607299999574, value=r, duration=None>
47.1871 	EXP 	New trial (rep=8, index=2): <Trial 34 (2 in rep 8) data={'word': 'BLUE ', 'colour': 'blue', 'stim_condition': 'C', 'correct_res': 'b', 'thisN': 34, 'thisTrialN': 2, 'thisRepN': 8}>
47.2024 	EXP 	fixation: autoDraw = False
47.2024 	EXP 	text: autoDraw = False
47.2024 	EXP 	text: foreColor = <psychopy.colors.Color: blue, alpha=1.0>
47.2024 	EXP 	text: text = 'BLUE '
47.2024 	EXP 	fixation: autoDraw = True
47.3369 	EXP 	Device response: <KeyPress from None: t=47.170607299999574, value=r, duration=0.1506848999997601>
47.6864 	INFO 	Keyboard events cleared
47.6863 	EXP 	fixation: autoDraw = False
47.6863 	EXP 	text: autoDraw = True
48.9701 	EXP 	Device response: <KeyPress from None: t=48.96003069999915, value=b, duration=None>
48.9705 	EXP 	New trial (rep=8, index=3): <Trial 35 (3 in rep 8) data={'word': 'RED', 'colour': 'blue', 'stim_condition': 'I', 'correct_res': 'b', 'thisN': 35, 'thisTrialN': 3, 'thisRepN': 8}>
48.9750 	DATA 	Keypress: b
48.9853 	EXP 	fixation: autoDraw = False
48.9853 	EXP 	text: autoDraw = False
48.9853 	EXP 	text: foreColor = <psychopy.colors.Color: blue, alpha=1.0>
48.9853 	EXP 	text: height = np.float64(0.05)
48.9853 	EXP 	text: height = np.float64(0.05)
48.9853 	EXP 	text: height = np.float64(0.05)
48.9853 	EXP 	text: text = 'RED'
48.9853 	EXP 	fixation: autoDraw = True
49.1030 	EXP 	Device response: <KeyPress from None: t=48.96003069999915, value=b, duration=0.13293830000020534>
49.4698 	INFO 	Keyboard events cleared
49.4696 	EXP 	fixation: autoDraw = False
49.4696 	EXP 	text: autoDraw = True
50.5388 	DATA 	Keypress: b
50.5535 	EXP 	Device response: <KeyPress from None: t=50.53791469999942, value=b, duration=None>
50.5540 	EXP 	New trial (rep=9, index=0): <Trial 36 (0 in rep 9) data={'word': 'BLUE ', 'colour': 'blue', 'stim_condition': 'C', 'correct_res': 'b', 'thisN': 36, 'thisTrialN': 0, 'thisRepN': 9}>
50.5696 	EXP 	fixation: autoDraw = False
50.5696 	EXP 	text: autoDraw = False
50.5696 	EXP 	text: foreColor = <psychopy.colors.Color: blue, alpha=1.0>
50.5696 	EXP 	text: height = np.float64(0.05)
50.5696 	EXP 	text: height = np.float64(0.05)
50.5696 	EXP 	text: height = np.float64(0.05)
50.5696 	EXP 	text: text = 'BLUE '
50.5696 	EXP 	fixation: autoDraw = True
50.6868 	EXP 	Device response: <KeyPress from None: t=50.53791469999942, value=b, duration=0.14832040000055713>
51.0530 	INFO 	Keyboard events cleared
51.0529 	EXP 	fixation: autoDraw = False
51.0529 	EXP 	text: autoDraw = True
51.8538 	EXP 	Device response: <KeyPress from None: t=51.85126729999956, value=b, duration=None>
51.8542 	EXP 	New trial (rep=9, index=1): <Trial 37 (1 in rep 9) data={'word': 'RED', 'colour': 'red', 'stim_condition': 'C', 'correct_res': 'r', 'thisN': 37, 'thisTrialN': 1, 'thisRepN': 9}>
51.8586 	DATA 	Keypress: b
51.8695 	EXP 	fixation: autoDraw = False
51.8695 	EXP 	text: autoDraw = False
51.8695 	EXP 	text: foreColor = <psychopy.colors.Color: red, alpha=1.0>
51.8695 	EXP 	text: height = np.float64(0.05)
51.8695 	EXP 	text: height = np.float64(0.05)
51.8695 	EXP 	text: height = np.float64(0.05)
51.8695 	EXP 	text: text = 'RED'
51.8695 	EXP 	fixation: autoDraw = True
52.0029 	EXP 	Device response: <KeyPress from None: t=51.85126729999956, value=b, duration=0.14116310000008525>
52.3696 	INFO 	Keyboard events cleared
52.3694 	EXP 	fixation: autoDraw = False
52.3694 	EXP 	text: autoDraw = True
53.4199 	EXP 	Device response: <KeyPress from None: t=53.41299339999932, value=r, duration=None>
53.4202 	EXP 	New trial (rep=9, index=2): <Trial 38 (2 in rep 9) data={'word': 'BLUE ', 'colour': 'red', 'stim_condition': 'I', 'correct_res': 'r', 'thisN': 38, 'thisTrialN': 2, 'thisRepN': 9}>
53.4243 	DATA 	Keypress: r
53.4355 	EXP 	fixation: autoDraw = False
53.4355 	EXP 	text: autoDraw = False
53.4355 	EXP 	text: foreColor = <psychopy.colors.Color: red, alpha=1.0>
53.4355 	EXP 	text: height = np.float64(0.05)
53.4355 	EXP 	text: height = np.float64(0.05)
53.4355 	EXP 	text: height = np.float64(0.05)
53.4355 	EXP 	text: text = 'BLUE '
53.4355 	EXP 	fixation: autoDraw = True
53.5366 	EXP 	Device response: <KeyPress from None: t=53.41299339999932, value=r, duration=0.1205483000003369>
53.9190 	INFO 	Keyboard events cleared
53.9189 	EXP 	fixation: autoDraw = False
53.9189 	EXP 	text: autoDraw = True
54.8542 	EXP 	Device response: <KeyPress from None: t=54.85016439999981, value=r, duration=None>
54.8546 	EXP 	New trial (rep=9, index=3): <Trial 39 (3 in rep 9) data={'word': 'RED', 'colour': 'blue', 'stim_condition': 'I', 'correct_res': 'b', 'thisN': 39, 'thisTrialN': 3, 'thisRepN': 9}>
54.8587 	DATA 	Keypress: r
54.8695 	EXP 	fixation: autoDraw = False
54.8695 	EXP 	text: autoDraw = False
54.8695 	EXP 	text: foreColor = <psychopy.colors.Color: blue, alpha=1.0>
54.8695 	EXP 	text: height = np.float64(0.05)
54.8695 	EXP 	text: height = np.float64(0.05)
54.8695 	EXP 	text: height = np.float64(0.05)
54.8695 	EXP 	text: text = 'RED'
54.8695 	EXP 	fixation: autoDraw = True
54.9698 	EXP 	Device response: <KeyPress from None: t=54.85016439999981, value=r, duration=0.10525359999974171>
55.3699 	INFO 	Keyboard events cleared
55.3697 	EXP 	fixation: autoDraw = False
55.3697 	EXP 	text: autoDraw = True
56.1201 	EXP 	Device response: <KeyPress from None: t=56.11747379999997, value=b, duration=None>
56.1205 	EXP 	New trial (rep=10, index=0): <Trial 40 (0 in rep 10) data={'word': 'RED', 'colour': 'blue', 'stim_condition': 'I', 'correct_res': 'b', 'thisN': 40, 'thisTrialN': 0, 'thisRepN': 10}>
56.1220 	DATA 	Keypress: b
56.1366 	EXP 	fixation: autoDraw = False
56.1366 	EXP 	text: autoDraw = False
56.1366 	EXP 	text: foreColor = <psychopy.colors.Color: blue, alpha=1.0>
56.1366 	EXP 	text: text = 'RED'
56.1366 	EXP 	fixation: autoDraw = True
56.2696 	EXP 	Device response: <KeyPress from None: t=56.11747379999997, value=b, duration=0.13615949999984878>
56.6198 	INFO 	Keyboard events cleared
56.6197 	EXP 	fixation: autoDraw = False
56.6197 	EXP 	text: autoDraw = True
57.4036 	EXP 	Device response: <KeyPress from None: t=57.4010561999994, value=b, duration=None>
57.4040 	EXP 	New trial (rep=10, index=1): <Trial 41 (1 in rep 10) data={'word': 'BLUE ', 'colour': 'red', 'stim_condition': 'I', 'correct_res': 'r', 'thisN': 41, 'thisTrialN': 1, 'thisRepN': 10}>
57.4084 	DATA 	Keypress: b
57.4205 	EXP 	fixation: autoDraw = False
57.4205 	EXP 	text: autoDraw = False
57.4205 	EXP 	text: foreColor = <psychopy.colors.Color: red, alpha=1.0>
57.4205 	EXP 	text: height = np.float64(0.05)
57.4205 	EXP 	text: height = np.float64(0.05)
57.4205 	EXP 	text: height = np.float64(0.05)
57.4205 	EXP 	text: text = 'BLUE '
57.4205 	EXP 	fixation: autoDraw = True
57.5536 	EXP 	Device response: <KeyPress from None: t=57.4010561999994, value=b, duration=0.14122690000021976>
57.9032 	INFO 	Keyboard events cleared
57.9031 	EXP 	fixation: autoDraw = False
57.9031 	EXP 	text: autoDraw = True
58.7199 	EXP 	Device response: <KeyPress from None: t=58.71260599999914, value=r, duration=None>
58.7202 	EXP 	New trial (rep=10, index=2): <Trial 42 (2 in rep 10) data={'word': 'RED', 'colour': 'red', 'stim_condition': 'C', 'correct_res': 'r', 'thisN': 42, 'thisTrialN': 2, 'thisRepN': 10}>
58.7240 	DATA 	Keypress: r
58.7359 	EXP 	fixation: autoDraw = False
58.7359 	EXP 	text: autoDraw = False
58.7359 	EXP 	text: foreColor = <psychopy.colors.Color: red, alpha=1.0>
58.7359 	EXP 	text: height = np.float64(0.05)
58.7359 	EXP 	text: height = np.float64(0.05)
58.7359 	EXP 	text: height = np.float64(0.05)
58.7359 	EXP 	text: text = 'RED'
58.7359 	EXP 	fixation: autoDraw = True
58.9199 	EXP 	Device response: <KeyPress from None: t=58.71260599999914, value=r, duration=0.19396470000083355>
59.2201 	INFO 	Keyboard events cleared
59.2199 	EXP 	fixation: autoDraw = False
59.2199 	EXP 	text: autoDraw = True
60.1888 	DATA 	Keypress: r
60.2032 	EXP 	Device response: <KeyPress from None: t=60.18651499999942, value=r, duration=None>
60.2036 	EXP 	New trial (rep=10, index=3): <Trial 43 (3 in rep 10) data={'word': 'BLUE ', 'colour': 'blue', 'stim_condition': 'C', 'correct_res': 'b', 'thisN': 43, 'thisTrialN': 3, 'thisRepN': 10}>
60.2196 	EXP 	fixation: autoDraw = False
60.2196 	EXP 	text: autoDraw = False
60.2196 	EXP 	text: foreColor = <psychopy.colors.Color: blue, alpha=1.0>
60.2196 	EXP 	text: height = np.float64(0.05)
60.2196 	EXP 	text: height = np.float64(0.05)
60.2196 	EXP 	text: height = np.float64(0.05)
60.2196 	EXP 	text: text = 'BLUE '
60.2196 	EXP 	fixation: autoDraw = True
60.3704 	EXP 	Device response: <KeyPress from None: t=60.18651499999942, value=r, duration=0.17066309999972873>
60.7032 	INFO 	Keyboard events cleared
60.7031 	EXP 	fixation: autoDraw = False
60.7031 	EXP 	text: autoDraw = True
62.0701 	EXP 	Device response: <KeyPress from None: t=62.06014529999993, value=b, duration=None>
62.0705 	EXP 	New trial (rep=11, index=0): <Trial 44 (0 in rep 11) data={'word': 'RED', 'colour': 'red', 'stim_condition': 'C', 'correct_res': 'r', 'thisN': 44, 'thisTrialN': 0, 'thisRepN': 11}>
62.0746 	DATA 	Keypress: b
62.0863 	EXP 	fixation: autoDraw = False
62.0863 	EXP 	text: autoDraw = False
62.0863 	EXP 	text: foreColor = <psychopy.colors.Color: red, alpha=1.0>
62.0863 	EXP 	text: height = np.float64(0.05)
62.0863 	EXP 	text: height = np.float64(0.05)
62.0863 	EXP 	text: height = np.float64(0.05)
62.0863 	EXP 	text: text = 'RED'
62.0863 	EXP 	fixation: autoDraw = True
62.2203 	EXP 	Device response: <KeyPress from None: t=62.06014529999993, value=b, duration=0.15897580000000744>
62.5699 	INFO 	Keyboard events cleared
62.5697 	EXP 	fixation: autoDraw = False
62.5697 	EXP 	text: autoDraw = True
63.1539 	EXP 	Device response: <KeyPress from None: t=63.14077669999915, value=r, duration=None>
63.1542 	EXP 	New trial (rep=11, index=1): <Trial 45 (1 in rep 11) data={'word': 'BLUE ', 'colour': 'blue', 'stim_condition': 'C', 'correct_res': 'b', 'thisN': 45, 'thisTrialN': 1, 'thisRepN': 11}>
63.1585 	DATA 	Keypress: r
63.1697 	EXP 	fixation: autoDraw = False
63.1697 	EXP 	text: autoDraw = False
63.1697 	EXP 	text: foreColor = <psychopy.colors.Color: blue, alpha=1.0>
63.1697 	EXP 	text: height = np.float64(0.05)
63.1697 	EXP 	text: height = np.float64(0.05)
63.1697 	EXP 	text: height = np.float64(0.05)
63.1697 	EXP 	text: text = 'BLUE '
63.1697 	EXP 	fixation: autoDraw = True
63.3201 	EXP 	Device response: <KeyPress from None: t=63.14077669999915, value=r, duration=0.16387830000076065>
63.6698 	INFO 	Keyboard events cleared
63.6696 	EXP 	fixation: autoDraw = False
63.6696 	EXP 	text: autoDraw = True
64.3036 	EXP 	Device response: <KeyPress from None: t=64.3031020999997, value=b, duration=None>
64.3040 	EXP 	New trial (rep=11, index=2): <Trial 46 (2 in rep 11) data={'word': 'BLUE ', 'colour': 'red', 'stim_condition': 'I', 'correct_res': 'r', 'thisN': 46, 'thisTrialN': 2, 'thisRepN': 11}>
64.3057 	DATA 	Keypress: b
64.3196 	EXP 	fixation: autoDraw = False
64.3196 	EXP 	text: autoDraw = False
64.3196 	EXP 	text: foreColor = <psychopy.colors.Color: red, alpha=1.0>
64.3196 	EXP 	text: text = 'BLUE '
64.3196 	EXP 	fixation: autoDraw = True
64.4702 	EXP 	Device response: <KeyPress from None: t=64.3031020999997, value=b, duration=0.15732089999983145>
64.8032 	INFO 	Keyboard events cleared
64.8031 	EXP 	fixation: autoDraw = False
64.8031 	EXP 	text: autoDraw = True
66.0537 	EXP 	Device response: <KeyPress from None: t=66.05091229999925, value=r, duration=None>
66.0541 	EXP 	New trial (rep=11, index=3): <Trial 47 (3 in rep 11) data={'word': 'RED', 'colour': 'blue', 'stim_condition': 'I', 'correct_res': 'b', 'thisN': 47, 'thisTrialN': 3, 'thisRepN': 11}>
66.0579 	DATA 	Keypress: r
66.0700 	EXP 	fixation: autoDraw = False
66.0700 	EXP 	text: autoDraw = False
66.0700 	EXP 	text: foreColor = <psychopy.colors.Color: blue, alpha=1.0>
66.0700 	EXP 	text: height = np.float64(0.05)
66.0700 	EXP 	text: height = np.float64(0.05)
66.0700 	EXP 	text: height = np.float64(0.05)
66.0700 	EXP 	text: text = 'RED'
66.0700 	EXP 	fixation: autoDraw = True
66.1865 	EXP 	Device response: <KeyPress from None: t=66.05091229999925, value=r, duration=0.12926320000042324>
66.5532 	INFO 	Keyboard events cleared
66.5530 	EXP 	fixation: autoDraw = False
66.5530 	EXP 	text: autoDraw = True
67.4869 	EXP 	Device response: <KeyPress from None: t=67.47627419999935, value=b, duration=None>
67.4873 	EXP 	New trial (rep=12, index=0): <Trial 48 (0 in rep 12) data={'word': 'RED', 'colour': 'red', 'stim_condition': 'C', 'correct_res': 'r', 'thisN': 48, 'thisTrialN': 0, 'thisRepN': 12}>
67.4892 	DATA 	Keypress: b
67.5031 	EXP 	fixation: autoDraw = False
67.5031 	EXP 	text: autoDraw = False
67.5031 	EXP 	text: foreColor = <psychopy.colors.Color: red, alpha=1.0>
67.5031 	EXP 	text: text = 'RED'
67.5031 	EXP 	fixation: autoDraw = True
67.6536 	EXP 	Device response: <KeyPress from None: t=67.47627419999935, value=b, duration=0.16207149999991088>
67.9864 	INFO 	Keyboard events cleared
67.9863 	EXP 	fixation: autoDraw = False
67.9863 	EXP 	text: autoDraw = True
68.6029 	EXP 	Device response: <KeyPress from None: t=68.60112259999914, value=r, duration=None>
68.6033 	EXP 	New trial (rep=12, index=1): <Trial 49 (1 in rep 12) data={'word': 'BLUE ', 'colour': 'red', 'stim_condition': 'I', 'correct_res': 'r', 'thisN': 49, 'thisTrialN': 1, 'thisRepN': 12}>
68.6084 	DATA 	Keypress: r
68.6198 	EXP 	fixation: autoDraw = False
68.6198 	EXP 	text: autoDraw = False
68.6198 	EXP 	text: foreColor = <psychopy.colors.Color: red, alpha=1.0>
68.6198 	EXP 	text: height = np.float64(0.05)
68.6198 	EXP 	text: height = np.float64(0.05)
68.6198 	EXP 	text: height = np.float64(0.05)
68.6198 	EXP 	text: text = 'BLUE '
68.6198 	EXP 	fixation: autoDraw = True
68.7533 	EXP 	Device response: <KeyPress from None: t=68.60112259999914, value=r, duration=0.14473560000078578>
69.1032 	INFO 	Keyboard events cleared
69.1030 	EXP 	fixation: autoDraw = False
69.1030 	EXP 	text: autoDraw = True
70.2866 	EXP 	Device response: <KeyPress from None: t=70.2757389999997, value=r, duration=None>
70.2870 	EXP 	New trial (rep=12, index=2): <Trial 50 (2 in rep 12) data={'word': 'RED', 'colour': 'blue', 'stim_condition': 'I', 'correct_res': 'b', 'thisN': 50, 'thisTrialN': 2, 'thisRepN': 12}>
70.2913 	DATA 	Keypress: r
70.3032 	EXP 	fixation: autoDraw = False
70.3032 	EXP 	text: autoDraw = False
70.3032 	EXP 	text: foreColor = <psychopy.colors.Color: blue, alpha=1.0>
70.3032 	EXP 	text: height = np.float64(0.05)
70.3032 	EXP 	text: height = np.float64(0.05)
70.3032 	EXP 	text: height = np.float64(0.05)
70.3032 	EXP 	text: text = 'RED'
70.3032 	EXP 	fixation: autoDraw = True
70.4371 	EXP 	Device response: <KeyPress from None: t=70.2757389999997, value=r, duration=0.15059589999964373>
70.7869 	INFO 	Keyboard events cleared
70.7867 	EXP 	fixation: autoDraw = False
70.7867 	EXP 	text: autoDraw = True
71.4876 	EXP 	Device response: <KeyPress from None: t=71.4836022999998, value=b, duration=None>
71.4880 	EXP 	New trial (rep=12, index=3): <Trial 51 (3 in rep 12) data={'word': 'BLUE ', 'colour': 'blue', 'stim_condition': 'C', 'correct_res': 'b', 'thisN': 51, 'thisTrialN': 3, 'thisRepN': 12}>
71.4927 	DATA 	Keypress: b
71.5028 	EXP 	fixation: autoDraw = False
71.5028 	EXP 	text: autoDraw = False
71.5028 	EXP 	text: foreColor = <psychopy.colors.Color: blue, alpha=1.0>
71.5028 	EXP 	text: height = np.float64(0.05)
71.5028 	EXP 	text: height = np.float64(0.05)
71.5028 	EXP 	text: height = np.float64(0.05)
71.5028 	EXP 	text: text = 'BLUE '
71.5028 	EXP 	fixation: autoDraw = True
71.6369 	EXP 	Device response: <KeyPress from None: t=71.4836022999998, value=b, duration=0.13872679999985849>
72.0034 	INFO 	Keyboard events cleared
72.0032 	EXP 	fixation: autoDraw = False
72.0032 	EXP 	text: autoDraw = True
72.7035 	EXP 	Device response: <KeyPress from None: t=72.69026759999997, value=b, duration=None>
72.7039 	EXP 	New trial (rep=13, index=0): <Trial 52 (0 in rep 13) data={'word': 'BLUE ', 'colour': 'blue', 'stim_condition': 'C', 'correct_res': 'b', 'thisN': 52, 'thisTrialN': 0, 'thisRepN': 13}>
72.7058 	DATA 	Keypress: b
72.7206 	EXP 	fixation: autoDraw = False
72.7206 	EXP 	text: autoDraw = False
72.7206 	EXP 	text: foreColor = <psychopy.colors.Color: blue, alpha=1.0>
72.7206 	EXP 	text: text = 'BLUE '
72.7206 	EXP 	fixation: autoDraw = True
72.8364 	EXP 	Device response: <KeyPress from None: t=72.69026759999997, value=b, duration=0.14276629999949364>
73.2032 	INFO 	Keyboard events cleared
73.2030 	EXP 	fixation: autoDraw = False
73.2030 	EXP 	text: autoDraw = True
73.8370 	EXP 	Device response: <KeyPress from None: t=73.83644239999921, value=b, duration=None>
73.8373 	EXP 	New trial (rep=13, index=1): <Trial 53 (1 in rep 13) data={'word': 'BLUE ', 'colour': 'red', 'stim_condition': 'I', 'correct_res': 'r', 'thisN': 53, 'thisTrialN': 1, 'thisRepN': 13}>
73.8390 	DATA 	Keypress: b
73.8528 	EXP 	fixation: autoDraw = False
73.8528 	EXP 	text: autoDraw = False
73.8528 	EXP 	text: foreColor = <psychopy.colors.Color: red, alpha=1.0>
73.8528 	EXP 	text: text = 'BLUE '
73.8528 	EXP 	fixation: autoDraw = True
74.0533 	EXP 	Device response: <KeyPress from None: t=73.83644239999921, value=b, duration=0.21354800000062824>
74.3367 	INFO 	Keyboard events cleared
74.3365 	EXP 	fixation: autoDraw = False
74.3365 	EXP 	text: autoDraw = True
75.4535 	EXP 	Device response: <KeyPress from None: t=75.44193599999926, value=r, duration=None>
75.4539 	EXP 	New trial (rep=13, index=2): <Trial 54 (2 in rep 13) data={'word': 'RED', 'colour': 'blue', 'stim_condition': 'I', 'correct_res': 'b', 'thisN': 54, 'thisTrialN': 2, 'thisRepN': 13}>
75.4578 	DATA 	Keypress: r
75.4696 	EXP 	fixation: autoDraw = False
75.4696 	EXP 	text: autoDraw = False
75.4696 	EXP 	text: foreColor = <psychopy.colors.Color: blue, alpha=1.0>
75.4696 	EXP 	text: height = np.float64(0.05)
75.4696 	EXP 	text: height = np.float64(0.05)
75.4696 	EXP 	text: height = np.float64(0.05)
75.4696 	EXP 	text: text = 'RED'
75.4696 	EXP 	fixation: autoDraw = True
75.6040 	EXP 	Device response: <KeyPress from None: t=75.44193599999926, value=r, duration=0.15939820000039617>
75.9533 	INFO 	Keyboard events cleared
75.9531 	EXP 	fixation: autoDraw = False
75.9531 	EXP 	text: autoDraw = True
76.4203 	EXP 	Device response: <KeyPress from None: t=76.41104219999943, value=b, duration=None>
76.4207 	EXP 	New trial (rep=13, index=3): <Trial 55 (3 in rep 13) data={'word': 'RED', 'colour': 'red', 'stim_condition': 'C', 'correct_res': 'r', 'thisN': 55, 'thisTrialN': 3, 'thisRepN': 13}>
76.4223 	DATA 	Keypress: b
76.4366 	EXP 	fixation: autoDraw = False
76.4366 	EXP 	text: autoDraw = False
76.4366 	EXP 	text: foreColor = <psychopy.colors.Color: red, alpha=1.0>
76.4366 	EXP 	text: text = 'RED'
76.4366 	EXP 	fixation: autoDraw = True
76.6202 	EXP 	Device response: <KeyPress from None: t=76.41104219999943, value=b, duration=0.19522070000039093>
76.9199 	INFO 	Keyboard events cleared
76.9198 	EXP 	fixation: autoDraw = False
76.9198 	EXP 	text: autoDraw = True
77.7033 	EXP 	Device response: <KeyPress from None: t=77.69616599999972, value=r, duration=None>
77.7037 	EXP 	New trial (rep=14, index=0): <Trial 56 (0 in rep 14) data={'word': 'BLUE ', 'colour': 'red', 'stim_condition': 'I', 'correct_res': 'r', 'thisN': 56, 'thisTrialN': 0, 'thisRepN': 14}>
77.7080 	DATA 	Keypress: r
77.7197 	EXP 	fixation: autoDraw = False
77.7197 	EXP 	text: autoDraw = False
77.7197 	EXP 	text: foreColor = <psychopy.colors.Color: red, alpha=1.0>
77.7197 	EXP 	text: height = np.float64(0.05)
77.7197 	EXP 	text: height = np.float64(0.05)
77.7197 	EXP 	text: height = np.float64(0.05)
77.7197 	EXP 	text: text = 'BLUE '
77.7197 	EXP 	fixation: autoDraw = True
77.8537 	EXP 	Device response: <KeyPress from None: t=77.69616599999972, value=r, duration=0.1537004000001616>
78.2199 	INFO 	Keyboard events cleared
78.2197 	EXP 	fixation: autoDraw = False
78.2197 	EXP 	text: autoDraw = True
79.2036 	EXP 	Device response: <KeyPress from None: t=79.19712879999952, value=r, duration=None>
79.2039 	EXP 	New trial (rep=14, index=1): <Trial 57 (1 in rep 14) data={'word': 'RED', 'colour': 'blue', 'stim_condition': 'I', 'correct_res': 'b', 'thisN': 57, 'thisTrialN': 1, 'thisRepN': 14}>
79.2077 	DATA 	Keypress: r
79.2189 	EXP 	fixation: autoDraw = False
79.2189 	EXP 	text: autoDraw = False
79.2189 	EXP 	text: foreColor = <psychopy.colors.Color: blue, alpha=1.0>
79.2189 	EXP 	text: height = np.float64(0.05)
79.2189 	EXP 	text: height = np.float64(0.05)
79.2189 	EXP 	text: height = np.float64(0.05)
79.2189 	EXP 	text: text = 'RED'
79.2189 	EXP 	fixation: autoDraw = True
79.3202 	EXP 	Device response: <KeyPress from None: t=79.19712879999952, value=r, duration=0.11157180000009248>
79.7030 	INFO 	Keyboard events cleared
79.7028 	EXP 	fixation: autoDraw = False
79.7028 	EXP 	text: autoDraw = True
80.7872 	EXP 	Device response: <KeyPress from None: t=80.7846725999998, value=b, duration=None>
80.7876 	EXP 	New trial (rep=14, index=2): <Trial 58 (2 in rep 14) data={'word': 'BLUE ', 'colour': 'blue', 'stim_condition': 'C', 'correct_res': 'b', 'thisN': 58, 'thisTrialN': 2, 'thisRepN': 14}>
80.7924 	DATA 	Keypress: b
80.8021 	EXP 	fixation: autoDraw = False
80.8021 	EXP 	text: autoDraw = False
80.8021 	EXP 	text: foreColor = <psychopy.colors.Color: blue, alpha=1.0>
80.8021 	EXP 	text: height = np.float64(0.05)
80.8021 	EXP 	text: height = np.float64(0.05)
80.8021 	EXP 	text: height = np.float64(0.05)
80.8021 	EXP 	text: text = 'BLUE '
80.8021 	EXP 	fixation: autoDraw = True
80.9199 	EXP 	Device response: <KeyPress from None: t=80.7846725999998, value=b, duration=0.13255669999944075>
81.3032 	INFO 	Keyboard events cleared
81.3030 	EXP 	fixation: autoDraw = False
81.3030 	EXP 	text: autoDraw = True
82.2037 	EXP 	Device response: <KeyPress from None: t=82.20291369999995, value=b, duration=None>
82.2040 	EXP 	New trial (rep=14, index=3): <Trial 59 (3 in rep 14) data={'word': 'RED', 'colour': 'red', 'stim_condition': 'C', 'correct_res': 'r', 'thisN': 59, 'thisTrialN': 3, 'thisRepN': 14}>
82.2080 	DATA 	Keypress: b
82.2188 	EXP 	fixation: autoDraw = False
82.2188 	EXP 	text: autoDraw = False
82.2188 	EXP 	text: foreColor = <psychopy.colors.Color: red, alpha=1.0>
82.2188 	EXP 	text: height = np.float64(0.05)
82.2188 	EXP 	text: height = np.float64(0.05)
82.2188 	EXP 	text: height = np.float64(0.05)
82.2188 	EXP 	text: text = 'RED'
82.2188 	EXP 	fixation: autoDraw = True
82.3201 	EXP 	Device response: <KeyPress from None: t=82.20291369999995, value=b, duration=0.10398579999946378>
82.7035 	INFO 	Keyboard events cleared
82.7033 	EXP 	fixation: autoDraw = False
82.7033 	EXP 	text: autoDraw = True
83.4375 	EXP 	Device response: <KeyPress from None: t=83.4324816999997, value=r, duration=None>
83.4378 	EXP 	New trial (rep=15, index=0): <Trial 60 (0 in rep 15) data={'word': 'RED', 'colour': 'blue', 'stim_condition': 'I', 'correct_res': 'b', 'thisN': 60, 'thisTrialN': 0, 'thisRepN': 15}>
83.4395 	DATA 	Keypress: r
83.4531 	EXP 	fixation: autoDraw = False
83.4531 	EXP 	text: autoDraw = False
83.4531 	EXP 	text: foreColor = <psychopy.colors.Color: blue, alpha=1.0>
83.4531 	EXP 	text: text = 'RED'
83.4531 	EXP 	fixation: autoDraw = True
83.5539 	EXP 	Device response: <KeyPress from None: t=83.4324816999997, value=r, duration=0.12064939999982016>
83.9536 	INFO 	Keyboard events cleared
83.9535 	EXP 	fixation: autoDraw = False
83.9535 	EXP 	text: autoDraw = True
85.0694 	EXP 	Device response: <KeyPress from None: t=85.05680409999968, value=b, duration=None>
85.0698 	EXP 	New trial (rep=15, index=1): <Trial 61 (1 in rep 15) data={'word': 'BLUE ', 'colour': 'blue', 'stim_condition': 'C', 'correct_res': 'b', 'thisN': 61, 'thisTrialN': 1, 'thisRepN': 15}>
85.0754 	DATA 	Keypress: b
85.0856 	EXP 	fixation: autoDraw = False
85.0856 	EXP 	text: autoDraw = False
85.0856 	EXP 	text: foreColor = <psychopy.colors.Color: blue, alpha=1.0>
85.0856 	EXP 	text: height = np.float64(0.05)
85.0856 	EXP 	text: height = np.float64(0.05)
85.0856 	EXP 	text: height = np.float64(0.05)
85.0856 	EXP 	text: text = 'BLUE '
85.0856 	EXP 	fixation: autoDraw = True
85.2031 	EXP 	Device response: <KeyPress from None: t=85.05680409999968, value=b, duration=0.14074470000014117>
85.5699 	INFO 	Keyboard events cleared
85.5697 	EXP 	fixation: autoDraw = False
85.5697 	EXP 	text: autoDraw = True
86.7214 	EXP 	Device response: <KeyPress from None: t=86.7144875999993, value=b, duration=None>
86.7218 	EXP 	New trial (rep=15, index=2): <Trial 62 (2 in rep 15) data={'word': 'BLUE ', 'colour': 'red', 'stim_condition': 'I', 'correct_res': 'r', 'thisN': 62, 'thisTrialN': 2, 'thisRepN': 15}>
86.7234 	DATA 	Keypress: b
86.7361 	EXP 	fixation: autoDraw = False
86.7361 	EXP 	text: autoDraw = False
86.7361 	EXP 	text: foreColor = <psychopy.colors.Color: red, alpha=1.0>
86.7361 	EXP 	text: text = 'BLUE '
86.7361 	EXP 	fixation: autoDraw = True
86.8039 	EXP 	Device response: <KeyPress from None: t=86.7144875999993, value=b, duration=0.08722040000066045>
87.2372 	INFO 	Keyboard events cleared
87.2370 	EXP 	fixation: autoDraw = False
87.2370 	EXP 	text: autoDraw = True
88.2370 	EXP 	Device response: <KeyPress from None: t=88.23424720000003, value=r, duration=None>
88.2373 	EXP 	New trial (rep=15, index=3): <Trial 63 (3 in rep 15) data={'word': 'RED', 'colour': 'red', 'stim_condition': 'C', 'correct_res': 'r', 'thisN': 63, 'thisTrialN': 3, 'thisRepN': 15}>
88.2418 	DATA 	Keypress: r
88.2531 	EXP 	fixation: autoDraw = False
88.2531 	EXP 	text: autoDraw = False
88.2531 	EXP 	text: foreColor = <psychopy.colors.Color: red, alpha=1.0>
88.2531 	EXP 	text: height = np.float64(0.05)
88.2531 	EXP 	text: height = np.float64(0.05)
88.2531 	EXP 	text: height = np.float64(0.05)
88.2531 	EXP 	text: text = 'RED'
88.2531 	EXP 	fixation: autoDraw = True
88.3367 	EXP 	Device response: <KeyPress from None: t=88.23424720000003, value=r, duration=0.08680909999930009>
88.7366 	INFO 	Keyboard events cleared
88.7364 	EXP 	fixation: autoDraw = False
88.7364 	EXP 	text: autoDraw = True
89.5027 	EXP 	Device response: <KeyPress from None: t=89.48856439999963, value=r, duration=None>
89.5030 	EXP 	New trial (rep=16, index=0): <Trial 64 (0 in rep 16) data={'word': 'BLUE ', 'colour': 'blue', 'stim_condition': 'C', 'correct_res': 'b', 'thisN': 64, 'thisTrialN': 0, 'thisRepN': 16}>
89.5079 	DATA 	Keypress: r
89.5197 	EXP 	fixation: autoDraw = False
89.5197 	EXP 	text: autoDraw = False
89.5197 	EXP 	text: foreColor = <psychopy.colors.Color: blue, alpha=1.0>
89.5197 	EXP 	text: height = np.float64(0.05)
89.5197 	EXP 	text: height = np.float64(0.05)
89.5197 	EXP 	text: height = np.float64(0.05)
89.5197 	EXP 	text: text = 'BLUE '
89.5197 	EXP 	fixation: autoDraw = True
89.6199 	EXP 	Device response: <KeyPress from None: t=89.48856439999963, value=r, duration=0.12204289999954199>
90.0024 	INFO 	Keyboard events cleared
90.0022 	EXP 	fixation: autoDraw = False
90.0022 	EXP 	text: autoDraw = True
90.5865 	EXP 	Device response: <KeyPress from None: t=90.58326839999972, value=b, duration=None>
90.5869 	EXP 	New trial (rep=16, index=1): <Trial 65 (1 in rep 16) data={'word': 'BLUE ', 'colour': 'red', 'stim_condition': 'I', 'correct_res': 'r', 'thisN': 65, 'thisTrialN': 1, 'thisRepN': 16}>
90.5889 	DATA 	Keypress: b
90.6031 	EXP 	fixation: autoDraw = False
90.6031 	EXP 	text: autoDraw = False
90.6031 	EXP 	text: foreColor = <psychopy.colors.Color: red, alpha=1.0>
90.6031 	EXP 	text: text = 'BLUE '
90.6031 	EXP 	fixation: autoDraw = True
90.7366 	EXP 	Device response: <KeyPress from None: t=90.58326839999972, value=b, duration=0.1492103999999017>
91.0868 	INFO 	Keyboard events cleared
91.0866 	EXP 	fixation: autoDraw = False
91.0866 	EXP 	text: autoDraw = True
92.4369 	EXP 	Device response: <KeyPress from None: t=92.42674409999927, value=r, duration=None>
92.4373 	EXP 	New trial (rep=16, index=2): <Trial 66 (2 in rep 16) data={'word': 'RED', 'colour': 'red', 'stim_condition': 'C', 'correct_res': 'r', 'thisN': 66, 'thisTrialN': 2, 'thisRepN': 16}>
92.4415 	DATA 	Keypress: r
92.4532 	EXP 	fixation: autoDraw = False
92.4532 	EXP 	text: autoDraw = False
92.4532 	EXP 	text: foreColor = <psychopy.colors.Color: red, alpha=1.0>
92.4532 	EXP 	text: height = np.float64(0.05)
92.4532 	EXP 	text: height = np.float64(0.05)
92.4532 	EXP 	text: height = np.float64(0.05)
92.4532 	EXP 	text: text = 'RED'
92.4532 	EXP 	fixation: autoDraw = True
92.5703 	EXP 	Device response: <KeyPress from None: t=92.42674409999927, value=r, duration=0.13503730000047653>
92.9365 	INFO 	Keyboard events cleared
92.9364 	EXP 	fixation: autoDraw = False
92.9364 	EXP 	text: autoDraw = True
93.7866 	EXP 	Device response: <KeyPress from None: t=93.78356339999937, value=r, duration=None>
93.7869 	EXP 	New trial (rep=16, index=3): <Trial 67 (3 in rep 16) data={'word': 'RED', 'colour': 'blue', 'stim_condition': 'I', 'correct_res': 'b', 'thisN': 67, 'thisTrialN': 3, 'thisRepN': 16}>
93.7886 	DATA 	Keypress: r
93.8022 	EXP 	fixation: autoDraw = False
93.8022 	EXP 	text: autoDraw = False
93.8022 	EXP 	text: foreColor = <psychopy.colors.Color: blue, alpha=1.0>
93.8022 	EXP 	text: text = 'RED'
93.8022 	EXP 	fixation: autoDraw = True
93.9202 	EXP 	Device response: <KeyPress from None: t=93.78356339999937, value=r, duration=0.1339693999998417>
94.2867 	INFO 	Keyboard events cleared
94.2865 	EXP 	fixation: autoDraw = False
94.2865 	EXP 	text: autoDraw = True
95.2035 	EXP 	Device response: <KeyPress from None: t=95.19160059999922, value=b, duration=None>
95.2039 	EXP 	New trial (rep=17, index=0): <Trial 68 (0 in rep 17) data={'word': 'RED', 'colour': 'red', 'stim_condition': 'C', 'correct_res': 'r', 'thisN': 68, 'thisTrialN': 0, 'thisRepN': 17}>
95.2057 	DATA 	Keypress: b
95.2202 	EXP 	fixation: autoDraw = False
95.2202 	EXP 	text: autoDraw = False
95.2202 	EXP 	text: foreColor = <psychopy.colors.Color: red, alpha=1.0>
95.2202 	EXP 	text: text = 'RED'
95.2202 	EXP 	fixation: autoDraw = True
95.3196 	EXP 	Device response: <KeyPress from None: t=95.19160059999922, value=b, duration=0.11101720000078785>
95.7032 	INFO 	Keyboard events cleared
95.7031 	EXP 	fixation: autoDraw = False
95.7031 	EXP 	text: autoDraw = True
96.4365 	EXP 	Device response: <KeyPress from None: t=96.42269689999921, value=r, duration=None>
96.4369 	EXP 	New trial (rep=17, index=1): <Trial 69 (1 in rep 17) data={'word': 'RED', 'colour': 'blue', 'stim_condition': 'I', 'correct_res': 'b', 'thisN': 69, 'thisTrialN': 1, 'thisRepN': 17}>
96.4386 	DATA 	Keypress: r
96.4529 	EXP 	fixation: autoDraw = False
96.4529 	EXP 	text: autoDraw = False
96.4529 	EXP 	text: foreColor = <psychopy.colors.Color: blue, alpha=1.0>
96.4529 	EXP 	text: text = 'RED'
96.4529 	EXP 	fixation: autoDraw = True
96.5201 	EXP 	Device response: <KeyPress from None: t=96.42269689999921, value=r, duration=0.0917183000001387>
96.9366 	INFO 	Keyboard events cleared
96.9364 	EXP 	fixation: autoDraw = False
96.9364 	EXP 	text: autoDraw = True
97.5872 	EXP 	Device response: <KeyPress from None: t=97.5847531999998, value=b, duration=None>
97.5876 	EXP 	New trial (rep=17, index=2): <Trial 70 (2 in rep 17) data={'word': 'BLUE ', 'colour': 'blue', 'stim_condition': 'C', 'correct_res': 'b', 'thisN': 70, 'thisTrialN': 2, 'thisRepN': 17}>
97.5924 	DATA 	Keypress: b
97.6027 	EXP 	fixation: autoDraw = False
97.6027 	EXP 	text: autoDraw = False
97.6027 	EXP 	text: foreColor = <psychopy.colors.Color: blue, alpha=1.0>
97.6027 	EXP 	text: height = np.float64(0.05)
97.6027 	EXP 	text: height = np.float64(0.05)
97.6027 	EXP 	text: height = np.float64(0.05)
97.6027 	EXP 	text: text = 'BLUE '
97.6027 	EXP 	fixation: autoDraw = True
97.7200 	EXP 	Device response: <KeyPress from None: t=97.5847531999998, value=b, duration=0.12872879999940778>
98.1034 	INFO 	Keyboard events cleared
98.1033 	EXP 	fixation: autoDraw = False
98.1033 	EXP 	text: autoDraw = True
99.2862 	EXP 	Device response: <KeyPress from None: t=99.28312669999923, value=b, duration=None>
99.2865 	EXP 	New trial (rep=17, index=3): <Trial 71 (3 in rep 17) data={'word': 'BLUE ', 'colour': 'red', 'stim_condition': 'I', 'correct_res': 'r', 'thisN': 71, 'thisTrialN': 3, 'thisRepN': 17}>
99.2885 	DATA 	Keypress: b
99.3031 	EXP 	fixation: autoDraw = False
99.3031 	EXP 	text: autoDraw = False
99.3031 	EXP 	text: foreColor = <psychopy.colors.Color: red, alpha=1.0>
99.3031 	EXP 	text: text = 'BLUE '
99.3031 	EXP 	fixation: autoDraw = True
99.4366 	EXP 	Device response: <KeyPress from None: t=99.28312669999923, value=b, duration=0.14229670000077022>
99.7867 	INFO 	Keyboard events cleared
99.7865 	EXP 	fixation: autoDraw = False
99.7865 	EXP 	text: autoDraw = True
100.5869 	EXP 	Device response: <KeyPress from None: t=100.57215569999971, value=r, duration=None>
100.5872 	EXP 	New trial (rep=18, index=0): <Trial 72 (0 in rep 18) data={'word': 'BLUE ', 'colour': 'blue', 'stim_condition': 'C', 'correct_res': 'b', 'thisN': 72, 'thisTrialN': 0, 'thisRepN': 18}>
100.5889 	DATA 	Keypress: r
100.6031 	EXP 	fixation: autoDraw = False
100.6031 	EXP 	text: autoDraw = False
100.6031 	EXP 	text: foreColor = <psychopy.colors.Color: blue, alpha=1.0>
100.6031 	EXP 	text: text = 'BLUE '
100.6031 	EXP 	fixation: autoDraw = True
100.7039 	EXP 	Device response: <KeyPress from None: t=100.57215569999971, value=r, duration=0.12020380000012665>
101.1028 	INFO 	Keyboard events cleared
101.1026 	EXP 	fixation: autoDraw = False
101.1026 	EXP 	text: autoDraw = True
102.1865 	EXP 	Device response: <KeyPress from None: t=102.17297529999996, value=b, duration=None>
102.1869 	EXP 	New trial (rep=18, index=1): <Trial 73 (1 in rep 18) data={'word': 'BLUE ', 'colour': 'red', 'stim_condition': 'I', 'correct_res': 'r', 'thisN': 73, 'thisTrialN': 1, 'thisRepN': 18}>
102.1886 	DATA 	Keypress: b
102.2029 	EXP 	fixation: autoDraw = False
102.2029 	EXP 	text: autoDraw = False
102.2029 	EXP 	text: foreColor = <psychopy.colors.Color: red, alpha=1.0>
102.2029 	EXP 	text: text = 'BLUE '
102.2029 	EXP 	fixation: autoDraw = True
102.2865 	EXP 	Device response: <KeyPress from None: t=102.17297529999996, value=b, duration=0.10765429999992193>
102.6859 	INFO 	Keyboard events cleared
102.6858 	EXP 	fixation: autoDraw = False
102.6858 	EXP 	text: autoDraw = True
103.2536 	EXP 	Device response: <KeyPress from None: t=103.25030679999963, value=r, duration=None>
103.2539 	EXP 	New trial (rep=18, index=2): <Trial 74 (2 in rep 18) data={'word': 'RED', 'colour': 'red', 'stim_condition': 'C', 'correct_res': 'r', 'thisN': 74, 'thisTrialN': 2, 'thisRepN': 18}>
103.2584 	DATA 	Keypress: r
103.2698 	EXP 	fixation: autoDraw = False
103.2698 	EXP 	text: autoDraw = False
103.2698 	EXP 	text: foreColor = <psychopy.colors.Color: red, alpha=1.0>
103.2698 	EXP 	text: height = np.float64(0.05)
103.2698 	EXP 	text: height = np.float64(0.05)
103.2698 	EXP 	text: height = np.float64(0.05)
103.2698 	EXP 	text: text = 'RED'
103.2698 	EXP 	fixation: autoDraw = True
103.3868 	EXP 	Device response: <KeyPress from None: t=103.25030679999963, value=r, duration=0.13284889999977167>
103.7534 	INFO 	Keyboard events cleared
103.7533 	EXP 	fixation: autoDraw = False
103.7533 	EXP 	text: autoDraw = True
105.0868 	EXP 	Device response: <KeyPress from None: t=105.08294690000002, value=r, duration=None>
105.0871 	EXP 	New trial (rep=18, index=3): <Trial 75 (3 in rep 18) data={'word': 'RED', 'colour': 'blue', 'stim_condition': 'I', 'correct_res': 'b', 'thisN': 75, 'thisTrialN': 3, 'thisRepN': 18}>
105.0889 	DATA 	Keypress: r
105.1030 	EXP 	fixation: autoDraw = False
105.1030 	EXP 	text: autoDraw = False
105.1030 	EXP 	text: foreColor = <psychopy.colors.Color: blue, alpha=1.0>
105.1030 	EXP 	text: text = 'RED'
105.1030 	EXP 	fixation: autoDraw = True
105.1870 	EXP 	Device response: <KeyPress from None: t=105.08294690000002, value=r, duration=0.09879839999939577>
105.6034 	INFO 	Keyboard events cleared
105.6032 	EXP 	fixation: autoDraw = False
105.6032 	EXP 	text: autoDraw = True
106.1037 	EXP 	Device response: <KeyPress from None: t=106.09036249999917, value=b, duration=None>
106.1040 	EXP 	New trial (rep=19, index=0): <Trial 76 (0 in rep 19) data={'word': 'RED', 'colour': 'red', 'stim_condition': 'C', 'correct_res': 'r', 'thisN': 76, 'thisTrialN': 0, 'thisRepN': 19}>
106.1057 	DATA 	Keypress: b
106.1198 	EXP 	fixation: autoDraw = False
106.1198 	EXP 	text: autoDraw = False
106.1198 	EXP 	text: foreColor = <psychopy.colors.Color: red, alpha=1.0>
106.1198 	EXP 	text: text = 'RED'
106.1198 	EXP 	fixation: autoDraw = True
106.2032 	EXP 	Device response: <KeyPress from None: t=106.09036249999917, value=b, duration=0.10952450000058889>
106.6032 	INFO 	Keyboard events cleared
106.6030 	EXP 	fixation: autoDraw = False
106.6030 	EXP 	text: autoDraw = True
107.4710 	EXP 	Device response: <KeyPress from None: t=107.46069479999915, value=r, duration=None>
107.4713 	EXP 	New trial (rep=19, index=1): <Trial 77 (1 in rep 19) data={'word': 'BLUE ', 'colour': 'red', 'stim_condition': 'I', 'correct_res': 'r', 'thisN': 77, 'thisTrialN': 1, 'thisRepN': 19}>
107.4757 	DATA 	Keypress: r
107.4867 	EXP 	fixation: autoDraw = False
107.4867 	EXP 	text: autoDraw = False
107.4867 	EXP 	text: foreColor = <psychopy.colors.Color: red, alpha=1.0>
107.4867 	EXP 	text: height = np.float64(0.05)
107.4867 	EXP 	text: height = np.float64(0.05)
107.4867 	EXP 	text: height = np.float64(0.05)
107.4867 	EXP 	text: text = 'BLUE '
107.4867 	EXP 	fixation: autoDraw = True
107.6535 	EXP 	Device response: <KeyPress from None: t=107.46069479999915, value=r, duration=0.18171730000085518>
107.9867 	INFO 	Keyboard events cleared
107.9865 	EXP 	fixation: autoDraw = False
107.9865 	EXP 	text: autoDraw = True
108.9869 	EXP 	Device response: <KeyPress from None: t=108.98392139999942, value=b, duration=None>
108.9872 	EXP 	New trial (rep=19, index=2): <Trial 78 (2 in rep 19) data={'word': 'RED', 'colour': 'blue', 'stim_condition': 'I', 'correct_res': 'b', 'thisN': 78, 'thisTrialN': 2, 'thisRepN': 19}>
108.9923 	DATA 	Keypress: b
109.0038 	EXP 	fixation: autoDraw = False
109.0038 	EXP 	text: autoDraw = False
109.0038 	EXP 	text: foreColor = <psychopy.colors.Color: blue, alpha=1.0>
109.0038 	EXP 	text: height = np.float64(0.05)
109.0038 	EXP 	text: height = np.float64(0.05)
109.0038 	EXP 	text: height = np.float64(0.05)
109.0038 	EXP 	text: text = 'RED'
109.0038 	EXP 	fixation: autoDraw = True
109.1372 	EXP 	Device response: <KeyPress from None: t=108.98392139999942, value=b, duration=0.1384141999997155>
109.4866 	INFO 	Keyboard events cleared
109.4865 	EXP 	fixation: autoDraw = False
109.4865 	EXP 	text: autoDraw = True
110.8537 	EXP 	Device response: <KeyPress from None: t=110.83881699999984, value=b, duration=None>
110.8541 	EXP 	New trial (rep=19, index=3): <Trial 79 (3 in rep 19) data={'word': 'BLUE ', 'colour': 'blue', 'stim_condition': 'C', 'correct_res': 'b', 'thisN': 79, 'thisTrialN': 3, 'thisRepN': 19}>
110.8584 	DATA 	Keypress: b
110.8689 	EXP 	fixation: autoDraw = False
110.8689 	EXP 	text: autoDraw = False
110.8689 	EXP 	text: foreColor = <psychopy.colors.Color: blue, alpha=1.0>
110.8689 	EXP 	text: height = np.float64(0.05)
110.8689 	EXP 	text: height = np.float64(0.05)
110.8689 	EXP 	text: height = np.float64(0.05)
110.8689 	EXP 	text: text = 'BLUE '
110.8689 	EXP 	fixation: autoDraw = True
111.0205 	EXP 	Device response: <KeyPress from None: t=110.83881699999984, value=b, duration=0.17904019999969023>
111.3533 	INFO 	Keyboard events cleared
111.3532 	EXP 	fixation: autoDraw = False
111.3532 	EXP 	text: autoDraw = True
111.8366 	EXP 	Device response: <KeyPress from None: t=111.82569019999937, value=b, duration=None>
111.8370 	EXP 	New trial (rep=20, index=0): <Trial 80 (0 in rep 20) data={'word': 'BLUE ', 'colour': 'blue', 'stim_condition': 'C', 'correct_res': 'b', 'thisN': 80, 'thisTrialN': 0, 'thisRepN': 20}>
111.8389 	DATA 	Keypress: b
111.8531 	EXP 	fixation: autoDraw = False
111.8531 	EXP 	text: autoDraw = False
111.8531 	EXP 	text: foreColor = <psychopy.colors.Color: blue, alpha=1.0>
111.8531 	EXP 	text: text = 'BLUE '
111.8531 	EXP 	fixation: autoDraw = True
112.0037 	EXP 	Device response: <KeyPress from None: t=111.82569019999937, value=b, duration=0.1630516000004718>
112.3366 	INFO 	Keyboard events cleared
112.3365 	EXP 	fixation: autoDraw = False
112.3365 	EXP 	text: autoDraw = True
113.2375 	EXP 	Device response: <KeyPress from None: t=113.23280669999986, value=b, duration=None>
113.2378 	EXP 	New trial (rep=20, index=1): <Trial 81 (1 in rep 20) data={'word': 'BLUE ', 'colour': 'red', 'stim_condition': 'I', 'correct_res': 'r', 'thisN': 81, 'thisTrialN': 1, 'thisRepN': 20}>
113.2395 	DATA 	Keypress: b
113.2523 	EXP 	fixation: autoDraw = False
113.2523 	EXP 	text: autoDraw = False
113.2523 	EXP 	text: foreColor = <psychopy.colors.Color: red, alpha=1.0>
113.2523 	EXP 	text: text = 'BLUE '
113.2523 	EXP 	fixation: autoDraw = True
113.4368 	EXP 	Device response: <KeyPress from None: t=113.23280669999986, value=b, duration=0.19763979999970616>
113.7535 	INFO 	Keyboard events cleared
113.7534 	EXP 	fixation: autoDraw = False
113.7534 	EXP 	text: autoDraw = True
114.5721 	DATA 	Keypress: r
114.5870 	EXP 	Device response: <KeyPress from None: t=114.5711738, value=r, duration=None>
114.5875 	EXP 	New trial (rep=20, index=2): <Trial 82 (2 in rep 20) data={'word': 'RED', 'colour': 'blue', 'stim_condition': 'I', 'correct_res': 'b', 'thisN': 82, 'thisTrialN': 2, 'thisRepN': 20}>
114.6023 	EXP 	fixation: autoDraw = False
114.6023 	EXP 	text: autoDraw = False
114.6023 	EXP 	text: foreColor = <psychopy.colors.Color: blue, alpha=1.0>
114.6023 	EXP 	text: height = np.float64(0.05)
114.6023 	EXP 	text: height = np.float64(0.05)
114.6023 	EXP 	text: height = np.float64(0.05)
114.6023 	EXP 	text: text = 'RED'
114.6023 	EXP 	fixation: autoDraw = True
114.7371 	EXP 	Device response: <KeyPress from None: t=114.5711738, value=r, duration=0.15647099999932834>
115.0866 	INFO 	Keyboard events cleared
115.0865 	EXP 	fixation: autoDraw = False
115.0865 	EXP 	text: autoDraw = True
115.8203 	EXP 	Device response: <KeyPress from None: t=115.81767879999916, value=b, duration=None>
115.8207 	EXP 	New trial (rep=20, index=3): <Trial 83 (3 in rep 20) data={'word': 'RED', 'colour': 'red', 'stim_condition': 'C', 'correct_res': 'r', 'thisN': 83, 'thisTrialN': 3, 'thisRepN': 20}>
115.8226 	DATA 	Keypress: b
115.8362 	EXP 	fixation: autoDraw = False
115.8362 	EXP 	text: autoDraw = False
115.8362 	EXP 	text: foreColor = <psychopy.colors.Color: red, alpha=1.0>
115.8362 	EXP 	text: text = 'RED'
115.8362 	EXP 	fixation: autoDraw = True
115.9872 	EXP 	Device response: <KeyPress from None: t=115.81767879999916, value=b, duration=0.16668860000027053>
116.3206 	INFO 	Keyboard events cleared
116.3204 	EXP 	fixation: autoDraw = False
116.3204 	EXP 	text: autoDraw = True
116.9872 	EXP 	Device response: <KeyPress from None: t=116.97860899999978, value=r, duration=None>
116.9876 	EXP 	New trial (rep=21, index=0): <Trial 84 (0 in rep 21) data={'word': 'BLUE ', 'colour': 'blue', 'stim_condition': 'C', 'correct_res': 'b', 'thisN': 84, 'thisTrialN': 0, 'thisRepN': 21}>
116.9923 	DATA 	Keypress: r
117.0033 	EXP 	fixation: autoDraw = False
117.0033 	EXP 	text: autoDraw = False
117.0033 	EXP 	text: foreColor = <psychopy.colors.Color: blue, alpha=1.0>
117.0033 	EXP 	text: height = np.float64(0.05)
117.0033 	EXP 	text: height = np.float64(0.05)
117.0033 	EXP 	text: height = np.float64(0.05)
117.0033 	EXP 	text: text = 'BLUE '
117.0033 	EXP 	fixation: autoDraw = True
117.1538 	EXP 	Device response: <KeyPress from None: t=116.97860899999978, value=r, duration=0.1601571999999578>
117.4868 	INFO 	Keyboard events cleared
117.4866 	EXP 	fixation: autoDraw = False
117.4866 	EXP 	text: autoDraw = True
118.1035 	EXP 	Device response: <KeyPress from None: t=118.0910359999998, value=b, duration=None>
118.1039 	EXP 	New trial (rep=21, index=1): <Trial 85 (1 in rep 21) data={'word': 'BLUE ', 'colour': 'red', 'stim_condition': 'I', 'correct_res': 'r', 'thisN': 85, 'thisTrialN': 1, 'thisRepN': 21}>
118.1056 	DATA 	Keypress: b
118.1198 	EXP 	fixation: autoDraw = False
118.1198 	EXP 	text: autoDraw = False
118.1198 	EXP 	text: foreColor = <psychopy.colors.Color: red, alpha=1.0>
118.1198 	EXP 	text: text = 'BLUE '
118.1198 	EXP 	fixation: autoDraw = True
118.2536 	EXP 	Device response: <KeyPress from None: t=118.0910359999998, value=b, duration=0.15992709999954968>
118.6034 	INFO 	Keyboard events cleared
118.6033 	EXP 	fixation: autoDraw = False
118.6033 	EXP 	text: autoDraw = True
119.6703 	EXP 	Device response: <KeyPress from None: t=119.66746289999992, value=r, duration=None>
119.6706 	EXP 	New trial (rep=21, index=2): <Trial 86 (2 in rep 21) data={'word': 'RED', 'colour': 'red', 'stim_condition': 'C', 'correct_res': 'r', 'thisN': 86, 'thisTrialN': 2, 'thisRepN': 21}>
119.6751 	DATA 	Keypress: r
119.6867 	EXP 	fixation: autoDraw = False
119.6867 	EXP 	text: autoDraw = False
119.6867 	EXP 	text: foreColor = <psychopy.colors.Color: red, alpha=1.0>
119.6867 	EXP 	text: height = np.float64(0.05)
119.6867 	EXP 	text: height = np.float64(0.05)
119.6867 	EXP 	text: height = np.float64(0.05)
119.6867 	EXP 	text: text = 'RED'
119.6867 	EXP 	fixation: autoDraw = True
119.8040 	EXP 	Device response: <KeyPress from None: t=119.66746289999992, value=r, duration=0.13382049999927403>
120.1700 	INFO 	Keyboard events cleared
120.1699 	EXP 	fixation: autoDraw = False
120.1699 	EXP 	text: autoDraw = True
121.0038 	EXP 	Device response: <KeyPress from None: t=120.99032019999959, value=r, duration=None>
121.0041 	EXP 	New trial (rep=21, index=3): <Trial 87 (3 in rep 21) data={'word': 'RED', 'colour': 'blue', 'stim_condition': 'I', 'correct_res': 'b', 'thisN': 87, 'thisTrialN': 3, 'thisRepN': 21}>
121.0059 	DATA 	Keypress: r
121.0192 	EXP 	fixation: autoDraw = False
121.0192 	EXP 	text: autoDraw = False
121.0192 	EXP 	text: foreColor = <psychopy.colors.Color: blue, alpha=1.0>
121.0192 	EXP 	text: text = 'RED'
121.0192 	EXP 	fixation: autoDraw = True
121.1700 	EXP 	Device response: <KeyPress from None: t=120.99032019999959, value=r, duration=0.16314169999986916>
121.5033 	INFO 	Keyboard events cleared
121.5031 	EXP 	fixation: autoDraw = False
121.5031 	EXP 	text: autoDraw = True
122.0034 	EXP 	Device response: <KeyPress from None: t=121.99508309999965, value=b, duration=None>
122.0038 	EXP 	New trial (rep=22, index=0): <Trial 88 (0 in rep 22) data={'word': 'BLUE ', 'colour': 'red', 'stim_condition': 'I', 'correct_res': 'r', 'thisN': 88, 'thisTrialN': 0, 'thisRepN': 22}>
122.0115 	DATA 	Keypress: b
122.0199 	EXP 	fixation: autoDraw = False
122.0199 	EXP 	text: autoDraw = False
122.0199 	EXP 	text: foreColor = <psychopy.colors.Color: red, alpha=1.0>
122.0199 	EXP 	text: height = np.float64(0.05)
122.0199 	EXP 	text: height = np.float64(0.05)
122.0199 	EXP 	text: height = np.float64(0.05)
122.0199 	EXP 	text: text = 'BLUE '
122.0199 	EXP 	fixation: autoDraw = True
122.1537 	EXP 	Device response: <KeyPress from None: t=121.99508309999965, value=b, duration=0.1559993000000759>
122.5033 	INFO 	Keyboard events cleared
122.5031 	EXP 	fixation: autoDraw = False
122.5031 	EXP 	text: autoDraw = True
123.7031 	EXP 	Device response: <KeyPress from None: t=123.6883141999997, value=r, duration=None>
123.7034 	EXP 	New trial (rep=22, index=1): <Trial 89 (1 in rep 22) data={'word': 'RED', 'colour': 'blue', 'stim_condition': 'I', 'correct_res': 'b', 'thisN': 89, 'thisTrialN': 1, 'thisRepN': 22}>
123.7076 	DATA 	Keypress: r
123.7200 	EXP 	fixation: autoDraw = False
123.7200 	EXP 	text: autoDraw = False
123.7200 	EXP 	text: foreColor = <psychopy.colors.Color: blue, alpha=1.0>
123.7200 	EXP 	text: height = np.float64(0.05)
123.7200 	EXP 	text: height = np.float64(0.05)
123.7200 	EXP 	text: height = np.float64(0.05)
123.7200 	EXP 	text: text = 'RED'
123.7200 	EXP 	fixation: autoDraw = True
123.8540 	EXP 	Device response: <KeyPress from None: t=123.6883141999997, value=r, duration=0.16517260000000533>
124.2038 	INFO 	Keyboard events cleared
124.2036 	EXP 	fixation: autoDraw = False
124.2036 	EXP 	text: autoDraw = True
125.3368 	EXP 	Device response: <KeyPress from None: t=125.32738439999957, value=b, duration=None>
125.3371 	EXP 	New trial (rep=22, index=2): <Trial 90 (2 in rep 22) data={'word': 'RED', 'colour': 'red', 'stim_condition': 'C', 'correct_res': 'r', 'thisN': 90, 'thisTrialN': 2, 'thisRepN': 22}>
125.3387 	DATA 	Keypress: b
125.3533 	EXP 	fixation: autoDraw = False
125.3533 	EXP 	text: autoDraw = False
125.3533 	EXP 	text: foreColor = <psychopy.colors.Color: red, alpha=1.0>
125.3533 	EXP 	text: text = 'RED'
125.3533 	EXP 	fixation: autoDraw = True
125.4868 	EXP 	Device response: <KeyPress from None: t=125.32738439999957, value=b, duration=0.15645479999966483>
125.8366 	INFO 	Keyboard events cleared
125.8365 	EXP 	fixation: autoDraw = False
125.8365 	EXP 	text: autoDraw = True
126.7537 	EXP 	Device response: <KeyPress from None: t=126.75118359999942, value=r, duration=None>
126.7540 	EXP 	New trial (rep=22, index=3): <Trial 91 (3 in rep 22) data={'word': 'BLUE ', 'colour': 'blue', 'stim_condition': 'C', 'correct_res': 'b', 'thisN': 91, 'thisTrialN': 3, 'thisRepN': 22}>
126.7586 	DATA 	Keypress: r
126.7691 	EXP 	fixation: autoDraw = False
126.7691 	EXP 	text: autoDraw = False
126.7691 	EXP 	text: foreColor = <psychopy.colors.Color: blue, alpha=1.0>
126.7691 	EXP 	text: height = np.float64(0.05)
126.7691 	EXP 	text: height = np.float64(0.05)
126.7691 	EXP 	text: height = np.float64(0.05)
126.7691 	EXP 	text: text = 'BLUE '
126.7691 	EXP 	fixation: autoDraw = True
126.9206 	EXP 	Device response: <KeyPress from None: t=126.75118359999942, value=r, duration=0.16883450000023004>
127.2533 	INFO 	Keyboard events cleared
127.2532 	EXP 	fixation: autoDraw = False
127.2532 	EXP 	text: autoDraw = True
128.0541 	EXP 	Device response: <KeyPress from None: t=128.0381023, value=b, duration=None>
128.0544 	EXP 	New trial (rep=23, index=0): <Trial 92 (0 in rep 23) data={'word': 'BLUE ', 'colour': 'blue', 'stim_condition': 'C', 'correct_res': 'b', 'thisN': 92, 'thisTrialN': 0, 'thisRepN': 23}>
128.0561 	DATA 	Keypress: b
128.0698 	EXP 	fixation: autoDraw = False
128.0698 	EXP 	text: autoDraw = False
128.0698 	EXP 	text: foreColor = <psychopy.colors.Color: blue, alpha=1.0>
128.0698 	EXP 	text: text = 'BLUE '
128.0698 	EXP 	fixation: autoDraw = True
128.1876 	EXP 	Device response: <KeyPress from None: t=128.0381023, value=b, duration=0.14661459999933868>
128.5701 	INFO 	Keyboard events cleared
128.5699 	EXP 	fixation: autoDraw = False
128.5699 	EXP 	text: autoDraw = True
129.2704 	EXP 	Device response: <KeyPress from None: t=129.25622049999947, value=b, duration=None>
129.2708 	EXP 	New trial (rep=23, index=1): <Trial 93 (1 in rep 23) data={'word': 'RED', 'colour': 'red', 'stim_condition': 'C', 'correct_res': 'r', 'thisN': 93, 'thisTrialN': 1, 'thisRepN': 23}>
129.2748 	DATA 	Keypress: b
129.2866 	EXP 	fixation: autoDraw = False
129.2866 	EXP 	text: autoDraw = False
129.2866 	EXP 	text: foreColor = <psychopy.colors.Color: red, alpha=1.0>
129.2866 	EXP 	text: height = np.float64(0.05)
129.2866 	EXP 	text: height = np.float64(0.05)
129.2866 	EXP 	text: height = np.float64(0.05)
129.2866 	EXP 	text: text = 'RED'
129.2866 	EXP 	fixation: autoDraw = True
129.4206 	EXP 	Device response: <KeyPress from None: t=129.25622049999947, value=b, duration=0.15846760000022186>
129.7868 	INFO 	Keyboard events cleared
129.7867 	EXP 	fixation: autoDraw = False
129.7867 	EXP 	text: autoDraw = True
130.3878 	EXP 	Device response: <KeyPress from None: t=130.3857006999997, value=r, duration=None>
130.3881 	EXP 	New trial (rep=23, index=2): <Trial 94 (2 in rep 23) data={'word': 'RED', 'colour': 'blue', 'stim_condition': 'I', 'correct_res': 'b', 'thisN': 94, 'thisTrialN': 2, 'thisRepN': 23}>
130.3898 	DATA 	Keypress: r
130.4034 	EXP 	fixation: autoDraw = False
130.4034 	EXP 	text: autoDraw = False
130.4034 	EXP 	text: foreColor = <psychopy.colors.Color: blue, alpha=1.0>
130.4034 	EXP 	text: text = 'RED'
130.4034 	EXP 	fixation: autoDraw = True
130.5370 	EXP 	Device response: <KeyPress from None: t=130.3857006999997, value=r, duration=0.1449468999999226>
130.8867 	INFO 	Keyboard events cleared
130.8865 	EXP 	fixation: autoDraw = False
130.8865 	EXP 	text: autoDraw = True
131.4696 	EXP 	Device response: <KeyPress from None: t=131.4551754999993, value=b, duration=None>
131.4700 	EXP 	New trial (rep=23, index=3): <Trial 95 (3 in rep 23) data={'word': 'BLUE ', 'colour': 'red', 'stim_condition': 'I', 'correct_res': 'r', 'thisN': 95, 'thisTrialN': 3, 'thisRepN': 23}>
131.4742 	DATA 	Keypress: b
131.4863 	EXP 	fixation: autoDraw = False
131.4863 	EXP 	text: autoDraw = False
131.4863 	EXP 	text: foreColor = <psychopy.colors.Color: red, alpha=1.0>
131.4863 	EXP 	text: height = np.float64(0.05)
131.4863 	EXP 	text: height = np.float64(0.05)
131.4863 	EXP 	text: height = np.float64(0.05)
131.4863 	EXP 	text: text = 'BLUE '
131.4863 	EXP 	fixation: autoDraw = True
131.6197 	EXP 	Device response: <KeyPress from None: t=131.4551754999993, value=b, duration=0.160055100000136>
131.9707 	INFO 	Keyboard events cleared
131.9705 	EXP 	fixation: autoDraw = False
131.9705 	EXP 	text: autoDraw = True
132.6390 	DATA 	Keypress: b
132.6534 	EXP 	Device response: <KeyPress from None: t=132.63771669999915, value=b, duration=None>
132.6538 	EXP 	New trial (rep=24, index=0): <Trial 96 (0 in rep 24) data={'word': 'RED', 'colour': 'red', 'stim_condition': 'C', 'correct_res': 'r', 'thisN': 96, 'thisTrialN': 0, 'thisRepN': 24}>
132.6691 	EXP 	fixation: autoDraw = False
132.6691 	EXP 	text: autoDraw = False
132.6691 	EXP 	text: foreColor = <psychopy.colors.Color: red, alpha=1.0>
132.6691 	EXP 	text: height = np.float64(0.05)
132.6691 	EXP 	text: height = np.float64(0.05)
132.6691 	EXP 	text: height = np.float64(0.05)
132.6691 	EXP 	text: text = 'RED'
132.6691 	EXP 	fixation: autoDraw = True
132.8369 	EXP 	Device response: <KeyPress from None: t=132.63771669999915, value=b, duration=0.1958639000004041>
133.1537 	INFO 	Keyboard events cleared
133.1535 	EXP 	fixation: autoDraw = False
133.1535 	EXP 	text: autoDraw = True
133.8538 	EXP 	Device response: <KeyPress from None: t=133.85129329999927, value=b, duration=None>
133.8541 	EXP 	New trial (rep=24, index=1): <Trial 97 (1 in rep 24) data={'word': 'RED', 'colour': 'blue', 'stim_condition': 'I', 'correct_res': 'b', 'thisN': 97, 'thisTrialN': 1, 'thisRepN': 24}>
133.8558 	DATA 	Keypress: b
133.8699 	EXP 	fixation: autoDraw = False
133.8699 	EXP 	text: autoDraw = False
133.8699 	EXP 	text: foreColor = <psychopy.colors.Color: blue, alpha=1.0>
133.8699 	EXP 	text: text = 'RED'
133.8699 	EXP 	fixation: autoDraw = True
134.0714 	EXP 	Device response: <KeyPress from None: t=133.85129329999927, value=b, duration=0.21489680000013323>
134.3534 	INFO 	Keyboard events cleared
134.3533 	EXP 	fixation: autoDraw = False
134.3533 	EXP 	text: autoDraw = True
134.8037 	EXP 	Device response: <KeyPress from None: t=134.79005419999976, value=r, duration=None>
134.8041 	EXP 	New trial (rep=24, index=2): <Trial 98 (2 in rep 24) data={'word': 'BLUE ', 'colour': 'red', 'stim_condition': 'I', 'correct_res': 'r', 'thisN': 98, 'thisTrialN': 2, 'thisRepN': 24}>
134.8084 	DATA 	Keypress: r
134.8198 	EXP 	fixation: autoDraw = False
134.8198 	EXP 	text: autoDraw = False
134.8198 	EXP 	text: foreColor = <psychopy.colors.Color: red, alpha=1.0>
134.8198 	EXP 	text: height = np.float64(0.05)
134.8198 	EXP 	text: height = np.float64(0.05)
134.8198 	EXP 	text: height = np.float64(0.05)
134.8198 	EXP 	text: text = 'BLUE '
134.8198 	EXP 	fixation: autoDraw = True
134.9540 	EXP 	Device response: <KeyPress from None: t=134.79005419999976, value=r, duration=0.1514766000000236>
135.3031 	INFO 	Keyboard events cleared
135.3029 	EXP 	fixation: autoDraw = False
135.3029 	EXP 	text: autoDraw = True
137.3373 	EXP 	Device response: <KeyPress from None: t=137.33282319999944, value=r, duration=None>
137.3377 	EXP 	New trial (rep=24, index=3): <Trial 99 (3 in rep 24) data={'word': 'BLUE ', 'colour': 'blue', 'stim_condition': 'C', 'correct_res': 'b', 'thisN': 99, 'thisTrialN': 3, 'thisRepN': 24}>
137.3395 	DATA 	Keypress: r
137.3533 	EXP 	fixation: autoDraw = False
137.3533 	EXP 	text: autoDraw = False
137.3533 	EXP 	text: foreColor = <psychopy.colors.Color: blue, alpha=1.0>
137.3533 	EXP 	text: text = 'BLUE '
137.3533 	EXP 	fixation: autoDraw = True
137.4541 	EXP 	Device response: <KeyPress from None: t=137.33282319999944, value=r, duration=0.11970070000006672>
137.8535 	INFO 	Keyboard events cleared
137.8534 	EXP 	fixation: autoDraw = False
137.8534 	EXP 	text: autoDraw = True
138.5869 	EXP 	Device response: <KeyPress from None: t=138.58429459999934, value=b, duration=None>
138.5898 	DATA 	Keypress: b
138.6032 	EXP 	fixation: autoDraw = False
138.6032 	EXP 	text: autoDraw = False
138.6032 	EXP 	text_3: autoDraw = True
138.7544 	EXP 	Device response: <KeyPress from None: t=138.58429459999934, value=b, duration=0.16415060000053927>
139.6032 	EXP 	text_3: autoDraw = False
139.6032 	EXP 	text_3: autoDraw = False
139.6034 	EXP 	stroop: status = STOPPED
139.6480 	INFO 	saved data to 'C:\\Users\\DELL\\Desktop\\PSYCHOPY\\STROOP\\data\\0024_stroop_2025-08-22_18h29.05.693.csv'
139.6512 	INFO 	saved data to C:\Users\DELL\Desktop\PSYCHOPY\STROOP\data\0024_stroop_2025-08-22_18h29.05.693.psydat
140.0264 	WARNING 	Stopping key buffers but this could be dangerous ifother keyboards rely on the same.
140.0579 	WARNING 	Stopping key buffers but this could be dangerous ifother keyboards rely on the same.
