15.9575 	INFO 	Loaded monitor calibration from ['2025_08_11 19:48']
15.9918 	WARNING 	User requested fullscreen with size [1024  768], but screen is actually [1920, 1080]. Using actual size
16.3314 	INFO 	Using renderer 'AMD Radeon(TM) Graphics' for graphics
16.3315 	INFO 	OpenGL version supported by driver is 4..
16.4008 	EXP 	Created window1 = Window(allowGUI=False, allowStencil=False, autoLog=True, backendConf=UNKNOWN, backgroundFit=<method-wrapper '__getattribute__' of attributeSetter object at 0x000001EEB3D00400>, backgroundImage=<method-wrapper '__getattribute__' of attributeSetter object at 0x000001EEB3D003A0>, bitsMode=UNKNOWN, blendMode='avg', bpc=(8, 8, 8), color=array([0, 0, 0]), colorSpace='rgb', depthBits=8, fullscr=True, gamma=None, gammaErrorPolicy='raise', infoMsg=UNKNOWN, lms=UNKNOWN, monitor=<psychopy.monitors.calibTools.Monitor object at 0x000001EEB3DB9C60>, multiSample=False, name='window1', numSamples=2, pos=[np.float64(0.0), np.float64(0.0)], screen=0, size=array([1920, 1080]), stencilBits=0, stereo=False, title='PsychoPy', units='height', useFBO=True, useRetina=False, viewOri=0.0, viewPos=None, viewScale=None, waitBlanking=True, winType='pyglet')
16.4009 	EXP 	window1: backgroundImage = ''
16.4009 	EXP 	window1: backgroundFit = 'none'
17.2539 	EXP 	window1: Attempting to measure frame rate of screen (0) ...
17.2541 	EXP 	window1: recordFrameIntervals = False
17.5460 	EXP 	window1: recordFrameIntervals = True
17.7297 	EXP 	Screen (0) actual frame rate measured at 59.99Hz
17.7297 	EXP 	window1: recordFrameIntervals = False
17.8098 	INFO 	keyboard.Keyboard is using ptb backend.
17.8101 	INFO 	keyboard.Keyboard is using ptb backend.
17.8101 	EXP 	stroop: status = STARTED
17.9264 	EXP 	Created text_2 = TextStim(__class__=<class 'psychopy.visual.text.TextStim'>, alignHoriz=method-wrapper(...), alignText='center', alignVert=method-wrapper(...), anchorHoriz='center', anchorVert='center', antialias=True, autoDraw=False, autoLog=True, bold=False, color=array([1., 1., 1.]), colorSpace='rgb', contrast=1.0, depth=0.0, draggable=False, flipHoriz=False, flipVert=False, font='Arial', fontFiles=[], height=np.float64(0.05), italic=False, languageStyle='LTR', name='text_2', opacity=1, ori=0.0, pos=array([0., 0.]), rgb=UNKNOWN, text='WELCOME ', units='height', win=Window(...), wrapWidth=1)
17.9353 	EXP 	Created fixation = ShapeStim(__class__=<class 'psychopy.visual.shape.ShapeStim'>, anchor=('center', 'center'), autoDraw=False, autoLog=True, closeShape=True, color=method-wrapper(...), colorSpace='rgb', contrast=None, depth=0.0, draggable=False, fillColor=array([1, 1, 1]), fillColorSpace='rgb', fillRGB=array([1, 1, 1]), interpolate=True, lineColor=array([1., 1., 1.]), lineColorSpace='rgb', lineRGB=array([1, 1, 1]), lineWidth=1.0, name='fixation', opacity=1, ori=0.0, pos=array([0., 0.]), size=array([10., 10.]), units='pix', vertices=ndarray(...), win=Window(...), windingRule=None)
17.9368 	EXP 	Created text = TextStim(__class__=<class 'psychopy.visual.text.TextStim'>, alignHoriz=method-wrapper(...), alignText='center', alignVert=method-wrapper(...), anchorHoriz='center', anchorVert='center', antialias=True, autoDraw=False, autoLog=True, bold=False, color=array([1., 1., 1.]), colorSpace='rgb', contrast=1.0, depth=-1.0, draggable=False, flipHoriz=False, flipVert=False, font='Arial', fontFiles=[], height=0.05, italic=False, languageStyle='LTR', name='text', opacity=1, ori=0.0, pos=array([0., 0.]), rgb=UNKNOWN, text='', units='height', win=Window(...), wrapWidth=1)
17.9545 	EXP 	Created text_3 = TextStim(__class__=<class 'psychopy.visual.text.TextStim'>, alignHoriz=method-wrapper(...), alignText='center', alignVert=method-wrapper(...), anchorHoriz='center', anchorVert='center', antialias=True, autoDraw=False, autoLog=True, bold=False, color=array([1., 1., 1.]), colorSpace='rgb', contrast=1.0, depth=0.0, draggable=False, flipHoriz=False, flipVert=False, font='Arial', fontFiles=[], height=np.float64(0.05), italic=False, languageStyle='LTR', name='text_3', opacity=1, ori=0.0, pos=array([0., 0.]), rgb=UNKNOWN, text='THANK YOU!\n', units='height', win=Window(...), wrapWidth=1)
0.0235 	EXP 	text_2: autoDraw = True
1.0192 	EXP 	Imported conditions.xlsx as conditions, 4 conditions, 4 params
1.0234 	EXP 	New trial (rep=0, index=0): <Trial 0 (0 in rep 0) data={'word': 'BLUE ', 'colour': 'red', 'stim_condition': 'I', 'correct_res': 'r', 'thisN': 0, 'thisTrialN': 0, 'thisRepN': 0}>
1.0403 	EXP 	text_2: autoDraw = False
1.0403 	EXP 	text: foreColor = <psychopy.colors.Color: red, alpha=1.0>
1.0403 	EXP 	text: height = np.float64(0.05)
1.0403 	EXP 	text: height = np.float64(0.05)
1.0403 	EXP 	text: height = np.float64(0.05)
1.0403 	EXP 	text: text = 'BLUE '
1.0403 	EXP 	fixation: autoDraw = True
1.5080 	INFO 	Keyboard events cleared
1.5078 	EXP 	fixation: autoDraw = False
1.5078 	EXP 	text: autoDraw = True
2.2825 	EXP 	Device response: <KeyPress from None: t=2.268406000000141, value=e, duration=None>
2.2843 	DATA 	Keypress: e
2.7418 	EXP 	Device response: <KeyPress from None: t=2.268406000000141, value=e, duration=0.4669000999999753>
3.6417 	EXP 	Device response: <KeyPress from None: t=3.6390460000000076, value=r, duration=None>
3.6420 	EXP 	New trial (rep=0, index=1): <Trial 1 (1 in rep 0) data={'word': 'BLUE ', 'colour': 'blue', 'stim_condition': 'C', 'correct_res': 'b', 'thisN': 1, 'thisTrialN': 1, 'thisRepN': 0}>
3.6438 	DATA 	Keypress: r
3.6579 	EXP 	fixation: autoDraw = False
3.6579 	EXP 	text: autoDraw = False
3.6579 	EXP 	text: foreColor = <psychopy.colors.Color: blue, alpha=1.0>
3.6579 	EXP 	text: text = 'BLUE '
3.6579 	EXP 	fixation: autoDraw = True
3.7585 	EXP 	Device response: <KeyPress from None: t=3.6390460000000076, value=r, duration=0.11868060000006153>
4.0580 	EXP 	Device response: <KeyPress from None: t=4.055370100000118, value=r, duration=None>
4.0592 	DATA 	Keypress: r
4.1412 	INFO 	Keyboard events cleared
4.1411 	EXP 	fixation: autoDraw = False
4.1411 	EXP 	text: autoDraw = True
4.2085 	EXP 	Device response: <KeyPress from None: t=4.055370100000118, value=r, duration=0.14170369999987997>
4.7922 	EXP 	Device response: <KeyPress from None: t=4.789483700000119, value=b, duration=None>
4.7926 	EXP 	New trial (rep=0, index=2): <Trial 2 (2 in rep 0) data={'word': 'RED', 'colour': 'red', 'stim_condition': 'C', 'correct_res': 'r', 'thisN': 2, 'thisTrialN': 2, 'thisRepN': 0}>
4.8015 	DATA 	Keypress: b
4.8095 	EXP 	fixation: autoDraw = False
4.8095 	EXP 	text: autoDraw = False
4.8095 	EXP 	text: foreColor = <psychopy.colors.Color: red, alpha=1.0>
4.8095 	EXP 	text: height = np.float64(0.05)
4.8095 	EXP 	text: height = np.float64(0.05)
4.8095 	EXP 	text: height = np.float64(0.05)
4.8095 	EXP 	text: text = 'RED'
4.8095 	EXP 	fixation: autoDraw = True
4.9416 	EXP 	Device response: <KeyPress from None: t=4.789483700000119, value=b, duration=0.14066779999984647>
5.3079 	INFO 	Keyboard events cleared
5.3077 	EXP 	fixation: autoDraw = False
5.3077 	EXP 	text: autoDraw = True
5.8584 	EXP 	Device response: <KeyPress from None: t=5.845347400000037, value=r, duration=None>
5.8587 	EXP 	New trial (rep=0, index=3): <Trial 3 (3 in rep 0) data={'word': 'RED', 'colour': 'blue', 'stim_condition': 'I', 'correct_res': 'b', 'thisN': 3, 'thisTrialN': 3, 'thisRepN': 0}>
5.8602 	DATA 	Keypress: r
5.8744 	EXP 	fixation: autoDraw = False
5.8744 	EXP 	text: autoDraw = False
5.8744 	EXP 	text: foreColor = <psychopy.colors.Color: blue, alpha=1.0>
5.8744 	EXP 	text: text = 'RED'
5.8744 	EXP 	fixation: autoDraw = True
5.9916 	EXP 	Device response: <KeyPress from None: t=5.845347400000037, value=r, duration=0.13065959999994448>
6.3747 	INFO 	Keyboard events cleared
6.3746 	EXP 	fixation: autoDraw = False
6.3746 	EXP 	text: autoDraw = True
7.0092 	EXP 	Device response: <KeyPress from None: t=7.006650700000137, value=b, duration=None>
7.0096 	EXP 	New trial (rep=1, index=0): <Trial 4 (0 in rep 1) data={'word': 'RED', 'colour': 'red', 'stim_condition': 'C', 'correct_res': 'r', 'thisN': 4, 'thisTrialN': 0, 'thisRepN': 1}>
7.0114 	DATA 	Keypress: b
7.0245 	EXP 	fixation: autoDraw = False
7.0245 	EXP 	text: autoDraw = False
7.0245 	EXP 	text: foreColor = <psychopy.colors.Color: red, alpha=1.0>
7.0245 	EXP 	text: text = 'RED'
7.0245 	EXP 	fixation: autoDraw = True
7.1414 	EXP 	Device response: <KeyPress from None: t=7.006650700000137, value=b, duration=0.12564339999994445>
7.5246 	INFO 	Keyboard events cleared
7.5244 	EXP 	fixation: autoDraw = False
7.5244 	EXP 	text: autoDraw = True
8.2413 	EXP 	Device response: <KeyPress from None: t=8.233267400000159, value=r, duration=None>
8.2416 	EXP 	New trial (rep=1, index=1): <Trial 5 (1 in rep 1) data={'word': 'RED', 'colour': 'blue', 'stim_condition': 'I', 'correct_res': 'b', 'thisN': 5, 'thisTrialN': 1, 'thisRepN': 1}>
8.2432 	DATA 	Keypress: r
8.2580 	EXP 	fixation: autoDraw = False
8.2580 	EXP 	text: autoDraw = False
8.2580 	EXP 	text: foreColor = <psychopy.colors.Color: blue, alpha=1.0>
8.2580 	EXP 	text: text = 'RED'
8.2580 	EXP 	fixation: autoDraw = True
8.3591 	EXP 	Device response: <KeyPress from None: t=8.233267400000159, value=r, duration=0.12189629999988938>
8.7421 	INFO 	Keyboard events cleared
8.7419 	EXP 	fixation: autoDraw = False
8.7419 	EXP 	text: autoDraw = True
9.3749 	EXP 	Device response: <KeyPress from None: t=9.361829500000113, value=b, duration=None>
9.3752 	EXP 	New trial (rep=1, index=2): <Trial 6 (2 in rep 1) data={'word': 'BLUE ', 'colour': 'red', 'stim_condition': 'I', 'correct_res': 'r', 'thisN': 6, 'thisTrialN': 2, 'thisRepN': 1}>
9.3798 	DATA 	Keypress: b
9.3911 	EXP 	fixation: autoDraw = False
9.3911 	EXP 	text: autoDraw = False
9.3911 	EXP 	text: foreColor = <psychopy.colors.Color: red, alpha=1.0>
9.3911 	EXP 	text: height = np.float64(0.05)
9.3911 	EXP 	text: height = np.float64(0.05)
9.3911 	EXP 	text: height = np.float64(0.05)
9.3911 	EXP 	text: text = 'BLUE '
9.3911 	EXP 	fixation: autoDraw = True
9.5084 	EXP 	Device response: <KeyPress from None: t=9.361829500000113, value=b, duration=0.13349429999993845>
9.8745 	INFO 	Keyboard events cleared
9.8743 	EXP 	fixation: autoDraw = False
9.8743 	EXP 	text: autoDraw = True
10.8420 	EXP 	Device response: <KeyPress from None: t=10.84104769999999, value=r, duration=None>
10.8423 	EXP 	New trial (rep=1, index=3): <Trial 7 (3 in rep 1) data={'word': 'BLUE ', 'colour': 'blue', 'stim_condition': 'C', 'correct_res': 'b', 'thisN': 7, 'thisTrialN': 3, 'thisRepN': 1}>
10.8440 	DATA 	Keypress: r
10.8592 	EXP 	fixation: autoDraw = False
10.8592 	EXP 	text: autoDraw = False
10.8592 	EXP 	text: foreColor = <psychopy.colors.Color: blue, alpha=1.0>
10.8592 	EXP 	text: text = 'BLUE '
10.8592 	EXP 	fixation: autoDraw = True
10.9914 	EXP 	Device response: <KeyPress from None: t=10.84104769999999, value=r, duration=0.14768190000017967>
11.3581 	INFO 	Keyboard events cleared
11.3579 	EXP 	fixation: autoDraw = False
11.3579 	EXP 	text: autoDraw = True
12.0747 	EXP 	Device response: <KeyPress from None: t=12.067265399999997, value=b, duration=None>
12.0750 	EXP 	New trial (rep=2, index=0): <Trial 8 (0 in rep 2) data={'word': 'RED', 'colour': 'red', 'stim_condition': 'C', 'correct_res': 'r', 'thisN': 8, 'thisTrialN': 0, 'thisRepN': 2}>
12.0790 	DATA 	Keypress: b
12.0909 	EXP 	fixation: autoDraw = False
12.0909 	EXP 	text: autoDraw = False
12.0909 	EXP 	text: foreColor = <psychopy.colors.Color: red, alpha=1.0>
12.0909 	EXP 	text: height = np.float64(0.05)
12.0909 	EXP 	text: height = np.float64(0.05)
12.0909 	EXP 	text: height = np.float64(0.05)
12.0909 	EXP 	text: text = 'RED'
12.0909 	EXP 	fixation: autoDraw = True
12.2083 	EXP 	Device response: <KeyPress from None: t=12.067265399999997, value=b, duration=0.12909100000001672>
12.5746 	INFO 	Keyboard events cleared
12.5744 	EXP 	fixation: autoDraw = False
12.5744 	EXP 	text: autoDraw = True
13.2583 	EXP 	Device response: <KeyPress from None: t=13.245485600000166, value=r, duration=None>
13.2587 	EXP 	New trial (rep=2, index=1): <Trial 9 (1 in rep 2) data={'word': 'BLUE ', 'colour': 'red', 'stim_condition': 'I', 'correct_res': 'r', 'thisN': 9, 'thisTrialN': 1, 'thisRepN': 2}>
13.2630 	DATA 	Keypress: r
13.2743 	EXP 	fixation: autoDraw = False
13.2743 	EXP 	text: autoDraw = False
13.2743 	EXP 	text: foreColor = <psychopy.colors.Color: red, alpha=1.0>
13.2743 	EXP 	text: height = np.float64(0.05)
13.2743 	EXP 	text: height = np.float64(0.05)
13.2743 	EXP 	text: height = np.float64(0.05)
13.2743 	EXP 	text: text = 'BLUE '
13.2743 	EXP 	fixation: autoDraw = True
13.3583 	EXP 	Device response: <KeyPress from None: t=13.245485600000166, value=r, duration=0.10951139999997395>
13.7580 	INFO 	Keyboard events cleared
13.7579 	EXP 	fixation: autoDraw = False
13.7579 	EXP 	text: autoDraw = True
14.6426 	EXP 	Device response: <KeyPress from None: t=14.630165799999986, value=r, duration=None>
14.6429 	EXP 	New trial (rep=2, index=2): <Trial 10 (2 in rep 2) data={'word': 'BLUE ', 'colour': 'blue', 'stim_condition': 'C', 'correct_res': 'b', 'thisN': 10, 'thisTrialN': 2, 'thisRepN': 2}>
14.6446 	DATA 	Keypress: r
14.6575 	EXP 	fixation: autoDraw = False
14.6575 	EXP 	text: autoDraw = False
14.6575 	EXP 	text: foreColor = <psychopy.colors.Color: blue, alpha=1.0>
14.6575 	EXP 	text: text = 'BLUE '
14.6575 	EXP 	fixation: autoDraw = True
14.7585 	EXP 	Device response: <KeyPress from None: t=14.630165799999986, value=r, duration=0.11909860000014305>
15.1580 	INFO 	Keyboard events cleared
15.1578 	EXP 	fixation: autoDraw = False
15.1578 	EXP 	text: autoDraw = True
15.6414 	EXP 	Device response: <KeyPress from None: t=15.63198609999995, value=b, duration=None>
15.6418 	EXP 	New trial (rep=2, index=3): <Trial 11 (3 in rep 2) data={'word': 'RED', 'colour': 'blue', 'stim_condition': 'I', 'correct_res': 'b', 'thisN': 11, 'thisTrialN': 3, 'thisRepN': 2}>
15.6458 	DATA 	Keypress: b
15.6578 	EXP 	fixation: autoDraw = False
15.6578 	EXP 	text: autoDraw = False
15.6578 	EXP 	text: foreColor = <psychopy.colors.Color: blue, alpha=1.0>
15.6578 	EXP 	text: height = np.float64(0.05)
15.6578 	EXP 	text: height = np.float64(0.05)
15.6578 	EXP 	text: height = np.float64(0.05)
15.6578 	EXP 	text: text = 'RED'
15.6578 	EXP 	fixation: autoDraw = True
15.7412 	EXP 	Device response: <KeyPress from None: t=15.63198609999995, value=b, duration=0.1006814000002123>
16.1413 	INFO 	Keyboard events cleared
16.1411 	EXP 	fixation: autoDraw = False
16.1411 	EXP 	text: autoDraw = True
16.6590 	EXP 	Device response: <KeyPress from None: t=16.654228099999955, value=b, duration=None>
16.6594 	EXP 	New trial (rep=3, index=0): <Trial 12 (0 in rep 3) data={'word': 'RED', 'colour': 'blue', 'stim_condition': 'I', 'correct_res': 'b', 'thisN': 12, 'thisTrialN': 0, 'thisRepN': 3}>
16.6614 	DATA 	Keypress: b
16.6749 	EXP 	fixation: autoDraw = False
16.6749 	EXP 	text: autoDraw = False
16.6749 	EXP 	text: foreColor = <psychopy.colors.Color: blue, alpha=1.0>
16.6749 	EXP 	text: text = 'RED'
16.6749 	EXP 	fixation: autoDraw = True
16.7743 	EXP 	Device response: <KeyPress from None: t=16.654228099999955, value=b, duration=0.11248090000003685>
17.1747 	INFO 	Keyboard events cleared
17.1745 	EXP 	fixation: autoDraw = False
17.1745 	EXP 	text: autoDraw = True
17.5086 	EXP 	Device response: <KeyPress from None: t=17.50671750000015, value=b, duration=None>
17.5090 	EXP 	New trial (rep=3, index=1): <Trial 13 (1 in rep 3) data={'word': 'BLUE ', 'colour': 'red', 'stim_condition': 'I', 'correct_res': 'r', 'thisN': 13, 'thisTrialN': 1, 'thisRepN': 3}>
17.5136 	DATA 	Keypress: b
17.5245 	EXP 	fixation: autoDraw = False
17.5245 	EXP 	text: autoDraw = False
17.5245 	EXP 	text: foreColor = <psychopy.colors.Color: red, alpha=1.0>
17.5245 	EXP 	text: height = np.float64(0.05)
17.5245 	EXP 	text: height = np.float64(0.05)
17.5245 	EXP 	text: height = np.float64(0.05)
17.5245 	EXP 	text: text = 'BLUE '
17.5245 	EXP 	fixation: autoDraw = True
17.6419 	EXP 	Device response: <KeyPress from None: t=17.50671750000015, value=b, duration=0.13046749999989515>
18.0246 	INFO 	Keyboard events cleared
18.0244 	EXP 	fixation: autoDraw = False
18.0244 	EXP 	text: autoDraw = True
18.8082 	EXP 	Device response: <KeyPress from None: t=18.798997800000052, value=r, duration=None>
18.8085 	EXP 	New trial (rep=3, index=2): <Trial 14 (2 in rep 3) data={'word': 'BLUE ', 'colour': 'blue', 'stim_condition': 'C', 'correct_res': 'b', 'thisN': 14, 'thisTrialN': 2, 'thisRepN': 3}>
18.8105 	DATA 	Keypress: r
18.8244 	EXP 	fixation: autoDraw = False
18.8244 	EXP 	text: autoDraw = False
18.8244 	EXP 	text: foreColor = <psychopy.colors.Color: blue, alpha=1.0>
18.8244 	EXP 	text: text = 'BLUE '
18.8244 	EXP 	fixation: autoDraw = True
18.9079 	EXP 	Device response: <KeyPress from None: t=18.798997800000052, value=r, duration=0.10594250000008287>
19.3079 	INFO 	Keyboard events cleared
19.3077 	EXP 	fixation: autoDraw = False
19.3077 	EXP 	text: autoDraw = True
19.7918 	EXP 	Device response: <KeyPress from None: t=19.780301100000088, value=b, duration=None>
19.7922 	EXP 	New trial (rep=3, index=3): <Trial 15 (3 in rep 3) data={'word': 'RED', 'colour': 'red', 'stim_condition': 'C', 'correct_res': 'r', 'thisN': 15, 'thisTrialN': 3, 'thisRepN': 3}>
19.7963 	DATA 	Keypress: b
19.8077 	EXP 	fixation: autoDraw = False
19.8077 	EXP 	text: autoDraw = False
19.8077 	EXP 	text: foreColor = <psychopy.colors.Color: red, alpha=1.0>
19.8077 	EXP 	text: height = np.float64(0.05)
19.8077 	EXP 	text: height = np.float64(0.05)
19.8077 	EXP 	text: height = np.float64(0.05)
19.8077 	EXP 	text: text = 'RED'
19.8077 	EXP 	fixation: autoDraw = True
19.9081 	EXP 	Device response: <KeyPress from None: t=19.780301100000088, value=b, duration=0.11172439999995731>
20.2915 	INFO 	Keyboard events cleared
20.2913 	EXP 	fixation: autoDraw = False
20.2913 	EXP 	text: autoDraw = True
20.9414 	EXP 	Device response: <KeyPress from None: t=20.938774400000057, value=r, duration=None>
20.9417 	EXP 	New trial (rep=4, index=0): <Trial 16 (0 in rep 4) data={'word': 'RED', 'colour': 'red', 'stim_condition': 'C', 'correct_res': 'r', 'thisN': 16, 'thisTrialN': 0, 'thisRepN': 4}>
20.9435 	DATA 	Keypress: r
20.9578 	EXP 	fixation: autoDraw = False
20.9578 	EXP 	text: autoDraw = False
20.9578 	EXP 	text: foreColor = <psychopy.colors.Color: red, alpha=1.0>
20.9578 	EXP 	text: text = 'RED'
20.9578 	EXP 	fixation: autoDraw = True
21.0919 	EXP 	Device response: <KeyPress from None: t=20.938774400000057, value=r, duration=0.1450887999999395>
21.4417 	INFO 	Keyboard events cleared
21.4415 	EXP 	fixation: autoDraw = False
21.4415 	EXP 	text: autoDraw = True
21.9251 	EXP 	Device response: <KeyPress from None: t=21.91918869999995, value=r, duration=None>
21.9255 	EXP 	New trial (rep=4, index=1): <Trial 17 (1 in rep 4) data={'word': 'BLUE ', 'colour': 'blue', 'stim_condition': 'C', 'correct_res': 'b', 'thisN': 17, 'thisTrialN': 1, 'thisRepN': 4}>
21.9302 	DATA 	Keypress: r
21.9410 	EXP 	fixation: autoDraw = False
21.9410 	EXP 	text: autoDraw = False
21.9410 	EXP 	text: foreColor = <psychopy.colors.Color: blue, alpha=1.0>
21.9410 	EXP 	text: height = np.float64(0.05)
21.9410 	EXP 	text: height = np.float64(0.05)
21.9410 	EXP 	text: height = np.float64(0.05)
21.9410 	EXP 	text: text = 'BLUE '
21.9410 	EXP 	fixation: autoDraw = True
22.0915 	EXP 	Device response: <KeyPress from None: t=21.91918869999995, value=r, duration=0.15857920000007653>
22.4247 	INFO 	Keyboard events cleared
22.4246 	EXP 	fixation: autoDraw = False
22.4246 	EXP 	text: autoDraw = True
23.0082 	EXP 	Device response: <KeyPress from None: t=23.001826800000117, value=b, duration=None>
23.0085 	EXP 	New trial (rep=4, index=2): <Trial 18 (2 in rep 4) data={'word': 'BLUE ', 'colour': 'red', 'stim_condition': 'I', 'correct_res': 'r', 'thisN': 18, 'thisTrialN': 2, 'thisRepN': 4}>
23.0103 	DATA 	Keypress: b
23.0241 	EXP 	fixation: autoDraw = False
23.0241 	EXP 	text: autoDraw = False
23.0241 	EXP 	text: foreColor = <psychopy.colors.Color: red, alpha=1.0>
23.0241 	EXP 	text: text = 'BLUE '
23.0241 	EXP 	fixation: autoDraw = True
23.1416 	EXP 	Device response: <KeyPress from None: t=23.001826800000117, value=b, duration=0.12982229999988704>
23.5079 	INFO 	Keyboard events cleared
23.5077 	EXP 	fixation: autoDraw = False
23.5077 	EXP 	text: autoDraw = True
24.5582 	EXP 	Device response: <KeyPress from None: t=24.5536204, value=r, duration=None>
24.5586 	EXP 	New trial (rep=4, index=3): <Trial 19 (3 in rep 4) data={'word': 'RED', 'colour': 'blue', 'stim_condition': 'I', 'correct_res': 'b', 'thisN': 19, 'thisTrialN': 3, 'thisRepN': 4}>
24.5624 	DATA 	Keypress: r
24.5746 	EXP 	fixation: autoDraw = False
24.5746 	EXP 	text: autoDraw = False
24.5746 	EXP 	text: foreColor = <psychopy.colors.Color: blue, alpha=1.0>
24.5746 	EXP 	text: height = np.float64(0.05)
24.5746 	EXP 	text: height = np.float64(0.05)
24.5746 	EXP 	text: height = np.float64(0.05)
24.5746 	EXP 	text: text = 'RED'
24.5746 	EXP 	fixation: autoDraw = True
24.6252 	EXP 	Device response: <KeyPress from None: t=24.5536204, value=r, duration=0.06940610000015113>
25.0580 	INFO 	Keyboard events cleared
25.0578 	EXP 	fixation: autoDraw = False
25.0578 	EXP 	text: autoDraw = True
26.3586 	EXP 	Device response: <KeyPress from None: t=26.349425900000142, value=b, duration=None>
26.3590 	EXP 	New trial (rep=5, index=0): <Trial 20 (0 in rep 5) data={'word': 'RED', 'colour': 'blue', 'stim_condition': 'I', 'correct_res': 'b', 'thisN': 20, 'thisTrialN': 0, 'thisRepN': 5}>
26.3607 	DATA 	Keypress: b
26.3744 	EXP 	fixation: autoDraw = False
26.3744 	EXP 	text: autoDraw = False
26.3744 	EXP 	text: foreColor = <psychopy.colors.Color: blue, alpha=1.0>
26.3744 	EXP 	text: text = 'RED'
26.3744 	EXP 	fixation: autoDraw = True
26.4747 	EXP 	Device response: <KeyPress from None: t=26.349425900000142, value=b, duration=0.12172249999980522>
26.8582 	INFO 	Keyboard events cleared
26.8581 	EXP 	fixation: autoDraw = False
26.8581 	EXP 	text: autoDraw = True
27.4756 	EXP 	Device response: <KeyPress from None: t=27.471474100000023, value=b, duration=None>
27.4760 	EXP 	New trial (rep=5, index=1): <Trial 21 (1 in rep 5) data={'word': 'BLUE ', 'colour': 'blue', 'stim_condition': 'C', 'correct_res': 'b', 'thisN': 21, 'thisTrialN': 1, 'thisRepN': 5}>
27.4814 	DATA 	Keypress: b
27.4908 	EXP 	fixation: autoDraw = False
27.4908 	EXP 	text: autoDraw = False
27.4908 	EXP 	text: foreColor = <psychopy.colors.Color: blue, alpha=1.0>
27.4908 	EXP 	text: height = np.float64(0.05)
27.4908 	EXP 	text: height = np.float64(0.05)
27.4908 	EXP 	text: height = np.float64(0.05)
27.4908 	EXP 	text: text = 'BLUE '
27.4908 	EXP 	fixation: autoDraw = True
27.5917 	EXP 	Device response: <KeyPress from None: t=27.471474100000023, value=b, duration=0.1176044000001184>
27.9918 	INFO 	Keyboard events cleared
27.9917 	EXP 	fixation: autoDraw = False
27.9917 	EXP 	text: autoDraw = True
28.5082 	EXP 	Device response: <KeyPress from None: t=28.50502070000016, value=b, duration=None>
28.5085 	EXP 	New trial (rep=5, index=2): <Trial 22 (2 in rep 5) data={'word': 'BLUE ', 'colour': 'red', 'stim_condition': 'I', 'correct_res': 'r', 'thisN': 22, 'thisTrialN': 2, 'thisRepN': 5}>
28.5102 	DATA 	Keypress: b
28.5242 	EXP 	fixation: autoDraw = False
28.5242 	EXP 	text: autoDraw = False
28.5242 	EXP 	text: foreColor = <psychopy.colors.Color: red, alpha=1.0>
28.5242 	EXP 	text: text = 'BLUE '
28.5242 	EXP 	fixation: autoDraw = True
28.6249 	EXP 	Device response: <KeyPress from None: t=28.50502070000016, value=b, duration=0.10959089999983007>
29.0077 	INFO 	Keyboard events cleared
29.0075 	EXP 	fixation: autoDraw = False
29.0075 	EXP 	text: autoDraw = True
29.6415 	EXP 	Device response: <KeyPress from None: t=29.633035999999947, value=r, duration=None>
29.6418 	EXP 	New trial (rep=5, index=3): <Trial 23 (3 in rep 5) data={'word': 'RED', 'colour': 'red', 'stim_condition': 'C', 'correct_res': 'r', 'thisN': 23, 'thisTrialN': 3, 'thisRepN': 5}>
29.6461 	DATA 	Keypress: r
29.6577 	EXP 	fixation: autoDraw = False
29.6577 	EXP 	text: autoDraw = False
29.6577 	EXP 	text: foreColor = <psychopy.colors.Color: red, alpha=1.0>
29.6577 	EXP 	text: height = np.float64(0.05)
29.6577 	EXP 	text: height = np.float64(0.05)
29.6577 	EXP 	text: height = np.float64(0.05)
29.6577 	EXP 	text: text = 'RED'
29.6577 	EXP 	fixation: autoDraw = True
29.7916 	EXP 	Device response: <KeyPress from None: t=29.633035999999947, value=r, duration=0.14844540000012785>
30.1416 	INFO 	Keyboard events cleared
30.1415 	EXP 	fixation: autoDraw = False
30.1415 	EXP 	text: autoDraw = True
30.9582 	EXP 	Device response: <KeyPress from None: t=30.951684099999966, value=r, duration=None>
30.9586 	EXP 	New trial (rep=6, index=0): <Trial 24 (0 in rep 6) data={'word': 'BLUE ', 'colour': 'blue', 'stim_condition': 'C', 'correct_res': 'b', 'thisN': 24, 'thisTrialN': 0, 'thisRepN': 6}>
30.9630 	DATA 	Keypress: r
30.9745 	EXP 	fixation: autoDraw = False
30.9745 	EXP 	text: autoDraw = False
30.9745 	EXP 	text: foreColor = <psychopy.colors.Color: blue, alpha=1.0>
30.9745 	EXP 	text: height = np.float64(0.05)
30.9745 	EXP 	text: height = np.float64(0.05)
30.9745 	EXP 	text: height = np.float64(0.05)
30.9745 	EXP 	text: text = 'BLUE '
30.9745 	EXP 	fixation: autoDraw = True
31.0919 	EXP 	Device response: <KeyPress from None: t=30.951684099999966, value=r, duration=0.13931210000009742>
31.4582 	INFO 	Keyboard events cleared
31.4580 	EXP 	fixation: autoDraw = False
31.4580 	EXP 	text: autoDraw = True
31.9914 	EXP 	Device response: <KeyPress from None: t=31.98812780000003, value=b, duration=None>
31.9917 	EXP 	New trial (rep=6, index=1): <Trial 25 (1 in rep 6) data={'word': 'RED', 'colour': 'blue', 'stim_condition': 'I', 'correct_res': 'b', 'thisN': 25, 'thisTrialN': 1, 'thisRepN': 6}>
31.9956 	DATA 	Keypress: b
32.0076 	EXP 	fixation: autoDraw = False
32.0076 	EXP 	text: autoDraw = False
32.0076 	EXP 	text: foreColor = <psychopy.colors.Color: blue, alpha=1.0>
32.0076 	EXP 	text: height = np.float64(0.05)
32.0076 	EXP 	text: height = np.float64(0.05)
32.0076 	EXP 	text: height = np.float64(0.05)
32.0076 	EXP 	text: text = 'RED'
32.0076 	EXP 	fixation: autoDraw = True
32.1250 	EXP 	Device response: <KeyPress from None: t=31.98812780000003, value=b, duration=0.12803940000003422>
32.4912 	INFO 	Keyboard events cleared
32.4909 	EXP 	fixation: autoDraw = False
32.4909 	EXP 	text: autoDraw = True
33.1931 	DATA 	Keypress: b
33.2084 	EXP 	Device response: <KeyPress from None: t=33.1922697, value=b, duration=None>
33.2087 	EXP 	New trial (rep=6, index=2): <Trial 26 (2 in rep 6) data={'word': 'BLUE ', 'colour': 'red', 'stim_condition': 'I', 'correct_res': 'r', 'thisN': 26, 'thisTrialN': 2, 'thisRepN': 6}>
33.2236 	EXP 	fixation: autoDraw = False
33.2236 	EXP 	text: autoDraw = False
33.2236 	EXP 	text: foreColor = <psychopy.colors.Color: red, alpha=1.0>
33.2236 	EXP 	text: height = np.float64(0.05)
33.2236 	EXP 	text: height = np.float64(0.05)
33.2236 	EXP 	text: height = np.float64(0.05)
33.2236 	EXP 	text: text = 'BLUE '
33.2236 	EXP 	fixation: autoDraw = True
33.3252 	EXP 	Device response: <KeyPress from None: t=33.1922697, value=b, duration=0.13051070000005893>
33.7079 	INFO 	Keyboard events cleared
33.7077 	EXP 	fixation: autoDraw = False
33.7077 	EXP 	text: autoDraw = True
34.4084 	EXP 	Device response: <KeyPress from None: t=34.405688199999986, value=r, duration=None>
34.4088 	EXP 	New trial (rep=6, index=3): <Trial 27 (3 in rep 6) data={'word': 'RED', 'colour': 'red', 'stim_condition': 'C', 'correct_res': 'r', 'thisN': 27, 'thisTrialN': 3, 'thisRepN': 6}>
34.4129 	DATA 	Keypress: r
34.4247 	EXP 	fixation: autoDraw = False
34.4247 	EXP 	text: autoDraw = False
34.4247 	EXP 	text: foreColor = <psychopy.colors.Color: red, alpha=1.0>
34.4247 	EXP 	text: height = np.float64(0.05)
34.4247 	EXP 	text: height = np.float64(0.05)
34.4247 	EXP 	text: height = np.float64(0.05)
34.4247 	EXP 	text: text = 'RED'
34.4247 	EXP 	fixation: autoDraw = True
34.5088 	EXP 	Device response: <KeyPress from None: t=34.405688199999986, value=r, duration=0.08875530000000253>
34.9080 	INFO 	Keyboard events cleared
34.9079 	EXP 	fixation: autoDraw = False
34.9079 	EXP 	text: autoDraw = True
35.5415 	EXP 	Device response: <KeyPress from None: t=35.53898470000013, value=r, duration=None>
35.5419 	EXP 	New trial (rep=7, index=0): <Trial 28 (0 in rep 7) data={'word': 'BLUE ', 'colour': 'blue', 'stim_condition': 'C', 'correct_res': 'b', 'thisN': 28, 'thisTrialN': 0, 'thisRepN': 7}>
35.5464 	DATA 	Keypress: r
35.5580 	EXP 	fixation: autoDraw = False
35.5580 	EXP 	text: autoDraw = False
35.5580 	EXP 	text: foreColor = <psychopy.colors.Color: blue, alpha=1.0>
35.5580 	EXP 	text: height = np.float64(0.05)
35.5580 	EXP 	text: height = np.float64(0.05)
35.5580 	EXP 	text: height = np.float64(0.05)
35.5580 	EXP 	text: text = 'BLUE '
35.5580 	EXP 	fixation: autoDraw = True
35.6595 	EXP 	Device response: <KeyPress from None: t=35.53898470000013, value=r, duration=0.10807169999998223>
36.0414 	INFO 	Keyboard events cleared
36.0412 	EXP 	fixation: autoDraw = False
36.0412 	EXP 	text: autoDraw = True
36.4416 	EXP 	Device response: <KeyPress from None: t=36.43148169999995, value=b, duration=None>
36.4420 	EXP 	New trial (rep=7, index=1): <Trial 29 (1 in rep 7) data={'word': 'BLUE ', 'colour': 'red', 'stim_condition': 'I', 'correct_res': 'r', 'thisN': 29, 'thisTrialN': 1, 'thisRepN': 7}>
36.4437 	DATA 	Keypress: b
36.4579 	EXP 	fixation: autoDraw = False
36.4579 	EXP 	text: autoDraw = False
36.4579 	EXP 	text: foreColor = <psychopy.colors.Color: red, alpha=1.0>
36.4579 	EXP 	text: text = 'BLUE '
36.4579 	EXP 	fixation: autoDraw = True
36.5742 	EXP 	Device response: <KeyPress from None: t=36.43148169999995, value=b, duration=0.12660140000002684>
36.9413 	INFO 	Keyboard events cleared
36.9412 	EXP 	fixation: autoDraw = False
36.9412 	EXP 	text: autoDraw = True
37.7581 	EXP 	Device response: <KeyPress from None: t=37.75488100000007, value=r, duration=None>
37.7585 	EXP 	New trial (rep=7, index=2): <Trial 30 (2 in rep 7) data={'word': 'RED', 'colour': 'red', 'stim_condition': 'C', 'correct_res': 'r', 'thisN': 30, 'thisTrialN': 2, 'thisRepN': 7}>
37.7625 	DATA 	Keypress: r
37.7750 	EXP 	fixation: autoDraw = False
37.7750 	EXP 	text: autoDraw = False
37.7750 	EXP 	text: foreColor = <psychopy.colors.Color: red, alpha=1.0>
37.7750 	EXP 	text: height = np.float64(0.05)
37.7750 	EXP 	text: height = np.float64(0.05)
37.7750 	EXP 	text: height = np.float64(0.05)
37.7750 	EXP 	text: text = 'RED'
37.7750 	EXP 	fixation: autoDraw = True
37.8588 	EXP 	Device response: <KeyPress from None: t=37.75488100000007, value=r, duration=0.10294969999995374>
38.2581 	INFO 	Keyboard events cleared
38.2580 	EXP 	fixation: autoDraw = False
38.2580 	EXP 	text: autoDraw = True
38.8752 	EXP 	Device response: <KeyPress from None: t=38.87069900000006, value=r, duration=None>
38.8756 	EXP 	New trial (rep=7, index=3): <Trial 31 (3 in rep 7) data={'word': 'RED', 'colour': 'blue', 'stim_condition': 'I', 'correct_res': 'b', 'thisN': 31, 'thisTrialN': 3, 'thisRepN': 7}>
38.8772 	DATA 	Keypress: r
38.8904 	EXP 	fixation: autoDraw = False
38.8904 	EXP 	text: autoDraw = False
38.8904 	EXP 	text: foreColor = <psychopy.colors.Color: blue, alpha=1.0>
38.8904 	EXP 	text: text = 'RED'
38.8904 	EXP 	fixation: autoDraw = True
39.0083 	EXP 	Device response: <KeyPress from None: t=38.87069900000006, value=r, duration=0.1211011000000326>
39.3923 	INFO 	Keyboard events cleared
39.3921 	EXP 	fixation: autoDraw = False
39.3921 	EXP 	text: autoDraw = True
40.3083 	EXP 	Device response: <KeyPress from None: t=40.29723149999995, value=b, duration=None>
40.3086 	EXP 	New trial (rep=8, index=0): <Trial 32 (0 in rep 8) data={'word': 'BLUE ', 'colour': 'blue', 'stim_condition': 'C', 'correct_res': 'b', 'thisN': 32, 'thisTrialN': 0, 'thisRepN': 8}>
40.3139 	DATA 	Keypress: b
40.3247 	EXP 	fixation: autoDraw = False
40.3247 	EXP 	text: autoDraw = False
40.3247 	EXP 	text: foreColor = <psychopy.colors.Color: blue, alpha=1.0>
40.3247 	EXP 	text: height = np.float64(0.05)
40.3247 	EXP 	text: height = np.float64(0.05)
40.3247 	EXP 	text: height = np.float64(0.05)
40.3247 	EXP 	text: text = 'BLUE '
40.3247 	EXP 	fixation: autoDraw = True
40.4415 	EXP 	Device response: <KeyPress from None: t=40.29723149999995, value=b, duration=0.13681580000002214>
40.8082 	INFO 	Keyboard events cleared
40.8081 	EXP 	fixation: autoDraw = False
40.8081 	EXP 	text: autoDraw = True
41.3583 	EXP 	Device response: <KeyPress from None: t=41.3555801, value=b, duration=None>
41.3586 	EXP 	New trial (rep=8, index=1): <Trial 33 (1 in rep 8) data={'word': 'RED', 'colour': 'blue', 'stim_condition': 'I', 'correct_res': 'b', 'thisN': 33, 'thisTrialN': 1, 'thisRepN': 8}>
41.3626 	DATA 	Keypress: b
41.3745 	EXP 	fixation: autoDraw = False
41.3745 	EXP 	text: autoDraw = False
41.3745 	EXP 	text: foreColor = <psychopy.colors.Color: blue, alpha=1.0>
41.3745 	EXP 	text: height = np.float64(0.05)
41.3745 	EXP 	text: height = np.float64(0.05)
41.3745 	EXP 	text: height = np.float64(0.05)
41.3745 	EXP 	text: text = 'RED'
41.3745 	EXP 	fixation: autoDraw = True
41.5417 	EXP 	Device response: <KeyPress from None: t=41.3555801, value=b, duration=0.17146760000014183>
41.8581 	INFO 	Keyboard events cleared
41.8580 	EXP 	fixation: autoDraw = False
41.8580 	EXP 	text: autoDraw = True
42.8086 	EXP 	Device response: <KeyPress from None: t=42.794375500000115, value=b, duration=None>
42.8089 	EXP 	New trial (rep=8, index=2): <Trial 34 (2 in rep 8) data={'word': 'BLUE ', 'colour': 'red', 'stim_condition': 'I', 'correct_res': 'r', 'thisN': 34, 'thisTrialN': 2, 'thisRepN': 8}>
42.8130 	DATA 	Keypress: b
42.8255 	EXP 	fixation: autoDraw = False
42.8255 	EXP 	text: autoDraw = False
42.8255 	EXP 	text: foreColor = <psychopy.colors.Color: red, alpha=1.0>
42.8255 	EXP 	text: height = np.float64(0.05)
42.8255 	EXP 	text: height = np.float64(0.05)
42.8255 	EXP 	text: height = np.float64(0.05)
42.8255 	EXP 	text: text = 'BLUE '
42.8255 	EXP 	fixation: autoDraw = True
42.9751 	EXP 	Device response: <KeyPress from None: t=42.794375500000115, value=b, duration=0.16998579999994945>
43.3082 	INFO 	Keyboard events cleared
43.3080 	EXP 	fixation: autoDraw = False
43.3080 	EXP 	text: autoDraw = True
44.4251 	EXP 	Device response: <KeyPress from None: t=44.42268130000002, value=r, duration=None>
44.4254 	EXP 	New trial (rep=8, index=3): <Trial 35 (3 in rep 8) data={'word': 'RED', 'colour': 'red', 'stim_condition': 'C', 'correct_res': 'r', 'thisN': 35, 'thisTrialN': 3, 'thisRepN': 8}>
44.4295 	DATA 	Keypress: r
44.4414 	EXP 	fixation: autoDraw = False
44.4414 	EXP 	text: autoDraw = False
44.4414 	EXP 	text: foreColor = <psychopy.colors.Color: red, alpha=1.0>
44.4414 	EXP 	text: height = np.float64(0.05)
44.4414 	EXP 	text: height = np.float64(0.05)
44.4414 	EXP 	text: height = np.float64(0.05)
44.4414 	EXP 	text: text = 'RED'
44.4414 	EXP 	fixation: autoDraw = True
44.5419 	EXP 	Device response: <KeyPress from None: t=44.42268130000002, value=r, duration=0.1045013000000381>
44.9413 	INFO 	Keyboard events cleared
44.9412 	EXP 	fixation: autoDraw = False
44.9412 	EXP 	text: autoDraw = True
45.3751 	EXP 	Device response: <KeyPress from None: t=45.3640726000001, value=r, duration=None>
45.3754 	EXP 	New trial (rep=9, index=0): <Trial 36 (0 in rep 9) data={'word': 'RED', 'colour': 'red', 'stim_condition': 'C', 'correct_res': 'r', 'thisN': 36, 'thisTrialN': 0, 'thisRepN': 9}>
45.3775 	DATA 	Keypress: r
45.3912 	EXP 	fixation: autoDraw = False
45.3912 	EXP 	text: autoDraw = False
45.3912 	EXP 	text: foreColor = <psychopy.colors.Color: red, alpha=1.0>
45.3912 	EXP 	text: text = 'RED'
45.3912 	EXP 	fixation: autoDraw = True
45.5085 	EXP 	Device response: <KeyPress from None: t=45.3640726000001, value=r, duration=0.14254529999993792>
45.8757 	INFO 	Keyboard events cleared
45.8755 	EXP 	fixation: autoDraw = False
45.8755 	EXP 	text: autoDraw = True
46.4262 	EXP 	Device response: <KeyPress from None: t=46.42006749999996, value=r, duration=None>
46.4266 	EXP 	New trial (rep=9, index=1): <Trial 37 (1 in rep 9) data={'word': 'BLUE ', 'colour': 'blue', 'stim_condition': 'C', 'correct_res': 'b', 'thisN': 37, 'thisTrialN': 1, 'thisRepN': 9}>
46.4308 	DATA 	Keypress: r
46.4409 	EXP 	fixation: autoDraw = False
46.4409 	EXP 	text: autoDraw = False
46.4409 	EXP 	text: foreColor = <psychopy.colors.Color: blue, alpha=1.0>
46.4409 	EXP 	text: height = np.float64(0.05)
46.4409 	EXP 	text: height = np.float64(0.05)
46.4409 	EXP 	text: height = np.float64(0.05)
46.4409 	EXP 	text: text = 'BLUE '
46.4409 	EXP 	fixation: autoDraw = True
46.6250 	EXP 	Device response: <KeyPress from None: t=46.42006749999996, value=r, duration=0.1950080000001435>
46.9414 	INFO 	Keyboard events cleared
46.9413 	EXP 	fixation: autoDraw = False
46.9413 	EXP 	text: autoDraw = True
47.4257 	EXP 	Device response: <KeyPress from None: t=47.41431669999997, value=b, duration=None>
47.4260 	EXP 	New trial (rep=9, index=2): <Trial 38 (2 in rep 9) data={'word': 'RED', 'colour': 'blue', 'stim_condition': 'I', 'correct_res': 'b', 'thisN': 38, 'thisTrialN': 2, 'thisRepN': 9}>
47.4300 	DATA 	Keypress: b
47.4420 	EXP 	fixation: autoDraw = False
47.4420 	EXP 	text: autoDraw = False
47.4420 	EXP 	text: foreColor = <psychopy.colors.Color: blue, alpha=1.0>
47.4420 	EXP 	text: height = np.float64(0.05)
47.4420 	EXP 	text: height = np.float64(0.05)
47.4420 	EXP 	text: height = np.float64(0.05)
47.4420 	EXP 	text: text = 'RED'
47.4420 	EXP 	fixation: autoDraw = True
47.5584 	EXP 	Device response: <KeyPress from None: t=47.41431669999997, value=b, duration=0.13008050000007643>
47.9414 	INFO 	Keyboard events cleared
47.9413 	EXP 	fixation: autoDraw = False
47.9413 	EXP 	text: autoDraw = True
48.9090 	EXP 	Device response: <KeyPress from None: t=48.90641049999999, value=b, duration=None>
48.9093 	EXP 	New trial (rep=9, index=3): <Trial 39 (3 in rep 9) data={'word': 'BLUE ', 'colour': 'red', 'stim_condition': 'I', 'correct_res': 'r', 'thisN': 39, 'thisTrialN': 3, 'thisRepN': 9}>
48.9135 	DATA 	Keypress: b
48.9245 	EXP 	fixation: autoDraw = False
48.9245 	EXP 	text: autoDraw = False
48.9245 	EXP 	text: foreColor = <psychopy.colors.Color: red, alpha=1.0>
48.9245 	EXP 	text: height = np.float64(0.05)
48.9245 	EXP 	text: height = np.float64(0.05)
48.9245 	EXP 	text: height = np.float64(0.05)
48.9245 	EXP 	text: text = 'BLUE '
48.9245 	EXP 	fixation: autoDraw = True
49.0417 	EXP 	Device response: <KeyPress from None: t=48.90641049999999, value=b, duration=0.12602640000000065>
49.4248 	INFO 	Keyboard events cleared
49.4247 	EXP 	fixation: autoDraw = False
49.4247 	EXP 	text: autoDraw = True
49.9922 	EXP 	Device response: <KeyPress from None: t=49.98926870000014, value=r, duration=None>
49.9925 	EXP 	New trial (rep=10, index=0): <Trial 40 (0 in rep 10) data={'word': 'RED', 'colour': 'red', 'stim_condition': 'C', 'correct_res': 'r', 'thisN': 40, 'thisTrialN': 0, 'thisRepN': 10}>
49.9966 	DATA 	Keypress: r
50.0083 	EXP 	fixation: autoDraw = False
50.0083 	EXP 	text: autoDraw = False
50.0083 	EXP 	text: foreColor = <psychopy.colors.Color: red, alpha=1.0>
50.0083 	EXP 	text: height = np.float64(0.05)
50.0083 	EXP 	text: height = np.float64(0.05)
50.0083 	EXP 	text: height = np.float64(0.05)
50.0083 	EXP 	text: text = 'RED'
50.0083 	EXP 	fixation: autoDraw = True
50.1429 	EXP 	Device response: <KeyPress from None: t=49.98926870000014, value=r, duration=0.15170219999981782>
50.4914 	INFO 	Keyboard events cleared
50.4912 	EXP 	fixation: autoDraw = False
50.4912 	EXP 	text: autoDraw = True
50.9751 	EXP 	Device response: <KeyPress from None: t=50.97293370000011, value=r, duration=None>
50.9755 	EXP 	New trial (rep=10, index=1): <Trial 41 (1 in rep 10) data={'word': 'RED', 'colour': 'blue', 'stim_condition': 'I', 'correct_res': 'b', 'thisN': 41, 'thisTrialN': 1, 'thisRepN': 10}>
50.9772 	DATA 	Keypress: r
50.9912 	EXP 	fixation: autoDraw = False
50.9912 	EXP 	text: autoDraw = False
50.9912 	EXP 	text: foreColor = <psychopy.colors.Color: blue, alpha=1.0>
50.9912 	EXP 	text: text = 'RED'
50.9912 	EXP 	fixation: autoDraw = True
51.1418 	EXP 	Device response: <KeyPress from None: t=50.97293370000011, value=r, duration=0.16629199999988487>
51.4748 	INFO 	Keyboard events cleared
51.4746 	EXP 	fixation: autoDraw = False
51.4746 	EXP 	text: autoDraw = True
52.0932 	DATA 	Keypress: b
52.1086 	EXP 	Device response: <KeyPress from None: t=52.09146910000004, value=b, duration=None>
52.1090 	EXP 	New trial (rep=10, index=2): <Trial 42 (2 in rep 10) data={'word': 'BLUE ', 'colour': 'red', 'stim_condition': 'I', 'correct_res': 'r', 'thisN': 42, 'thisTrialN': 2, 'thisRepN': 10}>
52.1244 	EXP 	fixation: autoDraw = False
52.1244 	EXP 	text: autoDraw = False
52.1244 	EXP 	text: foreColor = <psychopy.colors.Color: red, alpha=1.0>
52.1244 	EXP 	text: height = np.float64(0.05)
52.1244 	EXP 	text: height = np.float64(0.05)
52.1244 	EXP 	text: height = np.float64(0.05)
52.1244 	EXP 	text: text = 'BLUE '
52.1244 	EXP 	fixation: autoDraw = True
52.2583 	EXP 	Device response: <KeyPress from None: t=52.09146910000004, value=b, duration=0.15298299999994924>
52.6251 	INFO 	Keyboard events cleared
52.6249 	EXP 	fixation: autoDraw = False
52.6249 	EXP 	text: autoDraw = True
53.6749 	EXP 	Device response: <KeyPress from None: t=53.6722893000001, value=r, duration=None>
53.6752 	EXP 	New trial (rep=10, index=3): <Trial 43 (3 in rep 10) data={'word': 'BLUE ', 'colour': 'blue', 'stim_condition': 'C', 'correct_res': 'b', 'thisN': 43, 'thisTrialN': 3, 'thisRepN': 10}>
53.6771 	DATA 	Keypress: r
53.6914 	EXP 	fixation: autoDraw = False
53.6914 	EXP 	text: autoDraw = False
53.6914 	EXP 	text: foreColor = <psychopy.colors.Color: blue, alpha=1.0>
53.6914 	EXP 	text: text = 'BLUE '
53.6914 	EXP 	fixation: autoDraw = True
53.8080 	EXP 	Device response: <KeyPress from None: t=53.6722893000001, value=r, duration=0.12801169999988815>
54.1749 	INFO 	Keyboard events cleared
54.1748 	EXP 	fixation: autoDraw = False
54.1748 	EXP 	text: autoDraw = True
54.7262 	EXP 	Device response: <KeyPress from None: t=54.723481600000014, value=b, duration=None>
54.7266 	EXP 	New trial (rep=11, index=0): <Trial 44 (0 in rep 11) data={'word': 'RED', 'colour': 'red', 'stim_condition': 'C', 'correct_res': 'r', 'thisN': 44, 'thisTrialN': 0, 'thisRepN': 11}>
54.7307 	DATA 	Keypress: b
54.7418 	EXP 	fixation: autoDraw = False
54.7418 	EXP 	text: autoDraw = False
54.7418 	EXP 	text: foreColor = <psychopy.colors.Color: red, alpha=1.0>
54.7418 	EXP 	text: height = np.float64(0.05)
54.7418 	EXP 	text: height = np.float64(0.05)
54.7418 	EXP 	text: height = np.float64(0.05)
54.7418 	EXP 	text: text = 'RED'
54.7418 	EXP 	fixation: autoDraw = True
54.9079 	EXP 	Device response: <KeyPress from None: t=54.723481600000014, value=b, duration=0.18096970000010515>
55.2414 	INFO 	Keyboard events cleared
55.2412 	EXP 	fixation: autoDraw = False
55.2412 	EXP 	text: autoDraw = True
55.9917 	EXP 	Device response: <KeyPress from None: t=55.977587200000016, value=r, duration=None>
55.9920 	EXP 	New trial (rep=11, index=1): <Trial 45 (1 in rep 11) data={'word': 'BLUE ', 'colour': 'red', 'stim_condition': 'I', 'correct_res': 'r', 'thisN': 45, 'thisTrialN': 1, 'thisRepN': 11}>
55.9964 	DATA 	Keypress: r
56.0078 	EXP 	fixation: autoDraw = False
56.0078 	EXP 	text: autoDraw = False
56.0078 	EXP 	text: foreColor = <psychopy.colors.Color: red, alpha=1.0>
56.0078 	EXP 	text: height = np.float64(0.05)
56.0078 	EXP 	text: height = np.float64(0.05)
56.0078 	EXP 	text: height = np.float64(0.05)
56.0078 	EXP 	text: text = 'BLUE '
56.0078 	EXP 	fixation: autoDraw = True
56.1250 	EXP 	Device response: <KeyPress from None: t=55.977587200000016, value=r, duration=0.137041599999975>
56.4915 	INFO 	Keyboard events cleared
56.4914 	EXP 	fixation: autoDraw = False
56.4914 	EXP 	text: autoDraw = True
57.3581 	EXP 	Device response: <KeyPress from None: t=57.3437315000001, value=r, duration=None>
57.3585 	EXP 	New trial (rep=11, index=2): <Trial 46 (2 in rep 11) data={'word': 'RED', 'colour': 'blue', 'stim_condition': 'I', 'correct_res': 'b', 'thisN': 46, 'thisTrialN': 2, 'thisRepN': 11}>
57.3625 	DATA 	Keypress: r
57.3747 	EXP 	fixation: autoDraw = False
57.3747 	EXP 	text: autoDraw = False
57.3747 	EXP 	text: foreColor = <psychopy.colors.Color: blue, alpha=1.0>
57.3747 	EXP 	text: height = np.float64(0.05)
57.3747 	EXP 	text: height = np.float64(0.05)
57.3747 	EXP 	text: height = np.float64(0.05)
57.3747 	EXP 	text: text = 'RED'
57.3747 	EXP 	fixation: autoDraw = True
57.4917 	EXP 	Device response: <KeyPress from None: t=57.3437315000001, value=r, duration=0.13813540000001012>
57.8581 	INFO 	Keyboard events cleared
57.8579 	EXP 	fixation: autoDraw = False
57.8579 	EXP 	text: autoDraw = True
58.6426 	EXP 	Device response: <KeyPress from None: t=58.63358240000002, value=b, duration=None>
58.6430 	EXP 	New trial (rep=11, index=3): <Trial 47 (3 in rep 11) data={'word': 'BLUE ', 'colour': 'blue', 'stim_condition': 'C', 'correct_res': 'b', 'thisN': 47, 'thisTrialN': 3, 'thisRepN': 11}>
58.6484 	DATA 	Keypress: b
58.6577 	EXP 	fixation: autoDraw = False
58.6577 	EXP 	text: autoDraw = False
58.6577 	EXP 	text: foreColor = <psychopy.colors.Color: blue, alpha=1.0>
58.6577 	EXP 	text: height = np.float64(0.05)
58.6577 	EXP 	text: height = np.float64(0.05)
58.6577 	EXP 	text: height = np.float64(0.05)
58.6577 	EXP 	text: text = 'BLUE '
58.6577 	EXP 	fixation: autoDraw = True
58.7914 	EXP 	Device response: <KeyPress from None: t=58.63358240000002, value=b, duration=0.1547362000001158>
59.1582 	INFO 	Keyboard events cleared
59.1581 	EXP 	fixation: autoDraw = False
59.1581 	EXP 	text: autoDraw = True
59.6098 	DATA 	Keypress: b
59.6241 	EXP 	Device response: <KeyPress from None: t=59.608310300000085, value=b, duration=None>
59.6245 	EXP 	New trial (rep=12, index=0): <Trial 48 (0 in rep 12) data={'word': 'RED', 'colour': 'red', 'stim_condition': 'C', 'correct_res': 'r', 'thisN': 48, 'thisTrialN': 0, 'thisRepN': 12}>
59.6415 	EXP 	fixation: autoDraw = False
59.6415 	EXP 	text: autoDraw = False
59.6415 	EXP 	text: foreColor = <psychopy.colors.Color: red, alpha=1.0>
59.6415 	EXP 	text: height = np.float64(0.05)
59.6415 	EXP 	text: height = np.float64(0.05)
59.6415 	EXP 	text: height = np.float64(0.05)
59.6415 	EXP 	text: text = 'RED'
59.6415 	EXP 	fixation: autoDraw = True
59.7586 	EXP 	Device response: <KeyPress from None: t=59.608310300000085, value=b, duration=0.13416480000000774>
60.1249 	INFO 	Keyboard events cleared
60.1248 	EXP 	fixation: autoDraw = False
60.1248 	EXP 	text: autoDraw = True
60.9085 	EXP 	Device response: <KeyPress from None: t=60.894262400000116, value=r, duration=None>
60.9088 	EXP 	New trial (rep=12, index=1): <Trial 49 (1 in rep 12) data={'word': 'BLUE ', 'colour': 'red', 'stim_condition': 'I', 'correct_res': 'r', 'thisN': 49, 'thisTrialN': 1, 'thisRepN': 12}>
60.9135 	DATA 	Keypress: r
60.9246 	EXP 	fixation: autoDraw = False
60.9246 	EXP 	text: autoDraw = False
60.9246 	EXP 	text: foreColor = <psychopy.colors.Color: red, alpha=1.0>
60.9246 	EXP 	text: height = np.float64(0.05)
60.9246 	EXP 	text: height = np.float64(0.05)
60.9246 	EXP 	text: height = np.float64(0.05)
60.9246 	EXP 	text: text = 'BLUE '
60.9246 	EXP 	fixation: autoDraw = True
61.0585 	EXP 	Device response: <KeyPress from None: t=60.894262400000116, value=r, duration=0.15855599999986225>
61.4085 	INFO 	Keyboard events cleared
61.4083 	EXP 	fixation: autoDraw = False
61.4083 	EXP 	text: autoDraw = True
62.3761 	DATA 	Keypress: r
62.3918 	EXP 	Device response: <KeyPress from None: t=62.37457630000017, value=r, duration=None>
62.3922 	EXP 	New trial (rep=12, index=2): <Trial 50 (2 in rep 12) data={'word': 'RED', 'colour': 'blue', 'stim_condition': 'I', 'correct_res': 'b', 'thisN': 50, 'thisTrialN': 2, 'thisRepN': 12}>
62.4083 	EXP 	fixation: autoDraw = False
62.4083 	EXP 	text: autoDraw = False
62.4083 	EXP 	text: foreColor = <psychopy.colors.Color: blue, alpha=1.0>
62.4083 	EXP 	text: height = np.float64(0.05)
62.4083 	EXP 	text: height = np.float64(0.05)
62.4083 	EXP 	text: height = np.float64(0.05)
62.4083 	EXP 	text: text = 'RED'
62.4083 	EXP 	fixation: autoDraw = True
62.5584 	EXP 	Device response: <KeyPress from None: t=62.37457630000017, value=r, duration=0.17340039999999135>
62.8918 	INFO 	Keyboard events cleared
62.8917 	EXP 	fixation: autoDraw = False
62.8917 	EXP 	text: autoDraw = True
63.5920 	EXP 	Device response: <KeyPress from None: t=63.577161599999954, value=b, duration=None>
63.5924 	EXP 	New trial (rep=12, index=3): <Trial 51 (3 in rep 12) data={'word': 'BLUE ', 'colour': 'blue', 'stim_condition': 'C', 'correct_res': 'b', 'thisN': 51, 'thisTrialN': 3, 'thisRepN': 12}>
63.5966 	DATA 	Keypress: b
63.6079 	EXP 	fixation: autoDraw = False
63.6079 	EXP 	text: autoDraw = False
63.6079 	EXP 	text: foreColor = <psychopy.colors.Color: blue, alpha=1.0>
63.6079 	EXP 	text: height = np.float64(0.05)
63.6079 	EXP 	text: height = np.float64(0.05)
63.6079 	EXP 	text: height = np.float64(0.05)
63.6079 	EXP 	text: text = 'BLUE '
63.6079 	EXP 	fixation: autoDraw = True
63.6917 	EXP 	Device response: <KeyPress from None: t=63.577161599999954, value=b, duration=0.11207530000001498>
64.1081 	INFO 	Keyboard events cleared
64.1079 	EXP 	fixation: autoDraw = False
64.1079 	EXP 	text: autoDraw = True
64.5920 	EXP 	Device response: <KeyPress from None: t=64.58219929999996, value=b, duration=None>
64.5923 	EXP 	New trial (rep=13, index=0): <Trial 52 (0 in rep 13) data={'word': 'BLUE ', 'colour': 'blue', 'stim_condition': 'C', 'correct_res': 'b', 'thisN': 52, 'thisTrialN': 0, 'thisRepN': 13}>
64.5942 	DATA 	Keypress: b
64.6079 	EXP 	fixation: autoDraw = False
64.6079 	EXP 	text: autoDraw = False
64.6079 	EXP 	text: foreColor = <psychopy.colors.Color: blue, alpha=1.0>
64.6079 	EXP 	text: text = 'BLUE '
64.6079 	EXP 	fixation: autoDraw = True
64.7252 	EXP 	Device response: <KeyPress from None: t=64.58219929999996, value=b, duration=0.1403291999999965>
65.0916 	INFO 	Keyboard events cleared
65.0915 	EXP 	fixation: autoDraw = False
65.0915 	EXP 	text: autoDraw = True
65.5088 	EXP 	Device response: <KeyPress from None: t=65.50295819999997, value=b, duration=None>
65.5092 	EXP 	New trial (rep=13, index=1): <Trial 53 (1 in rep 13) data={'word': 'BLUE ', 'colour': 'red', 'stim_condition': 'I', 'correct_res': 'r', 'thisN': 53, 'thisTrialN': 1, 'thisRepN': 13}>
65.5108 	DATA 	Keypress: b
65.5245 	EXP 	fixation: autoDraw = False
65.5245 	EXP 	text: autoDraw = False
65.5245 	EXP 	text: foreColor = <psychopy.colors.Color: red, alpha=1.0>
65.5245 	EXP 	text: text = 'BLUE '
65.5245 	EXP 	fixation: autoDraw = True
65.6420 	EXP 	Device response: <KeyPress from None: t=65.50295819999997, value=b, duration=0.12761860000000524>
66.0085 	INFO 	Keyboard events cleared
66.0083 	EXP 	fixation: autoDraw = False
66.0083 	EXP 	text: autoDraw = True
66.6749 	EXP 	Device response: <KeyPress from None: t=66.6717916, value=r, duration=None>
66.6753 	EXP 	New trial (rep=13, index=2): <Trial 54 (2 in rep 13) data={'word': 'RED', 'colour': 'red', 'stim_condition': 'C', 'correct_res': 'r', 'thisN': 54, 'thisTrialN': 2, 'thisRepN': 13}>
66.6794 	DATA 	Keypress: r
66.6920 	EXP 	fixation: autoDraw = False
66.6920 	EXP 	text: autoDraw = False
66.6920 	EXP 	text: foreColor = <psychopy.colors.Color: red, alpha=1.0>
66.6920 	EXP 	text: height = np.float64(0.05)
66.6920 	EXP 	text: height = np.float64(0.05)
66.6920 	EXP 	text: height = np.float64(0.05)
66.6920 	EXP 	text: text = 'RED'
66.6920 	EXP 	fixation: autoDraw = True
66.8409 	EXP 	Device response: <KeyPress from None: t=66.6717916, value=r, duration=0.15762390000008963>
67.1746 	INFO 	Keyboard events cleared
67.1744 	EXP 	fixation: autoDraw = False
67.1744 	EXP 	text: autoDraw = True
67.8576 	EXP 	Device response: <KeyPress from None: t=67.84326780000015, value=r, duration=None>
67.8580 	EXP 	New trial (rep=13, index=3): <Trial 55 (3 in rep 13) data={'word': 'RED', 'colour': 'blue', 'stim_condition': 'I', 'correct_res': 'b', 'thisN': 55, 'thisTrialN': 3, 'thisRepN': 13}>
67.8598 	DATA 	Keypress: r
67.8749 	EXP 	fixation: autoDraw = False
67.8749 	EXP 	text: autoDraw = False
67.8749 	EXP 	text: foreColor = <psychopy.colors.Color: blue, alpha=1.0>
67.8749 	EXP 	text: text = 'RED'
67.8749 	EXP 	fixation: autoDraw = True
67.9914 	EXP 	Device response: <KeyPress from None: t=67.84326780000015, value=r, duration=0.13240269999982957>
68.3580 	INFO 	Keyboard events cleared
68.3579 	EXP 	fixation: autoDraw = False
68.3579 	EXP 	text: autoDraw = True
68.9610 	EXP 	Device response: <KeyPress from None: t=68.94347770000013, value=b, duration=None>
68.9614 	EXP 	New trial (rep=14, index=0): <Trial 56 (0 in rep 14) data={'word': 'BLUE ', 'colour': 'blue', 'stim_condition': 'C', 'correct_res': 'b', 'thisN': 56, 'thisTrialN': 0, 'thisRepN': 14}>
68.9656 	DATA 	Keypress: b
68.9749 	EXP 	fixation: autoDraw = False
68.9749 	EXP 	text: autoDraw = False
68.9749 	EXP 	text: foreColor = <psychopy.colors.Color: blue, alpha=1.0>
68.9749 	EXP 	text: height = np.float64(0.05)
68.9749 	EXP 	text: height = np.float64(0.05)
68.9749 	EXP 	text: height = np.float64(0.05)
68.9749 	EXP 	text: text = 'BLUE '
68.9749 	EXP 	fixation: autoDraw = True
69.0917 	EXP 	Device response: <KeyPress from None: t=68.94347770000013, value=b, duration=0.13353699999993296>
69.4751 	INFO 	Keyboard events cleared
69.4749 	EXP 	fixation: autoDraw = False
69.4749 	EXP 	text: autoDraw = True
69.9253 	EXP 	Device response: <KeyPress from None: t=69.91899200000012, value=b, duration=None>
69.9256 	EXP 	New trial (rep=14, index=1): <Trial 57 (1 in rep 14) data={'word': 'RED', 'colour': 'red', 'stim_condition': 'C', 'correct_res': 'r', 'thisN': 57, 'thisTrialN': 1, 'thisRepN': 14}>
69.9295 	DATA 	Keypress: b
69.9413 	EXP 	fixation: autoDraw = False
69.9413 	EXP 	text: autoDraw = False
69.9413 	EXP 	text: foreColor = <psychopy.colors.Color: red, alpha=1.0>
69.9413 	EXP 	text: height = np.float64(0.05)
69.9413 	EXP 	text: height = np.float64(0.05)
69.9413 	EXP 	text: height = np.float64(0.05)
69.9413 	EXP 	text: text = 'RED'
69.9413 	EXP 	fixation: autoDraw = True
70.0583 	EXP 	Device response: <KeyPress from None: t=69.91899200000012, value=b, duration=0.13607139999999163>
70.4250 	INFO 	Keyboard events cleared
70.4249 	EXP 	fixation: autoDraw = False
70.4249 	EXP 	text: autoDraw = True
71.0748 	EXP 	Device response: <KeyPress from None: t=71.06778110000005, value=r, duration=None>
71.0751 	EXP 	New trial (rep=14, index=2): <Trial 58 (2 in rep 14) data={'word': 'RED', 'colour': 'blue', 'stim_condition': 'I', 'correct_res': 'b', 'thisN': 58, 'thisTrialN': 2, 'thisRepN': 14}>
71.0770 	DATA 	Keypress: r
71.0912 	EXP 	fixation: autoDraw = False
71.0912 	EXP 	text: autoDraw = False
71.0912 	EXP 	text: foreColor = <psychopy.colors.Color: blue, alpha=1.0>
71.0912 	EXP 	text: text = 'RED'
71.0912 	EXP 	fixation: autoDraw = True
71.2417 	EXP 	Device response: <KeyPress from None: t=71.06778110000005, value=r, duration=0.15848729999993338>
71.5749 	INFO 	Keyboard events cleared
71.5747 	EXP 	fixation: autoDraw = False
71.5747 	EXP 	text: autoDraw = True
72.4420 	EXP 	Device response: <KeyPress from None: t=72.43634150000003, value=b, duration=None>
72.4425 	EXP 	New trial (rep=14, index=3): <Trial 59 (3 in rep 14) data={'word': 'BLUE ', 'colour': 'red', 'stim_condition': 'I', 'correct_res': 'r', 'thisN': 59, 'thisTrialN': 3, 'thisRepN': 14}>
72.4468 	DATA 	Keypress: b
72.4580 	EXP 	fixation: autoDraw = False
72.4580 	EXP 	text: autoDraw = False
72.4580 	EXP 	text: foreColor = <psychopy.colors.Color: red, alpha=1.0>
72.4580 	EXP 	text: height = np.float64(0.05)
72.4580 	EXP 	text: height = np.float64(0.05)
72.4580 	EXP 	text: height = np.float64(0.05)
72.4580 	EXP 	text: text = 'BLUE '
72.4580 	EXP 	fixation: autoDraw = True
72.5930 	EXP 	Device response: <KeyPress from None: t=72.43634150000003, value=b, duration=0.15123259999995753>
72.9417 	INFO 	Keyboard events cleared
72.9416 	EXP 	fixation: autoDraw = False
72.9416 	EXP 	text: autoDraw = True
73.5256 	EXP 	Device response: <KeyPress from None: t=73.52099040000007, value=r, duration=None>
73.5259 	EXP 	New trial (rep=15, index=0): <Trial 60 (0 in rep 15) data={'word': 'BLUE ', 'colour': 'red', 'stim_condition': 'I', 'correct_res': 'r', 'thisN': 60, 'thisTrialN': 0, 'thisRepN': 15}>
73.5275 	DATA 	Keypress: r
73.5405 	EXP 	fixation: autoDraw = False
73.5405 	EXP 	text: autoDraw = False
73.5405 	EXP 	text: foreColor = <psychopy.colors.Color: red, alpha=1.0>
73.5405 	EXP 	text: text = 'BLUE '
73.5405 	EXP 	fixation: autoDraw = True
73.6587 	EXP 	Device response: <KeyPress from None: t=73.52099040000007, value=r, duration=0.13114089999999123>
74.0412 	INFO 	Keyboard events cleared
74.0410 	EXP 	fixation: autoDraw = False
74.0410 	EXP 	text: autoDraw = True
75.1431 	DATA 	Keypress: r
75.1582 	EXP 	Device response: <KeyPress from None: t=75.14230020000014, value=r, duration=None>
75.1585 	EXP 	New trial (rep=15, index=1): <Trial 61 (1 in rep 15) data={'word': 'RED', 'colour': 'blue', 'stim_condition': 'I', 'correct_res': 'b', 'thisN': 61, 'thisTrialN': 1, 'thisRepN': 15}>
75.1737 	EXP 	fixation: autoDraw = False
75.1737 	EXP 	text: autoDraw = False
75.1737 	EXP 	text: foreColor = <psychopy.colors.Color: blue, alpha=1.0>
75.1737 	EXP 	text: height = np.float64(0.05)
75.1737 	EXP 	text: height = np.float64(0.05)
75.1737 	EXP 	text: height = np.float64(0.05)
75.1737 	EXP 	text: text = 'RED'
75.1737 	EXP 	fixation: autoDraw = True
75.2750 	EXP 	Device response: <KeyPress from None: t=75.14230020000014, value=r, duration=0.11819359999981316>
75.6588 	INFO 	Keyboard events cleared
75.6586 	EXP 	fixation: autoDraw = False
75.6586 	EXP 	text: autoDraw = True
76.2088 	EXP 	Device response: <KeyPress from None: t=76.2041299, value=b, duration=None>
76.2092 	EXP 	New trial (rep=15, index=2): <Trial 62 (2 in rep 15) data={'word': 'RED', 'colour': 'red', 'stim_condition': 'C', 'correct_res': 'r', 'thisN': 62, 'thisTrialN': 2, 'thisRepN': 15}>
76.2109 	DATA 	Keypress: b
76.2255 	EXP 	fixation: autoDraw = False
76.2255 	EXP 	text: autoDraw = False
76.2255 	EXP 	text: foreColor = <psychopy.colors.Color: red, alpha=1.0>
76.2255 	EXP 	text: text = 'RED'
76.2255 	EXP 	fixation: autoDraw = True
76.3921 	EXP 	Device response: <KeyPress from None: t=76.2041299, value=b, duration=0.18713720000005196>
76.7249 	INFO 	Keyboard events cleared
76.7248 	EXP 	fixation: autoDraw = False
76.7248 	EXP 	text: autoDraw = True
77.4913 	EXP 	Device response: <KeyPress from None: t=77.48817870000016, value=r, duration=None>
77.4916 	EXP 	New trial (rep=15, index=3): <Trial 63 (3 in rep 15) data={'word': 'BLUE ', 'colour': 'blue', 'stim_condition': 'C', 'correct_res': 'b', 'thisN': 63, 'thisTrialN': 3, 'thisRepN': 15}>
77.4957 	DATA 	Keypress: r
77.5080 	EXP 	fixation: autoDraw = False
77.5080 	EXP 	text: autoDraw = False
77.5080 	EXP 	text: foreColor = <psychopy.colors.Color: blue, alpha=1.0>
77.5080 	EXP 	text: height = np.float64(0.05)
77.5080 	EXP 	text: height = np.float64(0.05)
77.5080 	EXP 	text: height = np.float64(0.05)
77.5080 	EXP 	text: text = 'BLUE '
77.5080 	EXP 	fixation: autoDraw = True
77.6253 	EXP 	Device response: <KeyPress from None: t=77.48817870000016, value=r, duration=0.12465449999990597>
77.9917 	INFO 	Keyboard events cleared
77.9916 	EXP 	fixation: autoDraw = False
77.9916 	EXP 	text: autoDraw = True
78.9085 	EXP 	Device response: <KeyPress from None: t=78.89815799999997, value=b, duration=None>
78.9089 	EXP 	New trial (rep=16, index=0): <Trial 64 (0 in rep 16) data={'word': 'BLUE ', 'colour': 'blue', 'stim_condition': 'C', 'correct_res': 'b', 'thisN': 64, 'thisTrialN': 0, 'thisRepN': 16}>
78.9107 	DATA 	Keypress: b
78.9247 	EXP 	fixation: autoDraw = False
78.9247 	EXP 	text: autoDraw = False
78.9247 	EXP 	text: foreColor = <psychopy.colors.Color: blue, alpha=1.0>
78.9247 	EXP 	text: text = 'BLUE '
78.9247 	EXP 	fixation: autoDraw = True
79.1249 	EXP 	Device response: <KeyPress from None: t=78.89815799999997, value=b, duration=0.21266270000000986>
79.4084 	INFO 	Keyboard events cleared
79.4083 	EXP 	fixation: autoDraw = False
79.4083 	EXP 	text: autoDraw = True
79.8086 	EXP 	Device response: <KeyPress from None: t=79.79837599999996, value=b, duration=None>
79.8090 	EXP 	New trial (rep=16, index=1): <Trial 65 (1 in rep 16) data={'word': 'BLUE ', 'colour': 'red', 'stim_condition': 'I', 'correct_res': 'r', 'thisN': 65, 'thisTrialN': 1, 'thisRepN': 16}>
79.8107 	DATA 	Keypress: b
79.8248 	EXP 	fixation: autoDraw = False
79.8248 	EXP 	text: autoDraw = False
79.8248 	EXP 	text: foreColor = <psychopy.colors.Color: red, alpha=1.0>
79.8248 	EXP 	text: text = 'BLUE '
79.8248 	EXP 	fixation: autoDraw = True
79.9920 	EXP 	Device response: <KeyPress from None: t=79.79837599999996, value=b, duration=0.1910717000000659>
80.3088 	INFO 	Keyboard events cleared
80.3086 	EXP 	fixation: autoDraw = False
80.3086 	EXP 	text: autoDraw = True
81.1427 	EXP 	Device response: <KeyPress from None: t=81.1294054, value=r, duration=None>
81.1431 	EXP 	New trial (rep=16, index=2): <Trial 66 (2 in rep 16) data={'word': 'RED', 'colour': 'red', 'stim_condition': 'C', 'correct_res': 'r', 'thisN': 66, 'thisTrialN': 2, 'thisRepN': 16}>
81.1472 	DATA 	Keypress: r
81.1580 	EXP 	fixation: autoDraw = False
81.1580 	EXP 	text: autoDraw = False
81.1580 	EXP 	text: foreColor = <psychopy.colors.Color: red, alpha=1.0>
81.1580 	EXP 	text: height = np.float64(0.05)
81.1580 	EXP 	text: height = np.float64(0.05)
81.1580 	EXP 	text: height = np.float64(0.05)
81.1580 	EXP 	text: text = 'RED'
81.1580 	EXP 	fixation: autoDraw = True
81.2754 	EXP 	Device response: <KeyPress from None: t=81.1294054, value=r, duration=0.12917570000013257>
81.6583 	INFO 	Keyboard events cleared
81.6581 	EXP 	fixation: autoDraw = False
81.6581 	EXP 	text: autoDraw = True
82.2755 	EXP 	Device response: <KeyPress from None: t=82.26964790000011, value=r, duration=None>
82.2759 	EXP 	New trial (rep=16, index=3): <Trial 67 (3 in rep 16) data={'word': 'RED', 'colour': 'blue', 'stim_condition': 'I', 'correct_res': 'b', 'thisN': 67, 'thisTrialN': 3, 'thisRepN': 16}>
82.2777 	DATA 	Keypress: r
82.2913 	EXP 	fixation: autoDraw = False
82.2913 	EXP 	text: autoDraw = False
82.2913 	EXP 	text: foreColor = <psychopy.colors.Color: blue, alpha=1.0>
82.2913 	EXP 	text: text = 'RED'
82.2913 	EXP 	fixation: autoDraw = True
82.4250 	EXP 	Device response: <KeyPress from None: t=82.26964790000011, value=r, duration=0.13962979999996605>
82.7915 	INFO 	Keyboard events cleared
82.7913 	EXP 	fixation: autoDraw = False
82.7913 	EXP 	text: autoDraw = True
83.5419 	EXP 	Device response: <KeyPress from None: t=83.53922950000015, value=b, duration=None>
83.5423 	EXP 	New trial (rep=17, index=0): <Trial 68 (0 in rep 17) data={'word': 'BLUE ', 'colour': 'blue', 'stim_condition': 'C', 'correct_res': 'b', 'thisN': 68, 'thisTrialN': 0, 'thisRepN': 17}>
83.5467 	DATA 	Keypress: b
83.5580 	EXP 	fixation: autoDraw = False
83.5580 	EXP 	text: autoDraw = False
83.5580 	EXP 	text: foreColor = <psychopy.colors.Color: blue, alpha=1.0>
83.5580 	EXP 	text: height = np.float64(0.05)
83.5580 	EXP 	text: height = np.float64(0.05)
83.5580 	EXP 	text: height = np.float64(0.05)
83.5580 	EXP 	text: text = 'BLUE '
83.5580 	EXP 	fixation: autoDraw = True
83.7252 	EXP 	Device response: <KeyPress from None: t=83.53922950000015, value=b, duration=0.18340979999993579>
84.0586 	INFO 	Keyboard events cleared
84.0585 	EXP 	fixation: autoDraw = False
84.0585 	EXP 	text: autoDraw = True
84.5419 	EXP 	Device response: <KeyPress from None: t=84.53927850000014, value=b, duration=None>
84.5423 	EXP 	New trial (rep=17, index=1): <Trial 69 (1 in rep 17) data={'word': 'BLUE ', 'colour': 'red', 'stim_condition': 'I', 'correct_res': 'r', 'thisN': 69, 'thisTrialN': 1, 'thisRepN': 17}>
84.5440 	DATA 	Keypress: b
84.5584 	EXP 	fixation: autoDraw = False
84.5584 	EXP 	text: autoDraw = False
84.5584 	EXP 	text: foreColor = <psychopy.colors.Color: red, alpha=1.0>
84.5584 	EXP 	text: text = 'BLUE '
84.5584 	EXP 	fixation: autoDraw = True
84.6582 	EXP 	Device response: <KeyPress from None: t=84.53927850000014, value=b, duration=0.11144119999994473>
85.0581 	INFO 	Keyboard events cleared
85.0579 	EXP 	fixation: autoDraw = False
85.0579 	EXP 	text: autoDraw = True
85.6102 	DATA 	Keypress: r
85.6253 	EXP 	Device response: <KeyPress from None: t=85.60974069999997, value=r, duration=None>
85.6256 	EXP 	New trial (rep=17, index=2): <Trial 70 (2 in rep 17) data={'word': 'RED', 'colour': 'blue', 'stim_condition': 'I', 'correct_res': 'b', 'thisN': 70, 'thisTrialN': 2, 'thisRepN': 17}>
85.6405 	EXP 	fixation: autoDraw = False
85.6405 	EXP 	text: autoDraw = False
85.6405 	EXP 	text: foreColor = <psychopy.colors.Color: blue, alpha=1.0>
85.6405 	EXP 	text: height = np.float64(0.05)
85.6405 	EXP 	text: height = np.float64(0.05)
85.6405 	EXP 	text: height = np.float64(0.05)
85.6405 	EXP 	text: text = 'RED'
85.6405 	EXP 	fixation: autoDraw = True
85.7588 	EXP 	Device response: <KeyPress from None: t=85.60974069999997, value=r, duration=0.1481599000001097>
86.1248 	INFO 	Keyboard events cleared
86.1246 	EXP 	fixation: autoDraw = False
86.1246 	EXP 	text: autoDraw = True
86.8422 	EXP 	Device response: <KeyPress from None: t=86.8411552, value=b, duration=None>
86.8425 	EXP 	New trial (rep=17, index=3): <Trial 71 (3 in rep 17) data={'word': 'RED', 'colour': 'red', 'stim_condition': 'C', 'correct_res': 'r', 'thisN': 71, 'thisTrialN': 3, 'thisRepN': 17}>
86.8442 	DATA 	Keypress: b
86.8581 	EXP 	fixation: autoDraw = False
86.8581 	EXP 	text: autoDraw = False
86.8581 	EXP 	text: foreColor = <psychopy.colors.Color: red, alpha=1.0>
86.8581 	EXP 	text: text = 'RED'
86.8581 	EXP 	fixation: autoDraw = True
86.9916 	EXP 	Device response: <KeyPress from None: t=86.8411552, value=b, duration=0.14380210000012994>
87.3414 	INFO 	Keyboard events cleared
87.3412 	EXP 	fixation: autoDraw = False
87.3412 	EXP 	text: autoDraw = True
87.9253 	EXP 	Device response: <KeyPress from None: t=87.909985, value=r, duration=None>
87.9257 	EXP 	New trial (rep=18, index=0): <Trial 72 (0 in rep 18) data={'word': 'RED', 'colour': 'red', 'stim_condition': 'C', 'correct_res': 'r', 'thisN': 72, 'thisTrialN': 0, 'thisRepN': 18}>
87.9274 	DATA 	Keypress: r
87.9413 	EXP 	fixation: autoDraw = False
87.9413 	EXP 	text: autoDraw = False
87.9413 	EXP 	text: foreColor = <psychopy.colors.Color: red, alpha=1.0>
87.9413 	EXP 	text: text = 'RED'
87.9413 	EXP 	fixation: autoDraw = True
88.2423 	EXP 	Device response: <KeyPress from None: t=87.909985, value=r, duration=0.3314660000000913>
88.4246 	INFO 	Keyboard events cleared
88.4244 	EXP 	fixation: autoDraw = False
88.4244 	EXP 	text: autoDraw = True
88.9752 	EXP 	Device response: <KeyPress from None: t=88.97265689999995, value=r, duration=None>
88.9756 	EXP 	New trial (rep=18, index=1): <Trial 73 (1 in rep 18) data={'word': 'BLUE ', 'colour': 'red', 'stim_condition': 'I', 'correct_res': 'r', 'thisN': 73, 'thisTrialN': 1, 'thisRepN': 18}>
88.9802 	DATA 	Keypress: r
88.9914 	EXP 	fixation: autoDraw = False
88.9914 	EXP 	text: autoDraw = False
88.9914 	EXP 	text: foreColor = <psychopy.colors.Color: red, alpha=1.0>
88.9914 	EXP 	text: height = np.float64(0.05)
88.9914 	EXP 	text: height = np.float64(0.05)
88.9914 	EXP 	text: height = np.float64(0.05)
88.9914 	EXP 	text: text = 'BLUE '
88.9914 	EXP 	fixation: autoDraw = True
89.1424 	EXP 	Device response: <KeyPress from None: t=88.97265689999995, value=r, duration=0.16647670000020298>
89.4746 	INFO 	Keyboard events cleared
89.4745 	EXP 	fixation: autoDraw = False
89.4745 	EXP 	text: autoDraw = True
90.2251 	EXP 	Device response: <KeyPress from None: t=90.21591190000004, value=r, duration=None>
90.2254 	EXP 	New trial (rep=18, index=2): <Trial 74 (2 in rep 18) data={'word': 'RED', 'colour': 'blue', 'stim_condition': 'I', 'correct_res': 'b', 'thisN': 74, 'thisTrialN': 2, 'thisRepN': 18}>
90.2294 	DATA 	Keypress: r
90.2423 	EXP 	fixation: autoDraw = False
90.2423 	EXP 	text: autoDraw = False
90.2423 	EXP 	text: foreColor = <psychopy.colors.Color: blue, alpha=1.0>
90.2423 	EXP 	text: height = np.float64(0.05)
90.2423 	EXP 	text: height = np.float64(0.05)
90.2423 	EXP 	text: height = np.float64(0.05)
90.2423 	EXP 	text: text = 'RED'
90.2423 	EXP 	fixation: autoDraw = True
90.3584 	EXP 	Device response: <KeyPress from None: t=90.21591190000004, value=r, duration=0.14017730000000483>
90.7247 	INFO 	Keyboard events cleared
90.7245 	EXP 	fixation: autoDraw = False
90.7245 	EXP 	text: autoDraw = True
91.0249 	EXP 	Device response: <KeyPress from None: t=91.02143569999998, value=b, duration=None>
91.0252 	EXP 	New trial (rep=18, index=3): <Trial 75 (3 in rep 18) data={'word': 'BLUE ', 'colour': 'blue', 'stim_condition': 'C', 'correct_res': 'b', 'thisN': 75, 'thisTrialN': 3, 'thisRepN': 18}>
91.0295 	DATA 	Keypress: b
91.0412 	EXP 	fixation: autoDraw = False
91.0412 	EXP 	text: autoDraw = False
91.0412 	EXP 	text: foreColor = <psychopy.colors.Color: blue, alpha=1.0>
91.0412 	EXP 	text: height = np.float64(0.05)
91.0412 	EXP 	text: height = np.float64(0.05)
91.0412 	EXP 	text: height = np.float64(0.05)
91.0412 	EXP 	text: text = 'BLUE '
91.0412 	EXP 	fixation: autoDraw = True
91.1919 	EXP 	Device response: <KeyPress from None: t=91.02143569999998, value=b, duration=0.15342600000008133>
91.5248 	INFO 	Keyboard events cleared
91.5247 	EXP 	fixation: autoDraw = False
91.5247 	EXP 	text: autoDraw = True
91.9251 	EXP 	Device response: <KeyPress from None: t=91.91463309999995, value=b, duration=None>
91.9255 	EXP 	New trial (rep=19, index=0): <Trial 76 (0 in rep 19) data={'word': 'RED', 'colour': 'blue', 'stim_condition': 'I', 'correct_res': 'b', 'thisN': 76, 'thisTrialN': 0, 'thisRepN': 19}>
91.9305 	DATA 	Keypress: b
91.9413 	EXP 	fixation: autoDraw = False
91.9413 	EXP 	text: autoDraw = False
91.9413 	EXP 	text: foreColor = <psychopy.colors.Color: blue, alpha=1.0>
91.9413 	EXP 	text: height = np.float64(0.05)
91.9413 	EXP 	text: height = np.float64(0.05)
91.9413 	EXP 	text: height = np.float64(0.05)
91.9413 	EXP 	text: text = 'RED'
91.9413 	EXP 	fixation: autoDraw = True
92.0587 	EXP 	Device response: <KeyPress from None: t=91.91463309999995, value=b, duration=0.12830820000021959>
92.4249 	INFO 	Keyboard events cleared
92.4247 	EXP 	fixation: autoDraw = False
92.4247 	EXP 	text: autoDraw = True
92.8749 	EXP 	Device response: <KeyPress from None: t=92.86767069999996, value=b, duration=None>
92.8753 	EXP 	New trial (rep=19, index=1): <Trial 77 (1 in rep 19) data={'word': 'BLUE ', 'colour': 'red', 'stim_condition': 'I', 'correct_res': 'r', 'thisN': 77, 'thisTrialN': 1, 'thisRepN': 19}>
92.8793 	DATA 	Keypress: b
92.8917 	EXP 	fixation: autoDraw = False
92.8917 	EXP 	text: autoDraw = False
92.8917 	EXP 	text: foreColor = <psychopy.colors.Color: red, alpha=1.0>
92.8917 	EXP 	text: height = np.float64(0.05)
92.8917 	EXP 	text: height = np.float64(0.05)
92.8917 	EXP 	text: height = np.float64(0.05)
92.8917 	EXP 	text: text = 'BLUE '
92.8917 	EXP 	fixation: autoDraw = True
93.0418 	EXP 	Device response: <KeyPress from None: t=92.86767069999996, value=b, duration=0.16102060000002894>
93.3749 	INFO 	Keyboard events cleared
93.3747 	EXP 	fixation: autoDraw = False
93.3747 	EXP 	text: autoDraw = True
94.0924 	EXP 	Device response: <KeyPress from None: t=94.08503080000014, value=r, duration=None>
94.0928 	EXP 	New trial (rep=19, index=2): <Trial 78 (2 in rep 19) data={'word': 'BLUE ', 'colour': 'blue', 'stim_condition': 'C', 'correct_res': 'b', 'thisN': 78, 'thisTrialN': 2, 'thisRepN': 19}>
94.0944 	DATA 	Keypress: r
94.1081 	EXP 	fixation: autoDraw = False
94.1081 	EXP 	text: autoDraw = False
94.1081 	EXP 	text: foreColor = <psychopy.colors.Color: blue, alpha=1.0>
94.1081 	EXP 	text: text = 'BLUE '
94.1081 	EXP 	fixation: autoDraw = True
94.2086 	EXP 	Device response: <KeyPress from None: t=94.08503080000014, value=r, duration=0.11616129999993063>
94.5915 	INFO 	Keyboard events cleared
94.5914 	EXP 	fixation: autoDraw = False
94.5914 	EXP 	text: autoDraw = True
95.1249 	EXP 	Device response: <KeyPress from None: t=95.12167130000012, value=b, duration=None>
95.1253 	EXP 	New trial (rep=19, index=3): <Trial 79 (3 in rep 19) data={'word': 'RED', 'colour': 'red', 'stim_condition': 'C', 'correct_res': 'r', 'thisN': 79, 'thisTrialN': 3, 'thisRepN': 19}>
95.1292 	DATA 	Keypress: b
95.1413 	EXP 	fixation: autoDraw = False
95.1413 	EXP 	text: autoDraw = False
95.1413 	EXP 	text: foreColor = <psychopy.colors.Color: red, alpha=1.0>
95.1413 	EXP 	text: height = np.float64(0.05)
95.1413 	EXP 	text: height = np.float64(0.05)
95.1413 	EXP 	text: height = np.float64(0.05)
95.1413 	EXP 	text: text = 'RED'
95.1413 	EXP 	fixation: autoDraw = True
95.2748 	EXP 	Device response: <KeyPress from None: t=95.12167130000012, value=b, duration=0.14474329999984548>
95.6251 	INFO 	Keyboard events cleared
95.6249 	EXP 	fixation: autoDraw = False
95.6249 	EXP 	text: autoDraw = True
96.1253 	EXP 	Device response: <KeyPress from None: t=96.11514899999997, value=r, duration=None>
96.1257 	EXP 	New trial (rep=20, index=0): <Trial 80 (0 in rep 20) data={'word': 'RED', 'colour': 'blue', 'stim_condition': 'I', 'correct_res': 'b', 'thisN': 80, 'thisTrialN': 0, 'thisRepN': 20}>
96.1274 	DATA 	Keypress: r
96.1413 	EXP 	fixation: autoDraw = False
96.1413 	EXP 	text: autoDraw = False
96.1413 	EXP 	text: foreColor = <psychopy.colors.Color: blue, alpha=1.0>
96.1413 	EXP 	text: text = 'RED'
96.1413 	EXP 	fixation: autoDraw = True
96.2591 	EXP 	Device response: <KeyPress from None: t=96.11514899999997, value=r, duration=0.1291160000000673>
96.6246 	INFO 	Keyboard events cleared
96.6245 	EXP 	fixation: autoDraw = False
96.6245 	EXP 	text: autoDraw = True
96.9257 	EXP 	Device response: <KeyPress from None: t=96.91841880000015, value=b, duration=None>
96.9261 	EXP 	New trial (rep=20, index=1): <Trial 81 (1 in rep 20) data={'word': 'BLUE ', 'colour': 'blue', 'stim_condition': 'C', 'correct_res': 'b', 'thisN': 81, 'thisTrialN': 1, 'thisRepN': 20}>
96.9304 	DATA 	Keypress: b
96.9415 	EXP 	fixation: autoDraw = False
96.9415 	EXP 	text: autoDraw = False
96.9415 	EXP 	text: foreColor = <psychopy.colors.Color: blue, alpha=1.0>
96.9415 	EXP 	text: height = np.float64(0.05)
96.9415 	EXP 	text: height = np.float64(0.05)
96.9415 	EXP 	text: height = np.float64(0.05)
96.9415 	EXP 	text: text = 'BLUE '
96.9415 	EXP 	fixation: autoDraw = True
97.1084 	EXP 	Device response: <KeyPress from None: t=96.91841880000015, value=b, duration=0.1788830999998936>
97.4246 	INFO 	Keyboard events cleared
97.4245 	EXP 	fixation: autoDraw = False
97.4245 	EXP 	text: autoDraw = True
98.2752 	EXP 	Device response: <KeyPress from None: t=98.26497300000005, value=b, duration=None>
98.2755 	EXP 	New trial (rep=20, index=2): <Trial 82 (2 in rep 20) data={'word': 'BLUE ', 'colour': 'red', 'stim_condition': 'I', 'correct_res': 'r', 'thisN': 82, 'thisTrialN': 2, 'thisRepN': 20}>
98.2771 	DATA 	Keypress: b
98.2914 	EXP 	fixation: autoDraw = False
98.2914 	EXP 	text: autoDraw = False
98.2914 	EXP 	text: foreColor = <psychopy.colors.Color: red, alpha=1.0>
98.2914 	EXP 	text: text = 'BLUE '
98.2914 	EXP 	fixation: autoDraw = True
98.4251 	EXP 	Device response: <KeyPress from None: t=98.26497300000005, value=b, duration=0.14509990000010475>
98.7751 	INFO 	Keyboard events cleared
98.7749 	EXP 	fixation: autoDraw = False
98.7749 	EXP 	text: autoDraw = True
99.4090 	EXP 	Device response: <KeyPress from None: t=99.40836960000001, value=r, duration=None>
99.4094 	EXP 	New trial (rep=20, index=3): <Trial 83 (3 in rep 20) data={'word': 'RED', 'colour': 'red', 'stim_condition': 'C', 'correct_res': 'r', 'thisN': 83, 'thisTrialN': 3, 'thisRepN': 20}>
99.4135 	DATA 	Keypress: r
99.4245 	EXP 	fixation: autoDraw = False
99.4245 	EXP 	text: autoDraw = False
99.4245 	EXP 	text: foreColor = <psychopy.colors.Color: red, alpha=1.0>
99.4245 	EXP 	text: height = np.float64(0.05)
99.4245 	EXP 	text: height = np.float64(0.05)
99.4245 	EXP 	text: height = np.float64(0.05)
99.4245 	EXP 	text: text = 'RED'
99.4245 	EXP 	fixation: autoDraw = True
99.6086 	EXP 	Device response: <KeyPress from None: t=99.40836960000001, value=r, duration=0.18475250000005872>
99.9248 	INFO 	Keyboard events cleared
99.9247 	EXP 	fixation: autoDraw = False
99.9247 	EXP 	text: autoDraw = True
100.5085 	EXP 	Device response: <KeyPress from None: t=100.50535080000009, value=r, duration=None>
100.5089 	EXP 	New trial (rep=21, index=0): <Trial 84 (0 in rep 21) data={'word': 'RED', 'colour': 'red', 'stim_condition': 'C', 'correct_res': 'r', 'thisN': 84, 'thisTrialN': 0, 'thisRepN': 21}>
100.5106 	DATA 	Keypress: r
100.5245 	EXP 	fixation: autoDraw = False
100.5245 	EXP 	text: autoDraw = False
100.5245 	EXP 	text: foreColor = <psychopy.colors.Color: red, alpha=1.0>
100.5245 	EXP 	text: text = 'RED'
100.5245 	EXP 	fixation: autoDraw = True
100.6749 	EXP 	Device response: <KeyPress from None: t=100.50535080000009, value=r, duration=0.16641709999998966>
101.0084 	INFO 	Keyboard events cleared
101.0083 	EXP 	fixation: autoDraw = False
101.0083 	EXP 	text: autoDraw = True
101.6751 	EXP 	Device response: <KeyPress from None: t=101.66551860000004, value=r, duration=None>
101.6755 	EXP 	New trial (rep=21, index=1): <Trial 85 (1 in rep 21) data={'word': 'BLUE ', 'colour': 'red', 'stim_condition': 'I', 'correct_res': 'r', 'thisN': 85, 'thisTrialN': 1, 'thisRepN': 21}>
101.6800 	DATA 	Keypress: r
101.6916 	EXP 	fixation: autoDraw = False
101.6916 	EXP 	text: autoDraw = False
101.6916 	EXP 	text: foreColor = <psychopy.colors.Color: red, alpha=1.0>
101.6916 	EXP 	text: height = np.float64(0.05)
101.6916 	EXP 	text: height = np.float64(0.05)
101.6916 	EXP 	text: height = np.float64(0.05)
101.6916 	EXP 	text: text = 'BLUE '
101.6916 	EXP 	fixation: autoDraw = True
101.8416 	EXP 	Device response: <KeyPress from None: t=101.66551860000004, value=r, duration=0.17282479999994393>
102.1749 	INFO 	Keyboard events cleared
102.1748 	EXP 	fixation: autoDraw = False
102.1748 	EXP 	text: autoDraw = True
103.4417 	EXP 	Device response: <KeyPress from None: t=103.43904380000004, value=r, duration=None>
103.4420 	EXP 	New trial (rep=21, index=2): <Trial 86 (2 in rep 21) data={'word': 'RED', 'colour': 'blue', 'stim_condition': 'I', 'correct_res': 'b', 'thisN': 86, 'thisTrialN': 2, 'thisRepN': 21}>
103.4462 	DATA 	Keypress: r
103.4581 	EXP 	fixation: autoDraw = False
103.4581 	EXP 	text: autoDraw = False
103.4581 	EXP 	text: foreColor = <psychopy.colors.Color: blue, alpha=1.0>
103.4581 	EXP 	text: height = np.float64(0.05)
103.4581 	EXP 	text: height = np.float64(0.05)
103.4581 	EXP 	text: height = np.float64(0.05)
103.4581 	EXP 	text: text = 'RED'
103.4581 	EXP 	fixation: autoDraw = True
103.5919 	EXP 	Device response: <KeyPress from None: t=103.43904380000004, value=r, duration=0.13914649999992434>
103.9415 	INFO 	Keyboard events cleared
103.9414 	EXP 	fixation: autoDraw = False
103.9414 	EXP 	text: autoDraw = True
104.9913 	EXP 	Device response: <KeyPress from None: t=104.9880647, value=b, duration=None>
104.9916 	EXP 	New trial (rep=21, index=3): <Trial 87 (3 in rep 21) data={'word': 'BLUE ', 'colour': 'blue', 'stim_condition': 'C', 'correct_res': 'b', 'thisN': 87, 'thisTrialN': 3, 'thisRepN': 21}>
104.9957 	DATA 	Keypress: b
105.0081 	EXP 	fixation: autoDraw = False
105.0081 	EXP 	text: autoDraw = False
105.0081 	EXP 	text: foreColor = <psychopy.colors.Color: blue, alpha=1.0>
105.0081 	EXP 	text: height = np.float64(0.05)
105.0081 	EXP 	text: height = np.float64(0.05)
105.0081 	EXP 	text: height = np.float64(0.05)
105.0081 	EXP 	text: text = 'BLUE '
105.0081 	EXP 	fixation: autoDraw = True
105.1419 	EXP 	Device response: <KeyPress from None: t=104.9880647, value=b, duration=0.13874469999996109>
105.4917 	INFO 	Keyboard events cleared
105.4915 	EXP 	fixation: autoDraw = False
105.4915 	EXP 	text: autoDraw = True
106.3596 	DATA 	Keypress: b
106.3753 	EXP 	Device response: <KeyPress from None: t=106.35888420000015, value=b, duration=None>
106.3756 	EXP 	New trial (rep=22, index=0): <Trial 88 (0 in rep 22) data={'word': 'BLUE ', 'colour': 'red', 'stim_condition': 'I', 'correct_res': 'r', 'thisN': 88, 'thisTrialN': 0, 'thisRepN': 22}>
106.3916 	EXP 	fixation: autoDraw = False
106.3916 	EXP 	text: autoDraw = False
106.3916 	EXP 	text: foreColor = <psychopy.colors.Color: red, alpha=1.0>
106.3916 	EXP 	text: text = 'BLUE '
106.3916 	EXP 	fixation: autoDraw = True
106.5251 	EXP 	Device response: <KeyPress from None: t=106.35888420000015, value=b, duration=0.1657498999998097>
106.8750 	INFO 	Keyboard events cleared
106.8748 	EXP 	fixation: autoDraw = False
106.8748 	EXP 	text: autoDraw = True
107.4754 	EXP 	Device response: <KeyPress from None: t=107.46019350000006, value=r, duration=None>
107.4758 	EXP 	New trial (rep=22, index=1): <Trial 89 (1 in rep 22) data={'word': 'RED', 'colour': 'blue', 'stim_condition': 'I', 'correct_res': 'b', 'thisN': 89, 'thisTrialN': 1, 'thisRepN': 22}>
107.4798 	DATA 	Keypress: r
107.4913 	EXP 	fixation: autoDraw = False
107.4913 	EXP 	text: autoDraw = False
107.4913 	EXP 	text: foreColor = <psychopy.colors.Color: blue, alpha=1.0>
107.4913 	EXP 	text: height = np.float64(0.05)
107.4913 	EXP 	text: height = np.float64(0.05)
107.4913 	EXP 	text: height = np.float64(0.05)
107.4913 	EXP 	text: text = 'RED'
107.4913 	EXP 	fixation: autoDraw = True
107.6251 	EXP 	Device response: <KeyPress from None: t=107.46019350000006, value=r, duration=0.1514566000000741>
107.9749 	INFO 	Keyboard events cleared
107.9747 	EXP 	fixation: autoDraw = False
107.9747 	EXP 	text: autoDraw = True
108.5420 	EXP 	Device response: <KeyPress from None: t=108.53020749999996, value=b, duration=None>
108.5423 	EXP 	New trial (rep=22, index=2): <Trial 90 (2 in rep 22) data={'word': 'BLUE ', 'colour': 'blue', 'stim_condition': 'C', 'correct_res': 'b', 'thisN': 90, 'thisTrialN': 2, 'thisRepN': 22}>
108.5466 	DATA 	Keypress: b
108.5580 	EXP 	fixation: autoDraw = False
108.5580 	EXP 	text: autoDraw = False
108.5580 	EXP 	text: foreColor = <psychopy.colors.Color: blue, alpha=1.0>
108.5580 	EXP 	text: height = np.float64(0.05)
108.5580 	EXP 	text: height = np.float64(0.05)
108.5580 	EXP 	text: height = np.float64(0.05)
108.5580 	EXP 	text: text = 'BLUE '
108.5580 	EXP 	fixation: autoDraw = True
108.6587 	EXP 	Device response: <KeyPress from None: t=108.53020749999996, value=b, duration=0.1239204000000882>
109.0414 	INFO 	Keyboard events cleared
109.0412 	EXP 	fixation: autoDraw = False
109.0412 	EXP 	text: autoDraw = True
109.6586 	EXP 	Device response: <KeyPress from None: t=109.64393380000001, value=b, duration=None>
109.6589 	EXP 	New trial (rep=22, index=3): <Trial 91 (3 in rep 22) data={'word': 'RED', 'colour': 'red', 'stim_condition': 'C', 'correct_res': 'r', 'thisN': 91, 'thisTrialN': 3, 'thisRepN': 22}>
109.6628 	DATA 	Keypress: b
109.6747 	EXP 	fixation: autoDraw = False
109.6747 	EXP 	text: autoDraw = False
109.6747 	EXP 	text: foreColor = <psychopy.colors.Color: red, alpha=1.0>
109.6747 	EXP 	text: height = np.float64(0.05)
109.6747 	EXP 	text: height = np.float64(0.05)
109.6747 	EXP 	text: height = np.float64(0.05)
109.6747 	EXP 	text: text = 'RED'
109.6747 	EXP 	fixation: autoDraw = True
109.7923 	EXP 	Device response: <KeyPress from None: t=109.64393380000001, value=b, duration=0.14441000000010717>
110.1582 	INFO 	Keyboard events cleared
110.1580 	EXP 	fixation: autoDraw = False
110.1580 	EXP 	text: autoDraw = True
110.8420 	EXP 	Device response: <KeyPress from None: t=110.83509240000012, value=r, duration=None>
110.8423 	EXP 	New trial (rep=23, index=0): <Trial 92 (0 in rep 23) data={'word': 'BLUE ', 'colour': 'red', 'stim_condition': 'I', 'correct_res': 'r', 'thisN': 92, 'thisTrialN': 0, 'thisRepN': 23}>
110.8468 	DATA 	Keypress: r
110.8581 	EXP 	fixation: autoDraw = False
110.8581 	EXP 	text: autoDraw = False
110.8581 	EXP 	text: foreColor = <psychopy.colors.Color: red, alpha=1.0>
110.8581 	EXP 	text: height = np.float64(0.05)
110.8581 	EXP 	text: height = np.float64(0.05)
110.8581 	EXP 	text: height = np.float64(0.05)
110.8581 	EXP 	text: text = 'BLUE '
110.8581 	EXP 	fixation: autoDraw = True
110.9929 	EXP 	Device response: <KeyPress from None: t=110.83509240000012, value=r, duration=0.15231070000004365>
111.3414 	INFO 	Keyboard events cleared
111.3412 	EXP 	fixation: autoDraw = False
111.3412 	EXP 	text: autoDraw = True
112.6582 	EXP 	Device response: <KeyPress from None: t=112.6479577, value=r, duration=None>
112.6586 	EXP 	New trial (rep=23, index=1): <Trial 93 (1 in rep 23) data={'word': 'BLUE ', 'colour': 'blue', 'stim_condition': 'C', 'correct_res': 'b', 'thisN': 93, 'thisTrialN': 1, 'thisRepN': 23}>
112.6603 	DATA 	Keypress: r
112.6750 	EXP 	fixation: autoDraw = False
112.6750 	EXP 	text: autoDraw = False
112.6750 	EXP 	text: foreColor = <psychopy.colors.Color: blue, alpha=1.0>
112.6750 	EXP 	text: text = 'BLUE '
112.6750 	EXP 	fixation: autoDraw = True
112.8415 	EXP 	Device response: <KeyPress from None: t=112.6479577, value=r, duration=0.17827729999999065>
113.1583 	INFO 	Keyboard events cleared
113.1581 	EXP 	fixation: autoDraw = False
113.1581 	EXP 	text: autoDraw = True
113.7416 	EXP 	Device response: <KeyPress from None: t=113.72640640000009, value=b, duration=None>
113.7420 	EXP 	New trial (rep=23, index=2): <Trial 94 (2 in rep 23) data={'word': 'RED', 'colour': 'blue', 'stim_condition': 'I', 'correct_res': 'b', 'thisN': 94, 'thisTrialN': 2, 'thisRepN': 23}>
113.7459 	DATA 	Keypress: b
113.7582 	EXP 	fixation: autoDraw = False
113.7582 	EXP 	text: autoDraw = False
113.7582 	EXP 	text: foreColor = <psychopy.colors.Color: blue, alpha=1.0>
113.7582 	EXP 	text: height = np.float64(0.05)
113.7582 	EXP 	text: height = np.float64(0.05)
113.7582 	EXP 	text: height = np.float64(0.05)
113.7582 	EXP 	text: text = 'RED'
113.7582 	EXP 	fixation: autoDraw = True
113.8751 	EXP 	Device response: <KeyPress from None: t=113.72640640000009, value=b, duration=0.13695439999992232>
114.2416 	INFO 	Keyboard events cleared
114.2414 	EXP 	fixation: autoDraw = False
114.2414 	EXP 	text: autoDraw = True
114.9251 	EXP 	Device response: <KeyPress from None: t=114.91491870000004, value=b, duration=None>
114.9255 	EXP 	New trial (rep=23, index=3): <Trial 95 (3 in rep 23) data={'word': 'RED', 'colour': 'red', 'stim_condition': 'C', 'correct_res': 'r', 'thisN': 95, 'thisTrialN': 3, 'thisRepN': 23}>
114.9271 	DATA 	Keypress: b
114.9418 	EXP 	fixation: autoDraw = False
114.9418 	EXP 	text: autoDraw = False
114.9418 	EXP 	text: foreColor = <psychopy.colors.Color: red, alpha=1.0>
114.9418 	EXP 	text: text = 'RED'
114.9418 	EXP 	fixation: autoDraw = True
115.0753 	EXP 	Device response: <KeyPress from None: t=114.91491870000004, value=b, duration=0.15771040000004177>
115.4249 	INFO 	Keyboard events cleared
115.4247 	EXP 	fixation: autoDraw = False
115.4247 	EXP 	text: autoDraw = True
115.9083 	EXP 	Device response: <KeyPress from None: t=115.89428100000009, value=r, duration=None>
115.9086 	EXP 	New trial (rep=24, index=0): <Trial 96 (0 in rep 24) data={'word': 'RED', 'colour': 'blue', 'stim_condition': 'I', 'correct_res': 'b', 'thisN': 96, 'thisTrialN': 0, 'thisRepN': 24}>
115.9104 	DATA 	Keypress: r
115.9245 	EXP 	fixation: autoDraw = False
115.9245 	EXP 	text: autoDraw = False
115.9245 	EXP 	text: foreColor = <psychopy.colors.Color: blue, alpha=1.0>
115.9245 	EXP 	text: text = 'RED'
115.9245 	EXP 	fixation: autoDraw = True
116.0922 	EXP 	Device response: <KeyPress from None: t=115.89428100000009, value=r, duration=0.19145239999988917>
116.4086 	INFO 	Keyboard events cleared
116.4085 	EXP 	fixation: autoDraw = False
116.4085 	EXP 	text: autoDraw = True
116.9086 	EXP 	Device response: <KeyPress from None: t=116.89948030000005, value=b, duration=None>
116.9090 	EXP 	New trial (rep=24, index=1): <Trial 97 (1 in rep 24) data={'word': 'RED', 'colour': 'red', 'stim_condition': 'C', 'correct_res': 'r', 'thisN': 97, 'thisTrialN': 1, 'thisRepN': 24}>
116.9106 	DATA 	Keypress: b
116.9246 	EXP 	fixation: autoDraw = False
116.9246 	EXP 	text: autoDraw = False
116.9246 	EXP 	text: foreColor = <psychopy.colors.Color: red, alpha=1.0>
116.9246 	EXP 	text: text = 'RED'
116.9246 	EXP 	fixation: autoDraw = True
117.0420 	EXP 	Device response: <KeyPress from None: t=116.89948030000005, value=b, duration=0.1272750000000542>
117.4083 	INFO 	Keyboard events cleared
117.4082 	EXP 	fixation: autoDraw = False
117.4082 	EXP 	text: autoDraw = True
117.9581 	EXP 	Device response: <KeyPress from None: t=117.95115750000014, value=r, duration=None>
117.9584 	EXP 	New trial (rep=24, index=2): <Trial 98 (2 in rep 24) data={'word': 'BLUE ', 'colour': 'blue', 'stim_condition': 'C', 'correct_res': 'b', 'thisN': 98, 'thisTrialN': 2, 'thisRepN': 24}>
117.9628 	DATA 	Keypress: r
117.9749 	EXP 	fixation: autoDraw = False
117.9749 	EXP 	text: autoDraw = False
117.9749 	EXP 	text: foreColor = <psychopy.colors.Color: blue, alpha=1.0>
117.9749 	EXP 	text: height = np.float64(0.05)
117.9749 	EXP 	text: height = np.float64(0.05)
117.9749 	EXP 	text: height = np.float64(0.05)
117.9749 	EXP 	text: text = 'BLUE '
117.9749 	EXP 	fixation: autoDraw = True
118.1084 	EXP 	Device response: <KeyPress from None: t=117.95115750000014, value=r, duration=0.14400690000002214>
118.4586 	INFO 	Keyboard events cleared
118.4585 	EXP 	fixation: autoDraw = False
118.4585 	EXP 	text: autoDraw = True
119.2085 	EXP 	Device response: <KeyPress from None: t=119.19679689999998, value=b, duration=None>
119.2089 	EXP 	New trial (rep=24, index=3): <Trial 99 (3 in rep 24) data={'word': 'BLUE ', 'colour': 'red', 'stim_condition': 'I', 'correct_res': 'r', 'thisN': 99, 'thisTrialN': 3, 'thisRepN': 24}>
119.2105 	DATA 	Keypress: b
119.2248 	EXP 	fixation: autoDraw = False
119.2248 	EXP 	text: autoDraw = False
119.2248 	EXP 	text: foreColor = <psychopy.colors.Color: red, alpha=1.0>
119.2248 	EXP 	text: text = 'BLUE '
119.2248 	EXP 	fixation: autoDraw = True
119.3593 	EXP 	Device response: <KeyPress from None: t=119.19679689999998, value=b, duration=0.15544390000013664>
119.7084 	INFO 	Keyboard events cleared
119.7083 	EXP 	fixation: autoDraw = False
119.7083 	EXP 	text: autoDraw = True
120.1754 	EXP 	Device response: <KeyPress from None: t=120.16698210000004, value=b, duration=None>
120.1780 	DATA 	Keypress: b
120.1914 	EXP 	fixation: autoDraw = False
120.1914 	EXP 	text: autoDraw = False
120.1914 	EXP 	text_3: autoDraw = True
120.3918 	EXP 	Device response: <KeyPress from None: t=120.16698210000004, value=b, duration=0.211755999999923>
120.8918 	EXP 	Device response: <KeyPress from None: t=120.87760430000003, value=b, duration=None>
120.8929 	DATA 	Keypress: b
121.0418 	EXP 	Device response: <KeyPress from None: t=120.87760430000003, value=b, duration=0.1610345999999936>
121.1912 	EXP 	text_3: autoDraw = False
121.1912 	EXP 	text_3: autoDraw = False
121.1914 	EXP 	stroop: status = STOPPED
121.2358 	INFO 	saved data to 'C:\\Users\\DELL\\Desktop\\PSYCHOPY\\STROOP\\data\\023_stroop_2025-08-22_17h39.10.572.csv'
121.2392 	INFO 	saved data to C:\Users\DELL\Desktop\PSYCHOPY\STROOP\data\023_stroop_2025-08-22_17h39.10.572.psydat
121.6070 	WARNING 	Stopping key buffers but this could be dangerous ifother keyboards rely on the same.
121.6418 	WARNING 	Stopping key buffers but this could be dangerous ifother keyboards rely on the same.
